[2023-03-06 23:50:56,992] {processor.py:153} INFO - Started process (PID=21800) to work on /home/gabriel/Documents/projetos/apache-airflow/alura-apache-airflow-orquestrando-primeiro-pipeline-dados/airflow-alura/venv/lib/python3.9/site-packages/airflow/example_dags/example_external_task_marker_dag.py
[2023-03-06 23:50:56,993] {processor.py:641} INFO - Processing file /home/gabriel/Documents/projetos/apache-airflow/alura-apache-airflow-orquestrando-primeiro-pipeline-dados/airflow-alura/venv/lib/python3.9/site-packages/airflow/example_dags/example_external_task_marker_dag.py for tasks to queue
[2023-03-06 23:50:56,995] {logging_mixin.py:115} INFO - [2023-03-06 23:50:56,994] {dagbag.py:507} INFO - Filling up the DagBag from /home/gabriel/Documents/projetos/apache-airflow/alura-apache-airflow-orquestrando-primeiro-pipeline-dados/airflow-alura/venv/lib/python3.9/site-packages/airflow/example_dags/example_external_task_marker_dag.py
[2023-03-06 23:50:57,005] {processor.py:651} INFO - DAG(s) dict_keys(['example_external_task_marker_parent', 'example_external_task_marker_child']) retrieved from /home/gabriel/Documents/projetos/apache-airflow/alura-apache-airflow-orquestrando-primeiro-pipeline-dados/airflow-alura/venv/lib/python3.9/site-packages/airflow/example_dags/example_external_task_marker_dag.py
[2023-03-06 23:50:57,081] {logging_mixin.py:115} INFO - [2023-03-06 23:50:57,081] {manager.py:508} INFO - Created Permission View: can read on DAG:example_external_task_marker_parent
[2023-03-06 23:50:57,095] {logging_mixin.py:115} INFO - [2023-03-06 23:50:57,095] {manager.py:508} INFO - Created Permission View: can edit on DAG:example_external_task_marker_parent
[2023-03-06 23:50:57,107] {logging_mixin.py:115} INFO - [2023-03-06 23:50:57,106] {manager.py:508} INFO - Created Permission View: can delete on DAG:example_external_task_marker_parent
[2023-03-06 23:50:57,140] {logging_mixin.py:115} INFO - [2023-03-06 23:50:57,140] {manager.py:508} INFO - Created Permission View: can read on DAG:example_external_task_marker_child
[2023-03-06 23:50:57,150] {logging_mixin.py:115} INFO - [2023-03-06 23:50:57,150] {manager.py:508} INFO - Created Permission View: can edit on DAG:example_external_task_marker_child
[2023-03-06 23:50:57,160] {logging_mixin.py:115} INFO - [2023-03-06 23:50:57,160] {manager.py:508} INFO - Created Permission View: can delete on DAG:example_external_task_marker_child
[2023-03-06 23:50:57,160] {logging_mixin.py:115} INFO - [2023-03-06 23:50:57,160] {dag.py:2379} INFO - Sync 2 DAGs
[2023-03-06 23:50:57,169] {logging_mixin.py:115} INFO - [2023-03-06 23:50:57,169] {dag.py:2398} INFO - Creating ORM DAG for example_external_task_marker_parent
[2023-03-06 23:50:57,169] {logging_mixin.py:115} INFO - [2023-03-06 23:50:57,169] {dag.py:2398} INFO - Creating ORM DAG for example_external_task_marker_child
[2023-03-06 23:50:57,181] {logging_mixin.py:115} INFO - [2023-03-06 23:50:57,181] {dag.py:2927} INFO - Setting next_dagrun for example_external_task_marker_child to None, run_after=None
[2023-03-06 23:50:57,181] {logging_mixin.py:115} INFO - [2023-03-06 23:50:57,181] {dag.py:2927} INFO - Setting next_dagrun for example_external_task_marker_parent to None, run_after=None
[2023-03-06 23:50:57,201] {processor.py:161} INFO - Processing /home/gabriel/Documents/projetos/apache-airflow/alura-apache-airflow-orquestrando-primeiro-pipeline-dados/airflow-alura/venv/lib/python3.9/site-packages/airflow/example_dags/example_external_task_marker_dag.py took 0.219 seconds
[2023-03-06 23:51:32,586] {processor.py:153} INFO - Started process (PID=21848) to work on /home/gabriel/Documents/projetos/apache-airflow/alura-apache-airflow-orquestrando-primeiro-pipeline-dados/airflow-alura/venv/lib/python3.9/site-packages/airflow/example_dags/example_external_task_marker_dag.py
[2023-03-06 23:51:32,590] {processor.py:641} INFO - Processing file /home/gabriel/Documents/projetos/apache-airflow/alura-apache-airflow-orquestrando-primeiro-pipeline-dados/airflow-alura/venv/lib/python3.9/site-packages/airflow/example_dags/example_external_task_marker_dag.py for tasks to queue
[2023-03-06 23:51:32,592] {logging_mixin.py:115} INFO - [2023-03-06 23:51:32,592] {dagbag.py:507} INFO - Filling up the DagBag from /home/gabriel/Documents/projetos/apache-airflow/alura-apache-airflow-orquestrando-primeiro-pipeline-dados/airflow-alura/venv/lib/python3.9/site-packages/airflow/example_dags/example_external_task_marker_dag.py
[2023-03-06 23:51:32,614] {processor.py:651} INFO - DAG(s) dict_keys(['example_external_task_marker_parent', 'example_external_task_marker_child']) retrieved from /home/gabriel/Documents/projetos/apache-airflow/alura-apache-airflow-orquestrando-primeiro-pipeline-dados/airflow-alura/venv/lib/python3.9/site-packages/airflow/example_dags/example_external_task_marker_dag.py
[2023-03-06 23:51:32,668] {logging_mixin.py:115} INFO - [2023-03-06 23:51:32,668] {dag.py:2379} INFO - Sync 2 DAGs
[2023-03-06 23:51:32,686] {logging_mixin.py:115} INFO - [2023-03-06 23:51:32,686] {dag.py:2927} INFO - Setting next_dagrun for example_external_task_marker_child to None, run_after=None
[2023-03-06 23:51:32,686] {logging_mixin.py:115} INFO - [2023-03-06 23:51:32,686] {dag.py:2927} INFO - Setting next_dagrun for example_external_task_marker_parent to None, run_after=None
[2023-03-06 23:51:32,702] {processor.py:161} INFO - Processing /home/gabriel/Documents/projetos/apache-airflow/alura-apache-airflow-orquestrando-primeiro-pipeline-dados/airflow-alura/venv/lib/python3.9/site-packages/airflow/example_dags/example_external_task_marker_dag.py took 0.130 seconds
[2023-03-06 23:52:07,775] {processor.py:153} INFO - Started process (PID=22053) to work on /home/gabriel/Documents/projetos/apache-airflow/alura-apache-airflow-orquestrando-primeiro-pipeline-dados/airflow-alura/venv/lib/python3.9/site-packages/airflow/example_dags/example_external_task_marker_dag.py
[2023-03-06 23:52:07,776] {processor.py:641} INFO - Processing file /home/gabriel/Documents/projetos/apache-airflow/alura-apache-airflow-orquestrando-primeiro-pipeline-dados/airflow-alura/venv/lib/python3.9/site-packages/airflow/example_dags/example_external_task_marker_dag.py for tasks to queue
[2023-03-06 23:52:07,777] {logging_mixin.py:115} INFO - [2023-03-06 23:52:07,777] {dagbag.py:507} INFO - Filling up the DagBag from /home/gabriel/Documents/projetos/apache-airflow/alura-apache-airflow-orquestrando-primeiro-pipeline-dados/airflow-alura/venv/lib/python3.9/site-packages/airflow/example_dags/example_external_task_marker_dag.py
[2023-03-06 23:52:07,784] {processor.py:651} INFO - DAG(s) dict_keys(['example_external_task_marker_parent', 'example_external_task_marker_child']) retrieved from /home/gabriel/Documents/projetos/apache-airflow/alura-apache-airflow-orquestrando-primeiro-pipeline-dados/airflow-alura/venv/lib/python3.9/site-packages/airflow/example_dags/example_external_task_marker_dag.py
[2023-03-06 23:52:07,811] {logging_mixin.py:115} INFO - [2023-03-06 23:52:07,811] {dag.py:2379} INFO - Sync 2 DAGs
[2023-03-06 23:52:07,824] {logging_mixin.py:115} INFO - [2023-03-06 23:52:07,824] {dag.py:2927} INFO - Setting next_dagrun for example_external_task_marker_child to None, run_after=None
[2023-03-06 23:52:07,825] {logging_mixin.py:115} INFO - [2023-03-06 23:52:07,825] {dag.py:2927} INFO - Setting next_dagrun for example_external_task_marker_parent to None, run_after=None
[2023-03-06 23:52:07,837] {processor.py:161} INFO - Processing /home/gabriel/Documents/projetos/apache-airflow/alura-apache-airflow-orquestrando-primeiro-pipeline-dados/airflow-alura/venv/lib/python3.9/site-packages/airflow/example_dags/example_external_task_marker_dag.py took 0.067 seconds
[2023-03-06 23:52:44,206] {processor.py:153} INFO - Started process (PID=22204) to work on /home/gabriel/Documents/projetos/apache-airflow/alura-apache-airflow-orquestrando-primeiro-pipeline-dados/airflow-alura/venv/lib/python3.9/site-packages/airflow/example_dags/example_external_task_marker_dag.py
[2023-03-06 23:52:44,212] {processor.py:641} INFO - Processing file /home/gabriel/Documents/projetos/apache-airflow/alura-apache-airflow-orquestrando-primeiro-pipeline-dados/airflow-alura/venv/lib/python3.9/site-packages/airflow/example_dags/example_external_task_marker_dag.py for tasks to queue
[2023-03-06 23:52:44,214] {logging_mixin.py:115} INFO - [2023-03-06 23:52:44,213] {dagbag.py:507} INFO - Filling up the DagBag from /home/gabriel/Documents/projetos/apache-airflow/alura-apache-airflow-orquestrando-primeiro-pipeline-dados/airflow-alura/venv/lib/python3.9/site-packages/airflow/example_dags/example_external_task_marker_dag.py
[2023-03-06 23:52:44,232] {processor.py:651} INFO - DAG(s) dict_keys(['example_external_task_marker_parent', 'example_external_task_marker_child']) retrieved from /home/gabriel/Documents/projetos/apache-airflow/alura-apache-airflow-orquestrando-primeiro-pipeline-dados/airflow-alura/venv/lib/python3.9/site-packages/airflow/example_dags/example_external_task_marker_dag.py
[2023-03-06 23:52:44,275] {logging_mixin.py:115} INFO - [2023-03-06 23:52:44,275] {dag.py:2379} INFO - Sync 2 DAGs
[2023-03-06 23:52:44,291] {logging_mixin.py:115} INFO - [2023-03-06 23:52:44,290] {dag.py:2927} INFO - Setting next_dagrun for example_external_task_marker_child to None, run_after=None
[2023-03-06 23:52:44,291] {logging_mixin.py:115} INFO - [2023-03-06 23:52:44,291] {dag.py:2927} INFO - Setting next_dagrun for example_external_task_marker_parent to None, run_after=None
[2023-03-06 23:52:44,303] {processor.py:161} INFO - Processing /home/gabriel/Documents/projetos/apache-airflow/alura-apache-airflow-orquestrando-primeiro-pipeline-dados/airflow-alura/venv/lib/python3.9/site-packages/airflow/example_dags/example_external_task_marker_dag.py took 0.109 seconds
[2023-03-06 23:53:19,065] {processor.py:153} INFO - Started process (PID=22257) to work on /home/gabriel/Documents/projetos/apache-airflow/alura-apache-airflow-orquestrando-primeiro-pipeline-dados/airflow-alura/venv/lib/python3.9/site-packages/airflow/example_dags/example_external_task_marker_dag.py
[2023-03-06 23:53:19,068] {processor.py:641} INFO - Processing file /home/gabriel/Documents/projetos/apache-airflow/alura-apache-airflow-orquestrando-primeiro-pipeline-dados/airflow-alura/venv/lib/python3.9/site-packages/airflow/example_dags/example_external_task_marker_dag.py for tasks to queue
[2023-03-06 23:53:19,070] {logging_mixin.py:115} INFO - [2023-03-06 23:53:19,069] {dagbag.py:507} INFO - Filling up the DagBag from /home/gabriel/Documents/projetos/apache-airflow/alura-apache-airflow-orquestrando-primeiro-pipeline-dados/airflow-alura/venv/lib/python3.9/site-packages/airflow/example_dags/example_external_task_marker_dag.py
[2023-03-06 23:53:19,078] {processor.py:651} INFO - DAG(s) dict_keys(['example_external_task_marker_parent', 'example_external_task_marker_child']) retrieved from /home/gabriel/Documents/projetos/apache-airflow/alura-apache-airflow-orquestrando-primeiro-pipeline-dados/airflow-alura/venv/lib/python3.9/site-packages/airflow/example_dags/example_external_task_marker_dag.py
[2023-03-06 23:53:19,102] {logging_mixin.py:115} INFO - [2023-03-06 23:53:19,102] {dag.py:2379} INFO - Sync 2 DAGs
[2023-03-06 23:53:19,114] {logging_mixin.py:115} INFO - [2023-03-06 23:53:19,114] {dag.py:2927} INFO - Setting next_dagrun for example_external_task_marker_child to None, run_after=None
[2023-03-06 23:53:19,114] {logging_mixin.py:115} INFO - [2023-03-06 23:53:19,114] {dag.py:2927} INFO - Setting next_dagrun for example_external_task_marker_parent to None, run_after=None
[2023-03-06 23:53:19,126] {processor.py:161} INFO - Processing /home/gabriel/Documents/projetos/apache-airflow/alura-apache-airflow-orquestrando-primeiro-pipeline-dados/airflow-alura/venv/lib/python3.9/site-packages/airflow/example_dags/example_external_task_marker_dag.py took 0.071 seconds
[2023-03-06 23:53:52,525] {processor.py:153} INFO - Started process (PID=22316) to work on /home/gabriel/Documents/projetos/apache-airflow/alura-apache-airflow-orquestrando-primeiro-pipeline-dados/airflow-alura/venv/lib/python3.9/site-packages/airflow/example_dags/example_external_task_marker_dag.py
[2023-03-06 23:53:52,527] {processor.py:641} INFO - Processing file /home/gabriel/Documents/projetos/apache-airflow/alura-apache-airflow-orquestrando-primeiro-pipeline-dados/airflow-alura/venv/lib/python3.9/site-packages/airflow/example_dags/example_external_task_marker_dag.py for tasks to queue
[2023-03-06 23:53:52,528] {logging_mixin.py:115} INFO - [2023-03-06 23:53:52,528] {dagbag.py:507} INFO - Filling up the DagBag from /home/gabriel/Documents/projetos/apache-airflow/alura-apache-airflow-orquestrando-primeiro-pipeline-dados/airflow-alura/venv/lib/python3.9/site-packages/airflow/example_dags/example_external_task_marker_dag.py
[2023-03-06 23:53:52,536] {processor.py:651} INFO - DAG(s) dict_keys(['example_external_task_marker_parent', 'example_external_task_marker_child']) retrieved from /home/gabriel/Documents/projetos/apache-airflow/alura-apache-airflow-orquestrando-primeiro-pipeline-dados/airflow-alura/venv/lib/python3.9/site-packages/airflow/example_dags/example_external_task_marker_dag.py
[2023-03-06 23:53:52,565] {logging_mixin.py:115} INFO - [2023-03-06 23:53:52,564] {dag.py:2379} INFO - Sync 2 DAGs
[2023-03-06 23:53:52,583] {logging_mixin.py:115} INFO - [2023-03-06 23:53:52,583] {dag.py:2927} INFO - Setting next_dagrun for example_external_task_marker_child to None, run_after=None
[2023-03-06 23:53:52,583] {logging_mixin.py:115} INFO - [2023-03-06 23:53:52,583] {dag.py:2927} INFO - Setting next_dagrun for example_external_task_marker_parent to None, run_after=None
[2023-03-06 23:53:52,598] {processor.py:161} INFO - Processing /home/gabriel/Documents/projetos/apache-airflow/alura-apache-airflow-orquestrando-primeiro-pipeline-dados/airflow-alura/venv/lib/python3.9/site-packages/airflow/example_dags/example_external_task_marker_dag.py took 0.078 seconds
