[2023-03-06 23:51:06,009] {processor.py:153} INFO - Started process (PID=21808) to work on /home/gabriel/Documents/projetos/apache-airflow/alura-apache-airflow-orquestrando-primeiro-pipeline-dados/airflow-alura/venv/lib/python3.9/site-packages/airflow/example_dags/example_sla_dag.py
[2023-03-06 23:51:06,009] {processor.py:641} INFO - Processing file /home/gabriel/Documents/projetos/apache-airflow/alura-apache-airflow-orquestrando-primeiro-pipeline-dados/airflow-alura/venv/lib/python3.9/site-packages/airflow/example_dags/example_sla_dag.py for tasks to queue
[2023-03-06 23:51:06,009] {logging_mixin.py:115} INFO - [2023-03-06 23:51:06,009] {dagbag.py:507} INFO - Filling up the DagBag from /home/gabriel/Documents/projetos/apache-airflow/alura-apache-airflow-orquestrando-primeiro-pipeline-dados/airflow-alura/venv/lib/python3.9/site-packages/airflow/example_dags/example_sla_dag.py
[2023-03-06 23:51:06,024] {processor.py:651} INFO - DAG(s) dict_keys(['example_sla_dag']) retrieved from /home/gabriel/Documents/projetos/apache-airflow/alura-apache-airflow-orquestrando-primeiro-pipeline-dados/airflow-alura/venv/lib/python3.9/site-packages/airflow/example_dags/example_sla_dag.py
[2023-03-06 23:51:06,076] {logging_mixin.py:115} INFO - [2023-03-06 23:51:06,076] {manager.py:508} INFO - Created Permission View: can read on DAG:example_sla_dag
[2023-03-06 23:51:06,085] {logging_mixin.py:115} INFO - [2023-03-06 23:51:06,085] {manager.py:508} INFO - Created Permission View: can edit on DAG:example_sla_dag
[2023-03-06 23:51:06,093] {logging_mixin.py:115} INFO - [2023-03-06 23:51:06,093] {manager.py:508} INFO - Created Permission View: can delete on DAG:example_sla_dag
[2023-03-06 23:51:06,093] {logging_mixin.py:115} INFO - [2023-03-06 23:51:06,093] {dag.py:2379} INFO - Sync 1 DAGs
[2023-03-06 23:51:06,100] {logging_mixin.py:115} INFO - [2023-03-06 23:51:06,100] {dag.py:2398} INFO - Creating ORM DAG for example_sla_dag
[2023-03-06 23:51:06,110] {logging_mixin.py:115} INFO - [2023-03-06 23:51:06,110] {dag.py:2927} INFO - Setting next_dagrun for example_sla_dag to 2023-03-07T02:48:00+00:00, run_after=2023-03-07T02:50:00+00:00
[2023-03-06 23:51:06,123] {processor.py:161} INFO - Processing /home/gabriel/Documents/projetos/apache-airflow/alura-apache-airflow-orquestrando-primeiro-pipeline-dados/airflow-alura/venv/lib/python3.9/site-packages/airflow/example_dags/example_sla_dag.py took 0.117 seconds
[2023-03-06 23:51:41,544] {processor.py:153} INFO - Started process (PID=21904) to work on /home/gabriel/Documents/projetos/apache-airflow/alura-apache-airflow-orquestrando-primeiro-pipeline-dados/airflow-alura/venv/lib/python3.9/site-packages/airflow/example_dags/example_sla_dag.py
[2023-03-06 23:51:41,548] {processor.py:641} INFO - Processing file /home/gabriel/Documents/projetos/apache-airflow/alura-apache-airflow-orquestrando-primeiro-pipeline-dados/airflow-alura/venv/lib/python3.9/site-packages/airflow/example_dags/example_sla_dag.py for tasks to queue
[2023-03-06 23:51:41,549] {logging_mixin.py:115} INFO - [2023-03-06 23:51:41,549] {dagbag.py:507} INFO - Filling up the DagBag from /home/gabriel/Documents/projetos/apache-airflow/alura-apache-airflow-orquestrando-primeiro-pipeline-dados/airflow-alura/venv/lib/python3.9/site-packages/airflow/example_dags/example_sla_dag.py
[2023-03-06 23:51:41,570] {processor.py:651} INFO - DAG(s) dict_keys(['example_sla_dag']) retrieved from /home/gabriel/Documents/projetos/apache-airflow/alura-apache-airflow-orquestrando-primeiro-pipeline-dados/airflow-alura/venv/lib/python3.9/site-packages/airflow/example_dags/example_sla_dag.py
[2023-03-06 23:51:41,585] {logging_mixin.py:115} INFO - [2023-03-06 23:51:41,584] {dag.py:2379} INFO - Sync 1 DAGs
[2023-03-06 23:51:41,609] {logging_mixin.py:115} INFO - [2023-03-06 23:51:41,609] {dag.py:2927} INFO - Setting next_dagrun for example_sla_dag to 2023-03-07T02:48:00+00:00, run_after=2023-03-07T02:50:00+00:00
[2023-03-06 23:51:41,631] {processor.py:161} INFO - Processing /home/gabriel/Documents/projetos/apache-airflow/alura-apache-airflow-orquestrando-primeiro-pipeline-dados/airflow-alura/venv/lib/python3.9/site-packages/airflow/example_dags/example_sla_dag.py took 0.091 seconds
[2023-03-06 23:52:16,354] {processor.py:153} INFO - Started process (PID=22062) to work on /home/gabriel/Documents/projetos/apache-airflow/alura-apache-airflow-orquestrando-primeiro-pipeline-dados/airflow-alura/venv/lib/python3.9/site-packages/airflow/example_dags/example_sla_dag.py
[2023-03-06 23:52:16,356] {processor.py:641} INFO - Processing file /home/gabriel/Documents/projetos/apache-airflow/alura-apache-airflow-orquestrando-primeiro-pipeline-dados/airflow-alura/venv/lib/python3.9/site-packages/airflow/example_dags/example_sla_dag.py for tasks to queue
[2023-03-06 23:52:16,358] {logging_mixin.py:115} INFO - [2023-03-06 23:52:16,357] {dagbag.py:507} INFO - Filling up the DagBag from /home/gabriel/Documents/projetos/apache-airflow/alura-apache-airflow-orquestrando-primeiro-pipeline-dados/airflow-alura/venv/lib/python3.9/site-packages/airflow/example_dags/example_sla_dag.py
[2023-03-06 23:52:16,382] {processor.py:651} INFO - DAG(s) dict_keys(['example_sla_dag']) retrieved from /home/gabriel/Documents/projetos/apache-airflow/alura-apache-airflow-orquestrando-primeiro-pipeline-dados/airflow-alura/venv/lib/python3.9/site-packages/airflow/example_dags/example_sla_dag.py
[2023-03-06 23:52:16,395] {logging_mixin.py:115} INFO - [2023-03-06 23:52:16,394] {dag.py:2379} INFO - Sync 1 DAGs
[2023-03-06 23:52:16,410] {logging_mixin.py:115} INFO - [2023-03-06 23:52:16,410] {dag.py:2927} INFO - Setting next_dagrun for example_sla_dag to 2023-03-07T02:50:00+00:00, run_after=2023-03-07T02:52:00+00:00
[2023-03-06 23:52:16,422] {processor.py:161} INFO - Processing /home/gabriel/Documents/projetos/apache-airflow/alura-apache-airflow-orquestrando-primeiro-pipeline-dados/airflow-alura/venv/lib/python3.9/site-packages/airflow/example_dags/example_sla_dag.py took 0.078 seconds
[2023-03-06 23:52:52,765] {processor.py:153} INFO - Started process (PID=22223) to work on /home/gabriel/Documents/projetos/apache-airflow/alura-apache-airflow-orquestrando-primeiro-pipeline-dados/airflow-alura/venv/lib/python3.9/site-packages/airflow/example_dags/example_sla_dag.py
[2023-03-06 23:52:52,770] {processor.py:641} INFO - Processing file /home/gabriel/Documents/projetos/apache-airflow/alura-apache-airflow-orquestrando-primeiro-pipeline-dados/airflow-alura/venv/lib/python3.9/site-packages/airflow/example_dags/example_sla_dag.py for tasks to queue
[2023-03-06 23:52:52,773] {logging_mixin.py:115} INFO - [2023-03-06 23:52:52,772] {dagbag.py:507} INFO - Filling up the DagBag from /home/gabriel/Documents/projetos/apache-airflow/alura-apache-airflow-orquestrando-primeiro-pipeline-dados/airflow-alura/venv/lib/python3.9/site-packages/airflow/example_dags/example_sla_dag.py
[2023-03-06 23:52:52,825] {processor.py:651} INFO - DAG(s) dict_keys(['example_sla_dag']) retrieved from /home/gabriel/Documents/projetos/apache-airflow/alura-apache-airflow-orquestrando-primeiro-pipeline-dados/airflow-alura/venv/lib/python3.9/site-packages/airflow/example_dags/example_sla_dag.py
[2023-03-06 23:52:52,843] {logging_mixin.py:115} INFO - [2023-03-06 23:52:52,843] {dag.py:2379} INFO - Sync 1 DAGs
[2023-03-06 23:52:52,862] {logging_mixin.py:115} INFO - [2023-03-06 23:52:52,862] {dag.py:2927} INFO - Setting next_dagrun for example_sla_dag to 2023-03-07T02:50:00+00:00, run_after=2023-03-07T02:52:00+00:00
[2023-03-06 23:52:52,875] {processor.py:161} INFO - Processing /home/gabriel/Documents/projetos/apache-airflow/alura-apache-airflow-orquestrando-primeiro-pipeline-dados/airflow-alura/venv/lib/python3.9/site-packages/airflow/example_dags/example_sla_dag.py took 0.119 seconds
[2023-03-06 23:53:25,916] {processor.py:153} INFO - Started process (PID=22268) to work on /home/gabriel/Documents/projetos/apache-airflow/alura-apache-airflow-orquestrando-primeiro-pipeline-dados/airflow-alura/venv/lib/python3.9/site-packages/airflow/example_dags/example_sla_dag.py
[2023-03-06 23:53:25,919] {processor.py:641} INFO - Processing file /home/gabriel/Documents/projetos/apache-airflow/alura-apache-airflow-orquestrando-primeiro-pipeline-dados/airflow-alura/venv/lib/python3.9/site-packages/airflow/example_dags/example_sla_dag.py for tasks to queue
[2023-03-06 23:53:25,920] {logging_mixin.py:115} INFO - [2023-03-06 23:53:25,920] {dagbag.py:507} INFO - Filling up the DagBag from /home/gabriel/Documents/projetos/apache-airflow/alura-apache-airflow-orquestrando-primeiro-pipeline-dados/airflow-alura/venv/lib/python3.9/site-packages/airflow/example_dags/example_sla_dag.py
[2023-03-06 23:53:25,943] {processor.py:651} INFO - DAG(s) dict_keys(['example_sla_dag']) retrieved from /home/gabriel/Documents/projetos/apache-airflow/alura-apache-airflow-orquestrando-primeiro-pipeline-dados/airflow-alura/venv/lib/python3.9/site-packages/airflow/example_dags/example_sla_dag.py
[2023-03-06 23:53:25,955] {logging_mixin.py:115} INFO - [2023-03-06 23:53:25,955] {dag.py:2379} INFO - Sync 1 DAGs
[2023-03-06 23:53:25,970] {logging_mixin.py:115} INFO - [2023-03-06 23:53:25,970] {dag.py:2927} INFO - Setting next_dagrun for example_sla_dag to 2023-03-07T02:50:00+00:00, run_after=2023-03-07T02:52:00+00:00
[2023-03-06 23:53:25,981] {processor.py:161} INFO - Processing /home/gabriel/Documents/projetos/apache-airflow/alura-apache-airflow-orquestrando-primeiro-pipeline-dados/airflow-alura/venv/lib/python3.9/site-packages/airflow/example_dags/example_sla_dag.py took 0.075 seconds
