[2023-03-06 23:51:11,370] {processor.py:153} INFO - Started process (PID=21814) to work on /home/gabriel/Documents/projetos/apache-airflow/alura-apache-airflow-orquestrando-primeiro-pipeline-dados/airflow-alura/venv/lib/python3.9/site-packages/airflow/example_dags/example_branch_datetime_operator.py
[2023-03-06 23:51:11,372] {processor.py:641} INFO - Processing file /home/gabriel/Documents/projetos/apache-airflow/alura-apache-airflow-orquestrando-primeiro-pipeline-dados/airflow-alura/venv/lib/python3.9/site-packages/airflow/example_dags/example_branch_datetime_operator.py for tasks to queue
[2023-03-06 23:51:11,376] {logging_mixin.py:115} INFO - [2023-03-06 23:51:11,375] {dagbag.py:507} INFO - Filling up the DagBag from /home/gabriel/Documents/projetos/apache-airflow/alura-apache-airflow-orquestrando-primeiro-pipeline-dados/airflow-alura/venv/lib/python3.9/site-packages/airflow/example_dags/example_branch_datetime_operator.py
[2023-03-06 23:51:11,421] {processor.py:651} INFO - DAG(s) dict_keys(['example_branch_datetime_operator_2']) retrieved from /home/gabriel/Documents/projetos/apache-airflow/alura-apache-airflow-orquestrando-primeiro-pipeline-dados/airflow-alura/venv/lib/python3.9/site-packages/airflow/example_dags/example_branch_datetime_operator.py
[2023-03-06 23:51:11,505] {logging_mixin.py:115} INFO - [2023-03-06 23:51:11,505] {manager.py:508} INFO - Created Permission View: can read on DAG:example_branch_datetime_operator_2
[2023-03-06 23:51:11,515] {logging_mixin.py:115} INFO - [2023-03-06 23:51:11,515] {manager.py:508} INFO - Created Permission View: can edit on DAG:example_branch_datetime_operator_2
[2023-03-06 23:51:11,525] {logging_mixin.py:115} INFO - [2023-03-06 23:51:11,525] {manager.py:508} INFO - Created Permission View: can delete on DAG:example_branch_datetime_operator_2
[2023-03-06 23:51:11,525] {logging_mixin.py:115} INFO - [2023-03-06 23:51:11,525] {dag.py:2379} INFO - Sync 1 DAGs
[2023-03-06 23:51:11,533] {logging_mixin.py:115} INFO - [2023-03-06 23:51:11,533] {dag.py:2398} INFO - Creating ORM DAG for example_branch_datetime_operator_2
[2023-03-06 23:51:11,544] {logging_mixin.py:115} INFO - [2023-03-06 23:51:11,544] {dag.py:2927} INFO - Setting next_dagrun for example_branch_datetime_operator_2 to 2023-03-06T00:00:00+00:00, run_after=2023-03-07T00:00:00+00:00
[2023-03-06 23:51:11,578] {processor.py:161} INFO - Processing /home/gabriel/Documents/projetos/apache-airflow/alura-apache-airflow-orquestrando-primeiro-pipeline-dados/airflow-alura/venv/lib/python3.9/site-packages/airflow/example_dags/example_branch_datetime_operator.py took 0.219 seconds
[2023-03-06 23:51:46,976] {processor.py:153} INFO - Started process (PID=21910) to work on /home/gabriel/Documents/projetos/apache-airflow/alura-apache-airflow-orquestrando-primeiro-pipeline-dados/airflow-alura/venv/lib/python3.9/site-packages/airflow/example_dags/example_branch_datetime_operator.py
[2023-03-06 23:51:46,978] {processor.py:641} INFO - Processing file /home/gabriel/Documents/projetos/apache-airflow/alura-apache-airflow-orquestrando-primeiro-pipeline-dados/airflow-alura/venv/lib/python3.9/site-packages/airflow/example_dags/example_branch_datetime_operator.py for tasks to queue
[2023-03-06 23:51:46,979] {logging_mixin.py:115} INFO - [2023-03-06 23:51:46,979] {dagbag.py:507} INFO - Filling up the DagBag from /home/gabriel/Documents/projetos/apache-airflow/alura-apache-airflow-orquestrando-primeiro-pipeline-dados/airflow-alura/venv/lib/python3.9/site-packages/airflow/example_dags/example_branch_datetime_operator.py
[2023-03-06 23:51:46,991] {processor.py:651} INFO - DAG(s) dict_keys(['example_branch_datetime_operator_2']) retrieved from /home/gabriel/Documents/projetos/apache-airflow/alura-apache-airflow-orquestrando-primeiro-pipeline-dados/airflow-alura/venv/lib/python3.9/site-packages/airflow/example_dags/example_branch_datetime_operator.py
[2023-03-06 23:51:47,004] {logging_mixin.py:115} INFO - [2023-03-06 23:51:47,004] {dag.py:2379} INFO - Sync 1 DAGs
[2023-03-06 23:51:47,018] {logging_mixin.py:115} INFO - [2023-03-06 23:51:47,017] {dag.py:2927} INFO - Setting next_dagrun for example_branch_datetime_operator_2 to 2023-03-06T00:00:00+00:00, run_after=2023-03-07T00:00:00+00:00
[2023-03-06 23:51:47,029] {processor.py:161} INFO - Processing /home/gabriel/Documents/projetos/apache-airflow/alura-apache-airflow-orquestrando-primeiro-pipeline-dados/airflow-alura/venv/lib/python3.9/site-packages/airflow/example_dags/example_branch_datetime_operator.py took 0.061 seconds
[2023-03-06 23:52:22,175] {processor.py:153} INFO - Started process (PID=22124) to work on /home/gabriel/Documents/projetos/apache-airflow/alura-apache-airflow-orquestrando-primeiro-pipeline-dados/airflow-alura/venv/lib/python3.9/site-packages/airflow/example_dags/example_branch_datetime_operator.py
[2023-03-06 23:52:22,176] {processor.py:641} INFO - Processing file /home/gabriel/Documents/projetos/apache-airflow/alura-apache-airflow-orquestrando-primeiro-pipeline-dados/airflow-alura/venv/lib/python3.9/site-packages/airflow/example_dags/example_branch_datetime_operator.py for tasks to queue
[2023-03-06 23:52:22,177] {logging_mixin.py:115} INFO - [2023-03-06 23:52:22,176] {dagbag.py:507} INFO - Filling up the DagBag from /home/gabriel/Documents/projetos/apache-airflow/alura-apache-airflow-orquestrando-primeiro-pipeline-dados/airflow-alura/venv/lib/python3.9/site-packages/airflow/example_dags/example_branch_datetime_operator.py
[2023-03-06 23:52:22,183] {processor.py:651} INFO - DAG(s) dict_keys(['example_branch_datetime_operator_2']) retrieved from /home/gabriel/Documents/projetos/apache-airflow/alura-apache-airflow-orquestrando-primeiro-pipeline-dados/airflow-alura/venv/lib/python3.9/site-packages/airflow/example_dags/example_branch_datetime_operator.py
[2023-03-06 23:52:22,195] {logging_mixin.py:115} INFO - [2023-03-06 23:52:22,195] {dag.py:2379} INFO - Sync 1 DAGs
[2023-03-06 23:52:22,210] {logging_mixin.py:115} INFO - [2023-03-06 23:52:22,210] {dag.py:2927} INFO - Setting next_dagrun for example_branch_datetime_operator_2 to 2023-03-06T00:00:00+00:00, run_after=2023-03-07T00:00:00+00:00
[2023-03-06 23:52:22,222] {processor.py:161} INFO - Processing /home/gabriel/Documents/projetos/apache-airflow/alura-apache-airflow-orquestrando-primeiro-pipeline-dados/airflow-alura/venv/lib/python3.9/site-packages/airflow/example_dags/example_branch_datetime_operator.py took 0.050 seconds
[2023-03-06 23:53:00,068] {processor.py:153} INFO - Started process (PID=22236) to work on /home/gabriel/Documents/projetos/apache-airflow/alura-apache-airflow-orquestrando-primeiro-pipeline-dados/airflow-alura/venv/lib/python3.9/site-packages/airflow/example_dags/example_branch_datetime_operator.py
[2023-03-06 23:53:00,071] {processor.py:641} INFO - Processing file /home/gabriel/Documents/projetos/apache-airflow/alura-apache-airflow-orquestrando-primeiro-pipeline-dados/airflow-alura/venv/lib/python3.9/site-packages/airflow/example_dags/example_branch_datetime_operator.py for tasks to queue
[2023-03-06 23:53:00,072] {logging_mixin.py:115} INFO - [2023-03-06 23:53:00,072] {dagbag.py:507} INFO - Filling up the DagBag from /home/gabriel/Documents/projetos/apache-airflow/alura-apache-airflow-orquestrando-primeiro-pipeline-dados/airflow-alura/venv/lib/python3.9/site-packages/airflow/example_dags/example_branch_datetime_operator.py
[2023-03-06 23:53:00,083] {processor.py:651} INFO - DAG(s) dict_keys(['example_branch_datetime_operator_2']) retrieved from /home/gabriel/Documents/projetos/apache-airflow/alura-apache-airflow-orquestrando-primeiro-pipeline-dados/airflow-alura/venv/lib/python3.9/site-packages/airflow/example_dags/example_branch_datetime_operator.py
[2023-03-06 23:53:00,097] {logging_mixin.py:115} INFO - [2023-03-06 23:53:00,097] {dag.py:2379} INFO - Sync 1 DAGs
[2023-03-06 23:53:00,112] {logging_mixin.py:115} INFO - [2023-03-06 23:53:00,112] {dag.py:2927} INFO - Setting next_dagrun for example_branch_datetime_operator_2 to 2023-03-06T00:00:00+00:00, run_after=2023-03-07T00:00:00+00:00
[2023-03-06 23:53:00,123] {processor.py:161} INFO - Processing /home/gabriel/Documents/projetos/apache-airflow/alura-apache-airflow-orquestrando-primeiro-pipeline-dados/airflow-alura/venv/lib/python3.9/site-packages/airflow/example_dags/example_branch_datetime_operator.py took 0.063 seconds
[2023-03-06 23:53:35,670] {processor.py:153} INFO - Started process (PID=22280) to work on /home/gabriel/Documents/projetos/apache-airflow/alura-apache-airflow-orquestrando-primeiro-pipeline-dados/airflow-alura/venv/lib/python3.9/site-packages/airflow/example_dags/example_branch_datetime_operator.py
[2023-03-06 23:53:35,672] {processor.py:641} INFO - Processing file /home/gabriel/Documents/projetos/apache-airflow/alura-apache-airflow-orquestrando-primeiro-pipeline-dados/airflow-alura/venv/lib/python3.9/site-packages/airflow/example_dags/example_branch_datetime_operator.py for tasks to queue
[2023-03-06 23:53:35,672] {logging_mixin.py:115} INFO - [2023-03-06 23:53:35,672] {dagbag.py:507} INFO - Filling up the DagBag from /home/gabriel/Documents/projetos/apache-airflow/alura-apache-airflow-orquestrando-primeiro-pipeline-dados/airflow-alura/venv/lib/python3.9/site-packages/airflow/example_dags/example_branch_datetime_operator.py
[2023-03-06 23:53:35,679] {processor.py:651} INFO - DAG(s) dict_keys(['example_branch_datetime_operator_2']) retrieved from /home/gabriel/Documents/projetos/apache-airflow/alura-apache-airflow-orquestrando-primeiro-pipeline-dados/airflow-alura/venv/lib/python3.9/site-packages/airflow/example_dags/example_branch_datetime_operator.py
[2023-03-06 23:53:35,692] {logging_mixin.py:115} INFO - [2023-03-06 23:53:35,692] {dag.py:2379} INFO - Sync 1 DAGs
[2023-03-06 23:53:35,706] {logging_mixin.py:115} INFO - [2023-03-06 23:53:35,706] {dag.py:2927} INFO - Setting next_dagrun for example_branch_datetime_operator_2 to 2023-03-06T00:00:00+00:00, run_after=2023-03-07T00:00:00+00:00
[2023-03-06 23:53:35,719] {processor.py:161} INFO - Processing /home/gabriel/Documents/projetos/apache-airflow/alura-apache-airflow-orquestrando-primeiro-pipeline-dados/airflow-alura/venv/lib/python3.9/site-packages/airflow/example_dags/example_branch_datetime_operator.py took 0.052 seconds
