[2023-03-06 23:50:39,012] {processor.py:153} INFO - Started process (PID=21625) to work on /home/gabriel/Documents/projetos/apache-airflow/alura-apache-airflow-orquestrando-primeiro-pipeline-dados/airflow-alura/venv/lib/python3.9/site-packages/airflow/example_dags/example_task_group.py
[2023-03-06 23:50:39,012] {processor.py:641} INFO - Processing file /home/gabriel/Documents/projetos/apache-airflow/alura-apache-airflow-orquestrando-primeiro-pipeline-dados/airflow-alura/venv/lib/python3.9/site-packages/airflow/example_dags/example_task_group.py for tasks to queue
[2023-03-06 23:50:39,013] {logging_mixin.py:115} INFO - [2023-03-06 23:50:39,012] {dagbag.py:507} INFO - Filling up the DagBag from /home/gabriel/Documents/projetos/apache-airflow/alura-apache-airflow-orquestrando-primeiro-pipeline-dados/airflow-alura/venv/lib/python3.9/site-packages/airflow/example_dags/example_task_group.py
[2023-03-06 23:50:39,022] {processor.py:651} INFO - DAG(s) dict_keys(['example_task_group']) retrieved from /home/gabriel/Documents/projetos/apache-airflow/alura-apache-airflow-orquestrando-primeiro-pipeline-dados/airflow-alura/venv/lib/python3.9/site-packages/airflow/example_dags/example_task_group.py
[2023-03-06 23:50:39,107] {logging_mixin.py:115} INFO - [2023-03-06 23:50:39,107] {manager.py:508} INFO - Created Permission View: can read on DAG:example_task_group
[2023-03-06 23:50:39,125] {logging_mixin.py:115} INFO - [2023-03-06 23:50:39,125] {manager.py:508} INFO - Created Permission View: can edit on DAG:example_task_group
[2023-03-06 23:50:39,142] {logging_mixin.py:115} INFO - [2023-03-06 23:50:39,142] {manager.py:508} INFO - Created Permission View: can delete on DAG:example_task_group
[2023-03-06 23:50:39,143] {logging_mixin.py:115} INFO - [2023-03-06 23:50:39,143] {dag.py:2379} INFO - Sync 1 DAGs
[2023-03-06 23:50:39,161] {logging_mixin.py:115} INFO - [2023-03-06 23:50:39,161] {dag.py:2398} INFO - Creating ORM DAG for example_task_group
[2023-03-06 23:50:39,175] {logging_mixin.py:115} INFO - [2023-03-06 23:50:39,174] {dag.py:2927} INFO - Setting next_dagrun for example_task_group to 2023-03-06T02:50:39.174681+00:00, run_after=2023-03-07T02:50:39.174681+00:00
[2023-03-06 23:50:39,195] {processor.py:161} INFO - Processing /home/gabriel/Documents/projetos/apache-airflow/alura-apache-airflow-orquestrando-primeiro-pipeline-dados/airflow-alura/venv/lib/python3.9/site-packages/airflow/example_dags/example_task_group.py took 0.185 seconds
[2023-03-06 23:51:17,958] {processor.py:153} INFO - Started process (PID=21826) to work on /home/gabriel/Documents/projetos/apache-airflow/alura-apache-airflow-orquestrando-primeiro-pipeline-dados/airflow-alura/venv/lib/python3.9/site-packages/airflow/example_dags/example_task_group.py
[2023-03-06 23:51:17,962] {processor.py:641} INFO - Processing file /home/gabriel/Documents/projetos/apache-airflow/alura-apache-airflow-orquestrando-primeiro-pipeline-dados/airflow-alura/venv/lib/python3.9/site-packages/airflow/example_dags/example_task_group.py for tasks to queue
[2023-03-06 23:51:17,962] {logging_mixin.py:115} INFO - [2023-03-06 23:51:17,962] {dagbag.py:507} INFO - Filling up the DagBag from /home/gabriel/Documents/projetos/apache-airflow/alura-apache-airflow-orquestrando-primeiro-pipeline-dados/airflow-alura/venv/lib/python3.9/site-packages/airflow/example_dags/example_task_group.py
[2023-03-06 23:51:17,969] {processor.py:651} INFO - DAG(s) dict_keys(['example_task_group']) retrieved from /home/gabriel/Documents/projetos/apache-airflow/alura-apache-airflow-orquestrando-primeiro-pipeline-dados/airflow-alura/venv/lib/python3.9/site-packages/airflow/example_dags/example_task_group.py
[2023-03-06 23:51:17,985] {logging_mixin.py:115} INFO - [2023-03-06 23:51:17,985] {dag.py:2379} INFO - Sync 1 DAGs
[2023-03-06 23:51:18,003] {logging_mixin.py:115} INFO - [2023-03-06 23:51:18,003] {dag.py:2927} INFO - Setting next_dagrun for example_task_group to 2023-03-06T02:51:18.003042+00:00, run_after=2023-03-07T02:51:18.003042+00:00
[2023-03-06 23:51:18,018] {processor.py:161} INFO - Processing /home/gabriel/Documents/projetos/apache-airflow/alura-apache-airflow-orquestrando-primeiro-pipeline-dados/airflow-alura/venv/lib/python3.9/site-packages/airflow/example_dags/example_task_group.py took 0.063 seconds
[2023-03-06 23:51:49,479] {processor.py:153} INFO - Started process (PID=21946) to work on /home/gabriel/Documents/projetos/apache-airflow/alura-apache-airflow-orquestrando-primeiro-pipeline-dados/airflow-alura/venv/lib/python3.9/site-packages/airflow/example_dags/example_task_group.py
[2023-03-06 23:51:49,482] {processor.py:641} INFO - Processing file /home/gabriel/Documents/projetos/apache-airflow/alura-apache-airflow-orquestrando-primeiro-pipeline-dados/airflow-alura/venv/lib/python3.9/site-packages/airflow/example_dags/example_task_group.py for tasks to queue
[2023-03-06 23:51:49,484] {logging_mixin.py:115} INFO - [2023-03-06 23:51:49,484] {dagbag.py:507} INFO - Filling up the DagBag from /home/gabriel/Documents/projetos/apache-airflow/alura-apache-airflow-orquestrando-primeiro-pipeline-dados/airflow-alura/venv/lib/python3.9/site-packages/airflow/example_dags/example_task_group.py
[2023-03-06 23:51:49,506] {processor.py:651} INFO - DAG(s) dict_keys(['example_task_group']) retrieved from /home/gabriel/Documents/projetos/apache-airflow/alura-apache-airflow-orquestrando-primeiro-pipeline-dados/airflow-alura/venv/lib/python3.9/site-packages/airflow/example_dags/example_task_group.py
[2023-03-06 23:51:49,548] {logging_mixin.py:115} INFO - [2023-03-06 23:51:49,548] {dag.py:2379} INFO - Sync 1 DAGs
[2023-03-06 23:51:49,569] {logging_mixin.py:115} INFO - [2023-03-06 23:51:49,569] {dag.py:2927} INFO - Setting next_dagrun for example_task_group to 2023-03-06T02:51:49.568808+00:00, run_after=2023-03-07T02:51:49.568808+00:00
[2023-03-06 23:51:49,591] {processor.py:161} INFO - Processing /home/gabriel/Documents/projetos/apache-airflow/alura-apache-airflow-orquestrando-primeiro-pipeline-dados/airflow-alura/venv/lib/python3.9/site-packages/airflow/example_dags/example_task_group.py took 0.120 seconds
[2023-03-06 23:52:23,232] {processor.py:153} INFO - Started process (PID=22125) to work on /home/gabriel/Documents/projetos/apache-airflow/alura-apache-airflow-orquestrando-primeiro-pipeline-dados/airflow-alura/venv/lib/python3.9/site-packages/airflow/example_dags/example_task_group.py
[2023-03-06 23:52:23,233] {processor.py:641} INFO - Processing file /home/gabriel/Documents/projetos/apache-airflow/alura-apache-airflow-orquestrando-primeiro-pipeline-dados/airflow-alura/venv/lib/python3.9/site-packages/airflow/example_dags/example_task_group.py for tasks to queue
[2023-03-06 23:52:23,234] {logging_mixin.py:115} INFO - [2023-03-06 23:52:23,234] {dagbag.py:507} INFO - Filling up the DagBag from /home/gabriel/Documents/projetos/apache-airflow/alura-apache-airflow-orquestrando-primeiro-pipeline-dados/airflow-alura/venv/lib/python3.9/site-packages/airflow/example_dags/example_task_group.py
[2023-03-06 23:52:23,246] {processor.py:651} INFO - DAG(s) dict_keys(['example_task_group']) retrieved from /home/gabriel/Documents/projetos/apache-airflow/alura-apache-airflow-orquestrando-primeiro-pipeline-dados/airflow-alura/venv/lib/python3.9/site-packages/airflow/example_dags/example_task_group.py
[2023-03-06 23:52:23,262] {logging_mixin.py:115} INFO - [2023-03-06 23:52:23,262] {dag.py:2379} INFO - Sync 1 DAGs
[2023-03-06 23:52:23,276] {logging_mixin.py:115} INFO - [2023-03-06 23:52:23,276] {dag.py:2927} INFO - Setting next_dagrun for example_task_group to 2023-03-06T02:52:23.276275+00:00, run_after=2023-03-07T02:52:23.276275+00:00
[2023-03-06 23:52:23,289] {processor.py:161} INFO - Processing /home/gabriel/Documents/projetos/apache-airflow/alura-apache-airflow-orquestrando-primeiro-pipeline-dados/airflow-alura/venv/lib/python3.9/site-packages/airflow/example_dags/example_task_group.py took 0.065 seconds
[2023-03-06 23:52:55,297] {processor.py:153} INFO - Started process (PID=22230) to work on /home/gabriel/Documents/projetos/apache-airflow/alura-apache-airflow-orquestrando-primeiro-pipeline-dados/airflow-alura/venv/lib/python3.9/site-packages/airflow/example_dags/example_task_group.py
[2023-03-06 23:52:55,301] {processor.py:641} INFO - Processing file /home/gabriel/Documents/projetos/apache-airflow/alura-apache-airflow-orquestrando-primeiro-pipeline-dados/airflow-alura/venv/lib/python3.9/site-packages/airflow/example_dags/example_task_group.py for tasks to queue
[2023-03-06 23:52:55,302] {logging_mixin.py:115} INFO - [2023-03-06 23:52:55,302] {dagbag.py:507} INFO - Filling up the DagBag from /home/gabriel/Documents/projetos/apache-airflow/alura-apache-airflow-orquestrando-primeiro-pipeline-dados/airflow-alura/venv/lib/python3.9/site-packages/airflow/example_dags/example_task_group.py
[2023-03-06 23:52:55,309] {processor.py:651} INFO - DAG(s) dict_keys(['example_task_group']) retrieved from /home/gabriel/Documents/projetos/apache-airflow/alura-apache-airflow-orquestrando-primeiro-pipeline-dados/airflow-alura/venv/lib/python3.9/site-packages/airflow/example_dags/example_task_group.py
[2023-03-06 23:52:55,324] {logging_mixin.py:115} INFO - [2023-03-06 23:52:55,324] {dag.py:2379} INFO - Sync 1 DAGs
[2023-03-06 23:52:55,343] {logging_mixin.py:115} INFO - [2023-03-06 23:52:55,343] {dag.py:2927} INFO - Setting next_dagrun for example_task_group to 2023-03-06T02:52:55.342808+00:00, run_after=2023-03-07T02:52:55.342808+00:00
[2023-03-06 23:52:55,361] {processor.py:161} INFO - Processing /home/gabriel/Documents/projetos/apache-airflow/alura-apache-airflow-orquestrando-primeiro-pipeline-dados/airflow-alura/venv/lib/python3.9/site-packages/airflow/example_dags/example_task_group.py took 0.066 seconds
[2023-03-06 23:53:28,256] {processor.py:153} INFO - Started process (PID=22271) to work on /home/gabriel/Documents/projetos/apache-airflow/alura-apache-airflow-orquestrando-primeiro-pipeline-dados/airflow-alura/venv/lib/python3.9/site-packages/airflow/example_dags/example_task_group.py
[2023-03-06 23:53:28,259] {processor.py:641} INFO - Processing file /home/gabriel/Documents/projetos/apache-airflow/alura-apache-airflow-orquestrando-primeiro-pipeline-dados/airflow-alura/venv/lib/python3.9/site-packages/airflow/example_dags/example_task_group.py for tasks to queue
[2023-03-06 23:53:28,259] {logging_mixin.py:115} INFO - [2023-03-06 23:53:28,259] {dagbag.py:507} INFO - Filling up the DagBag from /home/gabriel/Documents/projetos/apache-airflow/alura-apache-airflow-orquestrando-primeiro-pipeline-dados/airflow-alura/venv/lib/python3.9/site-packages/airflow/example_dags/example_task_group.py
[2023-03-06 23:53:28,268] {processor.py:651} INFO - DAG(s) dict_keys(['example_task_group']) retrieved from /home/gabriel/Documents/projetos/apache-airflow/alura-apache-airflow-orquestrando-primeiro-pipeline-dados/airflow-alura/venv/lib/python3.9/site-packages/airflow/example_dags/example_task_group.py
[2023-03-06 23:53:28,282] {logging_mixin.py:115} INFO - [2023-03-06 23:53:28,282] {dag.py:2379} INFO - Sync 1 DAGs
[2023-03-06 23:53:28,294] {logging_mixin.py:115} INFO - [2023-03-06 23:53:28,294] {dag.py:2927} INFO - Setting next_dagrun for example_task_group to 2023-03-06T02:53:28.294133+00:00, run_after=2023-03-07T02:53:28.294133+00:00
[2023-03-06 23:53:28,306] {processor.py:161} INFO - Processing /home/gabriel/Documents/projetos/apache-airflow/alura-apache-airflow-orquestrando-primeiro-pipeline-dados/airflow-alura/venv/lib/python3.9/site-packages/airflow/example_dags/example_task_group.py took 0.056 seconds
