[2023-03-06 23:50:59,716] {processor.py:153} INFO - Started process (PID=21803) to work on /home/gabriel/Documents/projetos/apache-airflow/alura-apache-airflow-orquestrando-primeiro-pipeline-dados/airflow-alura/venv/lib/python3.9/site-packages/airflow/example_dags/example_latest_only.py
[2023-03-06 23:50:59,716] {processor.py:641} INFO - Processing file /home/gabriel/Documents/projetos/apache-airflow/alura-apache-airflow-orquestrando-primeiro-pipeline-dados/airflow-alura/venv/lib/python3.9/site-packages/airflow/example_dags/example_latest_only.py for tasks to queue
[2023-03-06 23:50:59,717] {logging_mixin.py:115} INFO - [2023-03-06 23:50:59,717] {dagbag.py:507} INFO - Filling up the DagBag from /home/gabriel/Documents/projetos/apache-airflow/alura-apache-airflow-orquestrando-primeiro-pipeline-dados/airflow-alura/venv/lib/python3.9/site-packages/airflow/example_dags/example_latest_only.py
[2023-03-06 23:50:59,722] {processor.py:651} INFO - DAG(s) dict_keys(['latest_only']) retrieved from /home/gabriel/Documents/projetos/apache-airflow/alura-apache-airflow-orquestrando-primeiro-pipeline-dados/airflow-alura/venv/lib/python3.9/site-packages/airflow/example_dags/example_latest_only.py
[2023-03-06 23:50:59,794] {logging_mixin.py:115} INFO - [2023-03-06 23:50:59,794] {manager.py:508} INFO - Created Permission View: can read on DAG:latest_only
[2023-03-06 23:50:59,807] {logging_mixin.py:115} INFO - [2023-03-06 23:50:59,807] {manager.py:508} INFO - Created Permission View: can edit on DAG:latest_only
[2023-03-06 23:50:59,822] {logging_mixin.py:115} INFO - [2023-03-06 23:50:59,822] {manager.py:508} INFO - Created Permission View: can delete on DAG:latest_only
[2023-03-06 23:50:59,822] {logging_mixin.py:115} INFO - [2023-03-06 23:50:59,822] {dag.py:2379} INFO - Sync 1 DAGs
[2023-03-06 23:50:59,832] {logging_mixin.py:115} INFO - [2023-03-06 23:50:59,832] {dag.py:2398} INFO - Creating ORM DAG for latest_only
[2023-03-06 23:50:59,843] {logging_mixin.py:115} INFO - [2023-03-06 23:50:59,843] {dag.py:2927} INFO - Setting next_dagrun for latest_only to 2023-03-06T22:50:59.842679+00:00, run_after=2023-03-07T02:50:59.842679+00:00
[2023-03-06 23:50:59,866] {processor.py:161} INFO - Processing /home/gabriel/Documents/projetos/apache-airflow/alura-apache-airflow-orquestrando-primeiro-pipeline-dados/airflow-alura/venv/lib/python3.9/site-packages/airflow/example_dags/example_latest_only.py took 0.153 seconds
[2023-03-06 23:51:36,424] {processor.py:153} INFO - Started process (PID=21851) to work on /home/gabriel/Documents/projetos/apache-airflow/alura-apache-airflow-orquestrando-primeiro-pipeline-dados/airflow-alura/venv/lib/python3.9/site-packages/airflow/example_dags/example_latest_only.py
[2023-03-06 23:51:36,430] {processor.py:641} INFO - Processing file /home/gabriel/Documents/projetos/apache-airflow/alura-apache-airflow-orquestrando-primeiro-pipeline-dados/airflow-alura/venv/lib/python3.9/site-packages/airflow/example_dags/example_latest_only.py for tasks to queue
[2023-03-06 23:51:36,432] {logging_mixin.py:115} INFO - [2023-03-06 23:51:36,431] {dagbag.py:507} INFO - Filling up the DagBag from /home/gabriel/Documents/projetos/apache-airflow/alura-apache-airflow-orquestrando-primeiro-pipeline-dados/airflow-alura/venv/lib/python3.9/site-packages/airflow/example_dags/example_latest_only.py
[2023-03-06 23:51:36,454] {processor.py:651} INFO - DAG(s) dict_keys(['latest_only']) retrieved from /home/gabriel/Documents/projetos/apache-airflow/alura-apache-airflow-orquestrando-primeiro-pipeline-dados/airflow-alura/venv/lib/python3.9/site-packages/airflow/example_dags/example_latest_only.py
[2023-03-06 23:51:36,486] {logging_mixin.py:115} INFO - [2023-03-06 23:51:36,485] {dag.py:2379} INFO - Sync 1 DAGs
[2023-03-06 23:51:36,503] {logging_mixin.py:115} INFO - [2023-03-06 23:51:36,503] {dag.py:2927} INFO - Setting next_dagrun for latest_only to 2023-03-06T22:51:36.503597+00:00, run_after=2023-03-07T02:51:36.503597+00:00
[2023-03-06 23:51:36,517] {processor.py:161} INFO - Processing /home/gabriel/Documents/projetos/apache-airflow/alura-apache-airflow-orquestrando-primeiro-pipeline-dados/airflow-alura/venv/lib/python3.9/site-packages/airflow/example_dags/example_latest_only.py took 0.103 seconds
[2023-03-06 23:52:10,913] {processor.py:153} INFO - Started process (PID=22056) to work on /home/gabriel/Documents/projetos/apache-airflow/alura-apache-airflow-orquestrando-primeiro-pipeline-dados/airflow-alura/venv/lib/python3.9/site-packages/airflow/example_dags/example_latest_only.py
[2023-03-06 23:52:10,915] {processor.py:641} INFO - Processing file /home/gabriel/Documents/projetos/apache-airflow/alura-apache-airflow-orquestrando-primeiro-pipeline-dados/airflow-alura/venv/lib/python3.9/site-packages/airflow/example_dags/example_latest_only.py for tasks to queue
[2023-03-06 23:52:10,917] {logging_mixin.py:115} INFO - [2023-03-06 23:52:10,916] {dagbag.py:507} INFO - Filling up the DagBag from /home/gabriel/Documents/projetos/apache-airflow/alura-apache-airflow-orquestrando-primeiro-pipeline-dados/airflow-alura/venv/lib/python3.9/site-packages/airflow/example_dags/example_latest_only.py
[2023-03-06 23:52:10,930] {processor.py:651} INFO - DAG(s) dict_keys(['latest_only']) retrieved from /home/gabriel/Documents/projetos/apache-airflow/alura-apache-airflow-orquestrando-primeiro-pipeline-dados/airflow-alura/venv/lib/python3.9/site-packages/airflow/example_dags/example_latest_only.py
[2023-03-06 23:52:10,949] {logging_mixin.py:115} INFO - [2023-03-06 23:52:10,949] {dag.py:2379} INFO - Sync 1 DAGs
[2023-03-06 23:52:10,962] {logging_mixin.py:115} INFO - [2023-03-06 23:52:10,962] {dag.py:2927} INFO - Setting next_dagrun for latest_only to 2023-03-06T22:52:10.962313+00:00, run_after=2023-03-07T02:52:10.962313+00:00
[2023-03-06 23:52:10,974] {processor.py:161} INFO - Processing /home/gabriel/Documents/projetos/apache-airflow/alura-apache-airflow-orquestrando-primeiro-pipeline-dados/airflow-alura/venv/lib/python3.9/site-packages/airflow/example_dags/example_latest_only.py took 0.069 seconds
[2023-03-06 23:52:47,884] {processor.py:153} INFO - Started process (PID=22213) to work on /home/gabriel/Documents/projetos/apache-airflow/alura-apache-airflow-orquestrando-primeiro-pipeline-dados/airflow-alura/venv/lib/python3.9/site-packages/airflow/example_dags/example_latest_only.py
[2023-03-06 23:52:47,886] {processor.py:641} INFO - Processing file /home/gabriel/Documents/projetos/apache-airflow/alura-apache-airflow-orquestrando-primeiro-pipeline-dados/airflow-alura/venv/lib/python3.9/site-packages/airflow/example_dags/example_latest_only.py for tasks to queue
[2023-03-06 23:52:47,887] {logging_mixin.py:115} INFO - [2023-03-06 23:52:47,887] {dagbag.py:507} INFO - Filling up the DagBag from /home/gabriel/Documents/projetos/apache-airflow/alura-apache-airflow-orquestrando-primeiro-pipeline-dados/airflow-alura/venv/lib/python3.9/site-packages/airflow/example_dags/example_latest_only.py
[2023-03-06 23:52:47,894] {processor.py:651} INFO - DAG(s) dict_keys(['latest_only']) retrieved from /home/gabriel/Documents/projetos/apache-airflow/alura-apache-airflow-orquestrando-primeiro-pipeline-dados/airflow-alura/venv/lib/python3.9/site-packages/airflow/example_dags/example_latest_only.py
[2023-03-06 23:52:47,909] {logging_mixin.py:115} INFO - [2023-03-06 23:52:47,909] {dag.py:2379} INFO - Sync 1 DAGs
[2023-03-06 23:52:47,924] {logging_mixin.py:115} INFO - [2023-03-06 23:52:47,923] {dag.py:2927} INFO - Setting next_dagrun for latest_only to 2023-03-06T22:52:47.923805+00:00, run_after=2023-03-07T02:52:47.923805+00:00
[2023-03-06 23:52:47,948] {processor.py:161} INFO - Processing /home/gabriel/Documents/projetos/apache-airflow/alura-apache-airflow-orquestrando-primeiro-pipeline-dados/airflow-alura/venv/lib/python3.9/site-packages/airflow/example_dags/example_latest_only.py took 0.068 seconds
[2023-03-06 23:53:21,917] {processor.py:153} INFO - Started process (PID=22260) to work on /home/gabriel/Documents/projetos/apache-airflow/alura-apache-airflow-orquestrando-primeiro-pipeline-dados/airflow-alura/venv/lib/python3.9/site-packages/airflow/example_dags/example_latest_only.py
[2023-03-06 23:53:21,920] {processor.py:641} INFO - Processing file /home/gabriel/Documents/projetos/apache-airflow/alura-apache-airflow-orquestrando-primeiro-pipeline-dados/airflow-alura/venv/lib/python3.9/site-packages/airflow/example_dags/example_latest_only.py for tasks to queue
[2023-03-06 23:53:21,922] {logging_mixin.py:115} INFO - [2023-03-06 23:53:21,922] {dagbag.py:507} INFO - Filling up the DagBag from /home/gabriel/Documents/projetos/apache-airflow/alura-apache-airflow-orquestrando-primeiro-pipeline-dados/airflow-alura/venv/lib/python3.9/site-packages/airflow/example_dags/example_latest_only.py
[2023-03-06 23:53:21,934] {processor.py:651} INFO - DAG(s) dict_keys(['latest_only']) retrieved from /home/gabriel/Documents/projetos/apache-airflow/alura-apache-airflow-orquestrando-primeiro-pipeline-dados/airflow-alura/venv/lib/python3.9/site-packages/airflow/example_dags/example_latest_only.py
[2023-03-06 23:53:21,951] {logging_mixin.py:115} INFO - [2023-03-06 23:53:21,950] {dag.py:2379} INFO - Sync 1 DAGs
[2023-03-06 23:53:21,963] {logging_mixin.py:115} INFO - [2023-03-06 23:53:21,963] {dag.py:2927} INFO - Setting next_dagrun for latest_only to 2023-03-06T22:53:21.963595+00:00, run_after=2023-03-07T02:53:21.963595+00:00
[2023-03-06 23:53:21,982] {processor.py:161} INFO - Processing /home/gabriel/Documents/projetos/apache-airflow/alura-apache-airflow-orquestrando-primeiro-pipeline-dados/airflow-alura/venv/lib/python3.9/site-packages/airflow/example_dags/example_latest_only.py took 0.074 seconds
