[2023-03-06 23:51:02,232] {processor.py:153} INFO - Started process (PID=21805) to work on /home/gabriel/Documents/projetos/apache-airflow/alura-apache-airflow-orquestrando-primeiro-pipeline-dados/airflow-alura/venv/lib/python3.9/site-packages/airflow/example_dags/example_branch_day_of_week_operator.py
[2023-03-06 23:51:02,234] {processor.py:641} INFO - Processing file /home/gabriel/Documents/projetos/apache-airflow/alura-apache-airflow-orquestrando-primeiro-pipeline-dados/airflow-alura/venv/lib/python3.9/site-packages/airflow/example_dags/example_branch_day_of_week_operator.py for tasks to queue
[2023-03-06 23:51:02,236] {logging_mixin.py:115} INFO - [2023-03-06 23:51:02,235] {dagbag.py:507} INFO - Filling up the DagBag from /home/gabriel/Documents/projetos/apache-airflow/alura-apache-airflow-orquestrando-primeiro-pipeline-dados/airflow-alura/venv/lib/python3.9/site-packages/airflow/example_dags/example_branch_day_of_week_operator.py
[2023-03-06 23:51:02,269] {processor.py:651} INFO - DAG(s) dict_keys(['example_weekday_branch_operator']) retrieved from /home/gabriel/Documents/projetos/apache-airflow/alura-apache-airflow-orquestrando-primeiro-pipeline-dados/airflow-alura/venv/lib/python3.9/site-packages/airflow/example_dags/example_branch_day_of_week_operator.py
[2023-03-06 23:51:02,356] {logging_mixin.py:115} INFO - [2023-03-06 23:51:02,356] {manager.py:508} INFO - Created Permission View: can read on DAG:example_weekday_branch_operator
[2023-03-06 23:51:02,366] {logging_mixin.py:115} INFO - [2023-03-06 23:51:02,366] {manager.py:508} INFO - Created Permission View: can edit on DAG:example_weekday_branch_operator
[2023-03-06 23:51:02,374] {logging_mixin.py:115} INFO - [2023-03-06 23:51:02,374] {manager.py:508} INFO - Created Permission View: can delete on DAG:example_weekday_branch_operator
[2023-03-06 23:51:02,374] {logging_mixin.py:115} INFO - [2023-03-06 23:51:02,374] {dag.py:2379} INFO - Sync 1 DAGs
[2023-03-06 23:51:02,381] {logging_mixin.py:115} INFO - [2023-03-06 23:51:02,381] {dag.py:2398} INFO - Creating ORM DAG for example_weekday_branch_operator
[2023-03-06 23:51:02,389] {logging_mixin.py:115} INFO - [2023-03-06 23:51:02,389] {dag.py:2927} INFO - Setting next_dagrun for example_weekday_branch_operator to 2023-03-06T00:00:00+00:00, run_after=2023-03-07T00:00:00+00:00
[2023-03-06 23:51:02,405] {processor.py:161} INFO - Processing /home/gabriel/Documents/projetos/apache-airflow/alura-apache-airflow-orquestrando-primeiro-pipeline-dados/airflow-alura/venv/lib/python3.9/site-packages/airflow/example_dags/example_branch_day_of_week_operator.py took 0.185 seconds
[2023-03-06 23:51:38,998] {processor.py:153} INFO - Started process (PID=21853) to work on /home/gabriel/Documents/projetos/apache-airflow/alura-apache-airflow-orquestrando-primeiro-pipeline-dados/airflow-alura/venv/lib/python3.9/site-packages/airflow/example_dags/example_branch_day_of_week_operator.py
[2023-03-06 23:51:39,003] {processor.py:641} INFO - Processing file /home/gabriel/Documents/projetos/apache-airflow/alura-apache-airflow-orquestrando-primeiro-pipeline-dados/airflow-alura/venv/lib/python3.9/site-packages/airflow/example_dags/example_branch_day_of_week_operator.py for tasks to queue
[2023-03-06 23:51:39,005] {logging_mixin.py:115} INFO - [2023-03-06 23:51:39,005] {dagbag.py:507} INFO - Filling up the DagBag from /home/gabriel/Documents/projetos/apache-airflow/alura-apache-airflow-orquestrando-primeiro-pipeline-dados/airflow-alura/venv/lib/python3.9/site-packages/airflow/example_dags/example_branch_day_of_week_operator.py
[2023-03-06 23:51:39,038] {processor.py:651} INFO - DAG(s) dict_keys(['example_weekday_branch_operator']) retrieved from /home/gabriel/Documents/projetos/apache-airflow/alura-apache-airflow-orquestrando-primeiro-pipeline-dados/airflow-alura/venv/lib/python3.9/site-packages/airflow/example_dags/example_branch_day_of_week_operator.py
[2023-03-06 23:51:39,065] {logging_mixin.py:115} INFO - [2023-03-06 23:51:39,065] {dag.py:2379} INFO - Sync 1 DAGs
[2023-03-06 23:51:39,088] {logging_mixin.py:115} INFO - [2023-03-06 23:51:39,088] {dag.py:2927} INFO - Setting next_dagrun for example_weekday_branch_operator to 2023-03-06T00:00:00+00:00, run_after=2023-03-07T00:00:00+00:00
[2023-03-06 23:51:39,101] {processor.py:161} INFO - Processing /home/gabriel/Documents/projetos/apache-airflow/alura-apache-airflow-orquestrando-primeiro-pipeline-dados/airflow-alura/venv/lib/python3.9/site-packages/airflow/example_dags/example_branch_day_of_week_operator.py took 0.115 seconds
[2023-03-06 23:52:12,926] {processor.py:153} INFO - Started process (PID=22058) to work on /home/gabriel/Documents/projetos/apache-airflow/alura-apache-airflow-orquestrando-primeiro-pipeline-dados/airflow-alura/venv/lib/python3.9/site-packages/airflow/example_dags/example_branch_day_of_week_operator.py
[2023-03-06 23:52:12,928] {processor.py:641} INFO - Processing file /home/gabriel/Documents/projetos/apache-airflow/alura-apache-airflow-orquestrando-primeiro-pipeline-dados/airflow-alura/venv/lib/python3.9/site-packages/airflow/example_dags/example_branch_day_of_week_operator.py for tasks to queue
[2023-03-06 23:52:12,930] {logging_mixin.py:115} INFO - [2023-03-06 23:52:12,930] {dagbag.py:507} INFO - Filling up the DagBag from /home/gabriel/Documents/projetos/apache-airflow/alura-apache-airflow-orquestrando-primeiro-pipeline-dados/airflow-alura/venv/lib/python3.9/site-packages/airflow/example_dags/example_branch_day_of_week_operator.py
[2023-03-06 23:52:12,942] {processor.py:651} INFO - DAG(s) dict_keys(['example_weekday_branch_operator']) retrieved from /home/gabriel/Documents/projetos/apache-airflow/alura-apache-airflow-orquestrando-primeiro-pipeline-dados/airflow-alura/venv/lib/python3.9/site-packages/airflow/example_dags/example_branch_day_of_week_operator.py
[2023-03-06 23:52:12,956] {logging_mixin.py:115} INFO - [2023-03-06 23:52:12,956] {dag.py:2379} INFO - Sync 1 DAGs
[2023-03-06 23:52:12,969] {logging_mixin.py:115} INFO - [2023-03-06 23:52:12,969] {dag.py:2927} INFO - Setting next_dagrun for example_weekday_branch_operator to 2023-03-06T00:00:00+00:00, run_after=2023-03-07T00:00:00+00:00
[2023-03-06 23:52:12,981] {processor.py:161} INFO - Processing /home/gabriel/Documents/projetos/apache-airflow/alura-apache-airflow-orquestrando-primeiro-pipeline-dados/airflow-alura/venv/lib/python3.9/site-packages/airflow/example_dags/example_branch_day_of_week_operator.py took 0.063 seconds
[2023-03-06 23:52:49,479] {processor.py:153} INFO - Started process (PID=22215) to work on /home/gabriel/Documents/projetos/apache-airflow/alura-apache-airflow-orquestrando-primeiro-pipeline-dados/airflow-alura/venv/lib/python3.9/site-packages/airflow/example_dags/example_branch_day_of_week_operator.py
[2023-03-06 23:52:49,482] {processor.py:641} INFO - Processing file /home/gabriel/Documents/projetos/apache-airflow/alura-apache-airflow-orquestrando-primeiro-pipeline-dados/airflow-alura/venv/lib/python3.9/site-packages/airflow/example_dags/example_branch_day_of_week_operator.py for tasks to queue
[2023-03-06 23:52:49,484] {logging_mixin.py:115} INFO - [2023-03-06 23:52:49,483] {dagbag.py:507} INFO - Filling up the DagBag from /home/gabriel/Documents/projetos/apache-airflow/alura-apache-airflow-orquestrando-primeiro-pipeline-dados/airflow-alura/venv/lib/python3.9/site-packages/airflow/example_dags/example_branch_day_of_week_operator.py
[2023-03-06 23:52:49,519] {processor.py:651} INFO - DAG(s) dict_keys(['example_weekday_branch_operator']) retrieved from /home/gabriel/Documents/projetos/apache-airflow/alura-apache-airflow-orquestrando-primeiro-pipeline-dados/airflow-alura/venv/lib/python3.9/site-packages/airflow/example_dags/example_branch_day_of_week_operator.py
[2023-03-06 23:52:49,553] {logging_mixin.py:115} INFO - [2023-03-06 23:52:49,553] {dag.py:2379} INFO - Sync 1 DAGs
[2023-03-06 23:52:49,577] {logging_mixin.py:115} INFO - [2023-03-06 23:52:49,577] {dag.py:2927} INFO - Setting next_dagrun for example_weekday_branch_operator to 2023-03-06T00:00:00+00:00, run_after=2023-03-07T00:00:00+00:00
[2023-03-06 23:52:49,590] {processor.py:161} INFO - Processing /home/gabriel/Documents/projetos/apache-airflow/alura-apache-airflow-orquestrando-primeiro-pipeline-dados/airflow-alura/venv/lib/python3.9/site-packages/airflow/example_dags/example_branch_day_of_week_operator.py took 0.124 seconds
[2023-03-06 23:53:23,367] {processor.py:153} INFO - Started process (PID=22262) to work on /home/gabriel/Documents/projetos/apache-airflow/alura-apache-airflow-orquestrando-primeiro-pipeline-dados/airflow-alura/venv/lib/python3.9/site-packages/airflow/example_dags/example_branch_day_of_week_operator.py
[2023-03-06 23:53:23,369] {processor.py:641} INFO - Processing file /home/gabriel/Documents/projetos/apache-airflow/alura-apache-airflow-orquestrando-primeiro-pipeline-dados/airflow-alura/venv/lib/python3.9/site-packages/airflow/example_dags/example_branch_day_of_week_operator.py for tasks to queue
[2023-03-06 23:53:23,371] {logging_mixin.py:115} INFO - [2023-03-06 23:53:23,370] {dagbag.py:507} INFO - Filling up the DagBag from /home/gabriel/Documents/projetos/apache-airflow/alura-apache-airflow-orquestrando-primeiro-pipeline-dados/airflow-alura/venv/lib/python3.9/site-packages/airflow/example_dags/example_branch_day_of_week_operator.py
[2023-03-06 23:53:23,387] {processor.py:651} INFO - DAG(s) dict_keys(['example_weekday_branch_operator']) retrieved from /home/gabriel/Documents/projetos/apache-airflow/alura-apache-airflow-orquestrando-primeiro-pipeline-dados/airflow-alura/venv/lib/python3.9/site-packages/airflow/example_dags/example_branch_day_of_week_operator.py
[2023-03-06 23:53:23,399] {logging_mixin.py:115} INFO - [2023-03-06 23:53:23,399] {dag.py:2379} INFO - Sync 1 DAGs
[2023-03-06 23:53:23,412] {logging_mixin.py:115} INFO - [2023-03-06 23:53:23,412] {dag.py:2927} INFO - Setting next_dagrun for example_weekday_branch_operator to 2023-03-06T00:00:00+00:00, run_after=2023-03-07T00:00:00+00:00
[2023-03-06 23:53:23,430] {processor.py:161} INFO - Processing /home/gabriel/Documents/projetos/apache-airflow/alura-apache-airflow-orquestrando-primeiro-pipeline-dados/airflow-alura/venv/lib/python3.9/site-packages/airflow/example_dags/example_branch_day_of_week_operator.py took 0.071 seconds
