[2023-03-06 23:51:09,184] {processor.py:153} INFO - Started process (PID=21811) to work on /home/gabriel/Documents/projetos/apache-airflow/alura-apache-airflow-orquestrando-primeiro-pipeline-dados/airflow-alura/venv/lib/python3.9/site-packages/airflow/example_dags/example_subdag_operator.py
[2023-03-06 23:51:09,184] {processor.py:641} INFO - Processing file /home/gabriel/Documents/projetos/apache-airflow/alura-apache-airflow-orquestrando-primeiro-pipeline-dados/airflow-alura/venv/lib/python3.9/site-packages/airflow/example_dags/example_subdag_operator.py for tasks to queue
[2023-03-06 23:51:09,184] {logging_mixin.py:115} INFO - [2023-03-06 23:51:09,184] {dagbag.py:507} INFO - Filling up the DagBag from /home/gabriel/Documents/projetos/apache-airflow/alura-apache-airflow-orquestrando-primeiro-pipeline-dados/airflow-alura/venv/lib/python3.9/site-packages/airflow/example_dags/example_subdag_operator.py
[2023-03-06 23:51:09,206] {processor.py:651} INFO - DAG(s) dict_keys(['example_subdag_operator.section-1', 'example_subdag_operator.section-2', 'example_subdag_operator']) retrieved from /home/gabriel/Documents/projetos/apache-airflow/alura-apache-airflow-orquestrando-primeiro-pipeline-dados/airflow-alura/venv/lib/python3.9/site-packages/airflow/example_dags/example_subdag_operator.py
[2023-03-06 23:51:09,289] {logging_mixin.py:115} INFO - [2023-03-06 23:51:09,288] {manager.py:508} INFO - Created Permission View: can read on DAG:example_subdag_operator
[2023-03-06 23:51:09,303] {logging_mixin.py:115} INFO - [2023-03-06 23:51:09,303] {manager.py:508} INFO - Created Permission View: can edit on DAG:example_subdag_operator
[2023-03-06 23:51:09,314] {logging_mixin.py:115} INFO - [2023-03-06 23:51:09,314] {manager.py:508} INFO - Created Permission View: can delete on DAG:example_subdag_operator
[2023-03-06 23:51:09,315] {logging_mixin.py:115} INFO - [2023-03-06 23:51:09,315] {dag.py:2379} INFO - Sync 3 DAGs
[2023-03-06 23:51:09,325] {logging_mixin.py:115} INFO - [2023-03-06 23:51:09,325] {dag.py:2398} INFO - Creating ORM DAG for example_subdag_operator
[2023-03-06 23:51:09,326] {logging_mixin.py:115} INFO - [2023-03-06 23:51:09,326] {dag.py:2398} INFO - Creating ORM DAG for example_subdag_operator.section-2
[2023-03-06 23:51:09,326] {logging_mixin.py:115} INFO - [2023-03-06 23:51:09,326] {dag.py:2398} INFO - Creating ORM DAG for example_subdag_operator.section-1
[2023-03-06 23:51:09,341] {logging_mixin.py:115} INFO - [2023-03-06 23:51:09,341] {dag.py:2927} INFO - Setting next_dagrun for example_subdag_operator to 2022-01-01T00:00:00+00:00, run_after=2022-01-01T00:00:00+00:00
[2023-03-06 23:51:09,342] {logging_mixin.py:115} INFO - [2023-03-06 23:51:09,342] {dag.py:2927} INFO - Setting next_dagrun for example_subdag_operator.section-1 to None, run_after=None
[2023-03-06 23:51:09,342] {logging_mixin.py:115} INFO - [2023-03-06 23:51:09,342] {dag.py:2927} INFO - Setting next_dagrun for example_subdag_operator.section-2 to None, run_after=None
[2023-03-06 23:51:09,351] {logging_mixin.py:115} INFO - [2023-03-06 23:51:09,351] {dag.py:2379} INFO - Sync 2 DAGs
[2023-03-06 23:51:09,355] {logging_mixin.py:115} INFO - [2023-03-06 23:51:09,355] {dag.py:2927} INFO - Setting next_dagrun for example_subdag_operator.section-1 to None, run_after=None
[2023-03-06 23:51:09,355] {logging_mixin.py:115} INFO - [2023-03-06 23:51:09,355] {dag.py:2927} INFO - Setting next_dagrun for example_subdag_operator.section-2 to None, run_after=None
[2023-03-06 23:51:09,370] {processor.py:161} INFO - Processing /home/gabriel/Documents/projetos/apache-airflow/alura-apache-airflow-orquestrando-primeiro-pipeline-dados/airflow-alura/venv/lib/python3.9/site-packages/airflow/example_dags/example_subdag_operator.py took 0.190 seconds
[2023-03-06 23:51:44,133] {processor.py:153} INFO - Started process (PID=21907) to work on /home/gabriel/Documents/projetos/apache-airflow/alura-apache-airflow-orquestrando-primeiro-pipeline-dados/airflow-alura/venv/lib/python3.9/site-packages/airflow/example_dags/example_subdag_operator.py
[2023-03-06 23:51:44,138] {processor.py:641} INFO - Processing file /home/gabriel/Documents/projetos/apache-airflow/alura-apache-airflow-orquestrando-primeiro-pipeline-dados/airflow-alura/venv/lib/python3.9/site-packages/airflow/example_dags/example_subdag_operator.py for tasks to queue
[2023-03-06 23:51:44,140] {logging_mixin.py:115} INFO - [2023-03-06 23:51:44,139] {dagbag.py:507} INFO - Filling up the DagBag from /home/gabriel/Documents/projetos/apache-airflow/alura-apache-airflow-orquestrando-primeiro-pipeline-dados/airflow-alura/venv/lib/python3.9/site-packages/airflow/example_dags/example_subdag_operator.py
[2023-03-06 23:51:44,168] {processor.py:651} INFO - DAG(s) dict_keys(['example_subdag_operator.section-1', 'example_subdag_operator.section-2', 'example_subdag_operator']) retrieved from /home/gabriel/Documents/projetos/apache-airflow/alura-apache-airflow-orquestrando-primeiro-pipeline-dados/airflow-alura/venv/lib/python3.9/site-packages/airflow/example_dags/example_subdag_operator.py
[2023-03-06 23:51:44,181] {logging_mixin.py:115} INFO - [2023-03-06 23:51:44,181] {dag.py:2379} INFO - Sync 3 DAGs
[2023-03-06 23:51:44,192] {logging_mixin.py:115} INFO - [2023-03-06 23:51:44,192] {dag.py:2927} INFO - Setting next_dagrun for example_subdag_operator to 2022-01-01T00:00:00+00:00, run_after=2022-01-01T00:00:00+00:00
[2023-03-06 23:51:44,193] {logging_mixin.py:115} INFO - [2023-03-06 23:51:44,193] {dag.py:2927} INFO - Setting next_dagrun for example_subdag_operator.section-1 to None, run_after=None
[2023-03-06 23:51:44,193] {logging_mixin.py:115} INFO - [2023-03-06 23:51:44,193] {dag.py:2927} INFO - Setting next_dagrun for example_subdag_operator.section-2 to None, run_after=None
[2023-03-06 23:51:44,196] {logging_mixin.py:115} INFO - [2023-03-06 23:51:44,196] {dag.py:2379} INFO - Sync 2 DAGs
[2023-03-06 23:51:44,199] {logging_mixin.py:115} INFO - [2023-03-06 23:51:44,199] {dag.py:2927} INFO - Setting next_dagrun for example_subdag_operator.section-1 to None, run_after=None
[2023-03-06 23:51:44,199] {logging_mixin.py:115} INFO - [2023-03-06 23:51:44,199] {dag.py:2927} INFO - Setting next_dagrun for example_subdag_operator.section-2 to None, run_after=None
[2023-03-06 23:51:44,208] {processor.py:161} INFO - Processing /home/gabriel/Documents/projetos/apache-airflow/alura-apache-airflow-orquestrando-primeiro-pipeline-dados/airflow-alura/venv/lib/python3.9/site-packages/airflow/example_dags/example_subdag_operator.py took 0.083 seconds
[2023-03-06 23:52:19,222] {processor.py:153} INFO - Started process (PID=22067) to work on /home/gabriel/Documents/projetos/apache-airflow/alura-apache-airflow-orquestrando-primeiro-pipeline-dados/airflow-alura/venv/lib/python3.9/site-packages/airflow/example_dags/example_subdag_operator.py
[2023-03-06 23:52:19,224] {processor.py:641} INFO - Processing file /home/gabriel/Documents/projetos/apache-airflow/alura-apache-airflow-orquestrando-primeiro-pipeline-dados/airflow-alura/venv/lib/python3.9/site-packages/airflow/example_dags/example_subdag_operator.py for tasks to queue
[2023-03-06 23:52:19,225] {logging_mixin.py:115} INFO - [2023-03-06 23:52:19,225] {dagbag.py:507} INFO - Filling up the DagBag from /home/gabriel/Documents/projetos/apache-airflow/alura-apache-airflow-orquestrando-primeiro-pipeline-dados/airflow-alura/venv/lib/python3.9/site-packages/airflow/example_dags/example_subdag_operator.py
[2023-03-06 23:52:19,250] {processor.py:651} INFO - DAG(s) dict_keys(['example_subdag_operator.section-1', 'example_subdag_operator.section-2', 'example_subdag_operator']) retrieved from /home/gabriel/Documents/projetos/apache-airflow/alura-apache-airflow-orquestrando-primeiro-pipeline-dados/airflow-alura/venv/lib/python3.9/site-packages/airflow/example_dags/example_subdag_operator.py
[2023-03-06 23:52:19,264] {logging_mixin.py:115} INFO - [2023-03-06 23:52:19,264] {dag.py:2379} INFO - Sync 3 DAGs
[2023-03-06 23:52:19,277] {logging_mixin.py:115} INFO - [2023-03-06 23:52:19,277] {dag.py:2927} INFO - Setting next_dagrun for example_subdag_operator to 2022-01-01T00:00:00+00:00, run_after=2022-01-01T00:00:00+00:00
[2023-03-06 23:52:19,277] {logging_mixin.py:115} INFO - [2023-03-06 23:52:19,277] {dag.py:2927} INFO - Setting next_dagrun for example_subdag_operator.section-1 to None, run_after=None
[2023-03-06 23:52:19,278] {logging_mixin.py:115} INFO - [2023-03-06 23:52:19,278] {dag.py:2927} INFO - Setting next_dagrun for example_subdag_operator.section-2 to None, run_after=None
[2023-03-06 23:52:19,282] {logging_mixin.py:115} INFO - [2023-03-06 23:52:19,282] {dag.py:2379} INFO - Sync 2 DAGs
[2023-03-06 23:52:19,285] {logging_mixin.py:115} INFO - [2023-03-06 23:52:19,285] {dag.py:2927} INFO - Setting next_dagrun for example_subdag_operator.section-1 to None, run_after=None
[2023-03-06 23:52:19,285] {logging_mixin.py:115} INFO - [2023-03-06 23:52:19,285] {dag.py:2927} INFO - Setting next_dagrun for example_subdag_operator.section-2 to None, run_after=None
[2023-03-06 23:52:19,303] {processor.py:161} INFO - Processing /home/gabriel/Documents/projetos/apache-airflow/alura-apache-airflow-orquestrando-primeiro-pipeline-dados/airflow-alura/venv/lib/python3.9/site-packages/airflow/example_dags/example_subdag_operator.py took 0.088 seconds
[2023-03-06 23:52:57,573] {processor.py:153} INFO - Started process (PID=22233) to work on /home/gabriel/Documents/projetos/apache-airflow/alura-apache-airflow-orquestrando-primeiro-pipeline-dados/airflow-alura/venv/lib/python3.9/site-packages/airflow/example_dags/example_subdag_operator.py
[2023-03-06 23:52:57,575] {processor.py:641} INFO - Processing file /home/gabriel/Documents/projetos/apache-airflow/alura-apache-airflow-orquestrando-primeiro-pipeline-dados/airflow-alura/venv/lib/python3.9/site-packages/airflow/example_dags/example_subdag_operator.py for tasks to queue
[2023-03-06 23:52:57,575] {logging_mixin.py:115} INFO - [2023-03-06 23:52:57,575] {dagbag.py:507} INFO - Filling up the DagBag from /home/gabriel/Documents/projetos/apache-airflow/alura-apache-airflow-orquestrando-primeiro-pipeline-dados/airflow-alura/venv/lib/python3.9/site-packages/airflow/example_dags/example_subdag_operator.py
[2023-03-06 23:52:57,594] {processor.py:651} INFO - DAG(s) dict_keys(['example_subdag_operator.section-1', 'example_subdag_operator.section-2', 'example_subdag_operator']) retrieved from /home/gabriel/Documents/projetos/apache-airflow/alura-apache-airflow-orquestrando-primeiro-pipeline-dados/airflow-alura/venv/lib/python3.9/site-packages/airflow/example_dags/example_subdag_operator.py
[2023-03-06 23:52:57,607] {logging_mixin.py:115} INFO - [2023-03-06 23:52:57,607] {dag.py:2379} INFO - Sync 3 DAGs
[2023-03-06 23:52:57,618] {logging_mixin.py:115} INFO - [2023-03-06 23:52:57,618] {dag.py:2927} INFO - Setting next_dagrun for example_subdag_operator to 2022-01-01T00:00:00+00:00, run_after=2022-01-01T00:00:00+00:00
[2023-03-06 23:52:57,619] {logging_mixin.py:115} INFO - [2023-03-06 23:52:57,619] {dag.py:2927} INFO - Setting next_dagrun for example_subdag_operator.section-1 to None, run_after=None
[2023-03-06 23:52:57,619] {logging_mixin.py:115} INFO - [2023-03-06 23:52:57,619] {dag.py:2927} INFO - Setting next_dagrun for example_subdag_operator.section-2 to None, run_after=None
[2023-03-06 23:52:57,622] {logging_mixin.py:115} INFO - [2023-03-06 23:52:57,622] {dag.py:2379} INFO - Sync 2 DAGs
[2023-03-06 23:52:57,625] {logging_mixin.py:115} INFO - [2023-03-06 23:52:57,625] {dag.py:2927} INFO - Setting next_dagrun for example_subdag_operator.section-1 to None, run_after=None
[2023-03-06 23:52:57,625] {logging_mixin.py:115} INFO - [2023-03-06 23:52:57,625] {dag.py:2927} INFO - Setting next_dagrun for example_subdag_operator.section-2 to None, run_after=None
[2023-03-06 23:52:57,633] {processor.py:161} INFO - Processing /home/gabriel/Documents/projetos/apache-airflow/alura-apache-airflow-orquestrando-primeiro-pipeline-dados/airflow-alura/venv/lib/python3.9/site-packages/airflow/example_dags/example_subdag_operator.py took 0.064 seconds
[2023-03-06 23:53:31,087] {processor.py:153} INFO - Started process (PID=22274) to work on /home/gabriel/Documents/projetos/apache-airflow/alura-apache-airflow-orquestrando-primeiro-pipeline-dados/airflow-alura/venv/lib/python3.9/site-packages/airflow/example_dags/example_subdag_operator.py
[2023-03-06 23:53:31,090] {processor.py:641} INFO - Processing file /home/gabriel/Documents/projetos/apache-airflow/alura-apache-airflow-orquestrando-primeiro-pipeline-dados/airflow-alura/venv/lib/python3.9/site-packages/airflow/example_dags/example_subdag_operator.py for tasks to queue
[2023-03-06 23:53:31,091] {logging_mixin.py:115} INFO - [2023-03-06 23:53:31,091] {dagbag.py:507} INFO - Filling up the DagBag from /home/gabriel/Documents/projetos/apache-airflow/alura-apache-airflow-orquestrando-primeiro-pipeline-dados/airflow-alura/venv/lib/python3.9/site-packages/airflow/example_dags/example_subdag_operator.py
[2023-03-06 23:53:31,121] {processor.py:651} INFO - DAG(s) dict_keys(['example_subdag_operator.section-1', 'example_subdag_operator.section-2', 'example_subdag_operator']) retrieved from /home/gabriel/Documents/projetos/apache-airflow/alura-apache-airflow-orquestrando-primeiro-pipeline-dados/airflow-alura/venv/lib/python3.9/site-packages/airflow/example_dags/example_subdag_operator.py
[2023-03-06 23:53:31,134] {logging_mixin.py:115} INFO - [2023-03-06 23:53:31,133] {dag.py:2379} INFO - Sync 3 DAGs
[2023-03-06 23:53:31,145] {logging_mixin.py:115} INFO - [2023-03-06 23:53:31,145] {dag.py:2927} INFO - Setting next_dagrun for example_subdag_operator to 2022-01-01T00:00:00+00:00, run_after=2022-01-01T00:00:00+00:00
[2023-03-06 23:53:31,145] {logging_mixin.py:115} INFO - [2023-03-06 23:53:31,145] {dag.py:2927} INFO - Setting next_dagrun for example_subdag_operator.section-1 to None, run_after=None
[2023-03-06 23:53:31,145] {logging_mixin.py:115} INFO - [2023-03-06 23:53:31,145] {dag.py:2927} INFO - Setting next_dagrun for example_subdag_operator.section-2 to None, run_after=None
[2023-03-06 23:53:31,149] {logging_mixin.py:115} INFO - [2023-03-06 23:53:31,149] {dag.py:2379} INFO - Sync 2 DAGs
[2023-03-06 23:53:31,152] {logging_mixin.py:115} INFO - [2023-03-06 23:53:31,152] {dag.py:2927} INFO - Setting next_dagrun for example_subdag_operator.section-1 to None, run_after=None
[2023-03-06 23:53:31,152] {logging_mixin.py:115} INFO - [2023-03-06 23:53:31,152] {dag.py:2927} INFO - Setting next_dagrun for example_subdag_operator.section-2 to None, run_after=None
[2023-03-06 23:53:31,161] {processor.py:161} INFO - Processing /home/gabriel/Documents/projetos/apache-airflow/alura-apache-airflow-orquestrando-primeiro-pipeline-dados/airflow-alura/venv/lib/python3.9/site-packages/airflow/example_dags/example_subdag_operator.py took 0.082 seconds
