[2023-03-06 23:50:51,675] {processor.py:153} INFO - Started process (PID=21742) to work on /home/gabriel/Documents/projetos/apache-airflow/alura-apache-airflow-orquestrando-primeiro-pipeline-dados/airflow-alura/venv/lib/python3.9/site-packages/airflow/example_dags/example_xcomargs.py
[2023-03-06 23:50:51,677] {processor.py:641} INFO - Processing file /home/gabriel/Documents/projetos/apache-airflow/alura-apache-airflow-orquestrando-primeiro-pipeline-dados/airflow-alura/venv/lib/python3.9/site-packages/airflow/example_dags/example_xcomargs.py for tasks to queue
[2023-03-06 23:50:51,678] {logging_mixin.py:115} INFO - [2023-03-06 23:50:51,678] {dagbag.py:507} INFO - Filling up the DagBag from /home/gabriel/Documents/projetos/apache-airflow/alura-apache-airflow-orquestrando-primeiro-pipeline-dados/airflow-alura/venv/lib/python3.9/site-packages/airflow/example_dags/example_xcomargs.py
[2023-03-06 23:50:51,708] {processor.py:651} INFO - DAG(s) dict_keys(['example_xcom_args', 'example_xcom_args_with_operators']) retrieved from /home/gabriel/Documents/projetos/apache-airflow/alura-apache-airflow-orquestrando-primeiro-pipeline-dados/airflow-alura/venv/lib/python3.9/site-packages/airflow/example_dags/example_xcomargs.py
[2023-03-06 23:50:51,768] {logging_mixin.py:115} INFO - [2023-03-06 23:50:51,768] {manager.py:508} INFO - Created Permission View: can read on DAG:example_xcom_args
[2023-03-06 23:50:51,778] {logging_mixin.py:115} INFO - [2023-03-06 23:50:51,778] {manager.py:508} INFO - Created Permission View: can edit on DAG:example_xcom_args
[2023-03-06 23:50:51,786] {logging_mixin.py:115} INFO - [2023-03-06 23:50:51,786] {manager.py:508} INFO - Created Permission View: can delete on DAG:example_xcom_args
[2023-03-06 23:50:51,820] {logging_mixin.py:115} INFO - [2023-03-06 23:50:51,819] {manager.py:508} INFO - Created Permission View: can read on DAG:example_xcom_args_with_operators
[2023-03-06 23:50:51,856] {logging_mixin.py:115} INFO - [2023-03-06 23:50:51,855] {manager.py:508} INFO - Created Permission View: can edit on DAG:example_xcom_args_with_operators
[2023-03-06 23:50:51,883] {logging_mixin.py:115} INFO - [2023-03-06 23:50:51,883] {manager.py:508} INFO - Created Permission View: can delete on DAG:example_xcom_args_with_operators
[2023-03-06 23:50:51,883] {logging_mixin.py:115} INFO - [2023-03-06 23:50:51,883] {dag.py:2379} INFO - Sync 2 DAGs
[2023-03-06 23:50:51,899] {logging_mixin.py:115} INFO - [2023-03-06 23:50:51,899] {dag.py:2398} INFO - Creating ORM DAG for example_xcom_args_with_operators
[2023-03-06 23:50:51,899] {logging_mixin.py:115} INFO - [2023-03-06 23:50:51,899] {dag.py:2398} INFO - Creating ORM DAG for example_xcom_args
[2023-03-06 23:50:51,911] {logging_mixin.py:115} INFO - [2023-03-06 23:50:51,911] {dag.py:2927} INFO - Setting next_dagrun for example_xcom_args to None, run_after=None
[2023-03-06 23:50:51,911] {logging_mixin.py:115} INFO - [2023-03-06 23:50:51,911] {dag.py:2927} INFO - Setting next_dagrun for example_xcom_args_with_operators to None, run_after=None
[2023-03-06 23:50:51,940] {processor.py:161} INFO - Processing /home/gabriel/Documents/projetos/apache-airflow/alura-apache-airflow-orquestrando-primeiro-pipeline-dados/airflow-alura/venv/lib/python3.9/site-packages/airflow/example_dags/example_xcomargs.py took 0.273 seconds
[2023-03-06 23:51:27,258] {processor.py:153} INFO - Started process (PID=21838) to work on /home/gabriel/Documents/projetos/apache-airflow/alura-apache-airflow-orquestrando-primeiro-pipeline-dados/airflow-alura/venv/lib/python3.9/site-packages/airflow/example_dags/example_xcomargs.py
[2023-03-06 23:51:27,261] {processor.py:641} INFO - Processing file /home/gabriel/Documents/projetos/apache-airflow/alura-apache-airflow-orquestrando-primeiro-pipeline-dados/airflow-alura/venv/lib/python3.9/site-packages/airflow/example_dags/example_xcomargs.py for tasks to queue
[2023-03-06 23:51:27,262] {logging_mixin.py:115} INFO - [2023-03-06 23:51:27,262] {dagbag.py:507} INFO - Filling up the DagBag from /home/gabriel/Documents/projetos/apache-airflow/alura-apache-airflow-orquestrando-primeiro-pipeline-dados/airflow-alura/venv/lib/python3.9/site-packages/airflow/example_dags/example_xcomargs.py
[2023-03-06 23:51:27,286] {processor.py:651} INFO - DAG(s) dict_keys(['example_xcom_args', 'example_xcom_args_with_operators']) retrieved from /home/gabriel/Documents/projetos/apache-airflow/alura-apache-airflow-orquestrando-primeiro-pipeline-dados/airflow-alura/venv/lib/python3.9/site-packages/airflow/example_dags/example_xcomargs.py
[2023-03-06 23:51:27,319] {logging_mixin.py:115} INFO - [2023-03-06 23:51:27,319] {dag.py:2379} INFO - Sync 2 DAGs
[2023-03-06 23:51:27,333] {logging_mixin.py:115} INFO - [2023-03-06 23:51:27,333] {dag.py:2927} INFO - Setting next_dagrun for example_xcom_args to None, run_after=None
[2023-03-06 23:51:27,333] {logging_mixin.py:115} INFO - [2023-03-06 23:51:27,333] {dag.py:2927} INFO - Setting next_dagrun for example_xcom_args_with_operators to None, run_after=None
[2023-03-06 23:51:27,356] {processor.py:161} INFO - Processing /home/gabriel/Documents/projetos/apache-airflow/alura-apache-airflow-orquestrando-primeiro-pipeline-dados/airflow-alura/venv/lib/python3.9/site-packages/airflow/example_dags/example_xcomargs.py took 0.109 seconds
[2023-03-06 23:52:02,577] {processor.py:153} INFO - Started process (PID=22046) to work on /home/gabriel/Documents/projetos/apache-airflow/alura-apache-airflow-orquestrando-primeiro-pipeline-dados/airflow-alura/venv/lib/python3.9/site-packages/airflow/example_dags/example_xcomargs.py
[2023-03-06 23:52:02,582] {processor.py:641} INFO - Processing file /home/gabriel/Documents/projetos/apache-airflow/alura-apache-airflow-orquestrando-primeiro-pipeline-dados/airflow-alura/venv/lib/python3.9/site-packages/airflow/example_dags/example_xcomargs.py for tasks to queue
[2023-03-06 23:52:02,583] {logging_mixin.py:115} INFO - [2023-03-06 23:52:02,583] {dagbag.py:507} INFO - Filling up the DagBag from /home/gabriel/Documents/projetos/apache-airflow/alura-apache-airflow-orquestrando-primeiro-pipeline-dados/airflow-alura/venv/lib/python3.9/site-packages/airflow/example_dags/example_xcomargs.py
[2023-03-06 23:52:02,604] {processor.py:651} INFO - DAG(s) dict_keys(['example_xcom_args', 'example_xcom_args_with_operators']) retrieved from /home/gabriel/Documents/projetos/apache-airflow/alura-apache-airflow-orquestrando-primeiro-pipeline-dados/airflow-alura/venv/lib/python3.9/site-packages/airflow/example_dags/example_xcomargs.py
[2023-03-06 23:52:02,618] {logging_mixin.py:115} INFO - [2023-03-06 23:52:02,618] {dag.py:2379} INFO - Sync 2 DAGs
[2023-03-06 23:52:02,630] {logging_mixin.py:115} INFO - [2023-03-06 23:52:02,630] {dag.py:2927} INFO - Setting next_dagrun for example_xcom_args to None, run_after=None
[2023-03-06 23:52:02,630] {logging_mixin.py:115} INFO - [2023-03-06 23:52:02,630] {dag.py:2927} INFO - Setting next_dagrun for example_xcom_args_with_operators to None, run_after=None
[2023-03-06 23:52:02,649] {processor.py:161} INFO - Processing /home/gabriel/Documents/projetos/apache-airflow/alura-apache-airflow-orquestrando-primeiro-pipeline-dados/airflow-alura/venv/lib/python3.9/site-packages/airflow/example_dags/example_xcomargs.py took 0.075 seconds
[2023-03-06 23:52:38,908] {processor.py:153} INFO - Started process (PID=22197) to work on /home/gabriel/Documents/projetos/apache-airflow/alura-apache-airflow-orquestrando-primeiro-pipeline-dados/airflow-alura/venv/lib/python3.9/site-packages/airflow/example_dags/example_xcomargs.py
[2023-03-06 23:52:38,911] {processor.py:641} INFO - Processing file /home/gabriel/Documents/projetos/apache-airflow/alura-apache-airflow-orquestrando-primeiro-pipeline-dados/airflow-alura/venv/lib/python3.9/site-packages/airflow/example_dags/example_xcomargs.py for tasks to queue
[2023-03-06 23:52:38,912] {logging_mixin.py:115} INFO - [2023-03-06 23:52:38,912] {dagbag.py:507} INFO - Filling up the DagBag from /home/gabriel/Documents/projetos/apache-airflow/alura-apache-airflow-orquestrando-primeiro-pipeline-dados/airflow-alura/venv/lib/python3.9/site-packages/airflow/example_dags/example_xcomargs.py
[2023-03-06 23:52:38,956] {processor.py:651} INFO - DAG(s) dict_keys(['example_xcom_args', 'example_xcom_args_with_operators']) retrieved from /home/gabriel/Documents/projetos/apache-airflow/alura-apache-airflow-orquestrando-primeiro-pipeline-dados/airflow-alura/venv/lib/python3.9/site-packages/airflow/example_dags/example_xcomargs.py
[2023-03-06 23:52:38,974] {logging_mixin.py:115} INFO - [2023-03-06 23:52:38,974] {dag.py:2379} INFO - Sync 2 DAGs
[2023-03-06 23:52:38,989] {logging_mixin.py:115} INFO - [2023-03-06 23:52:38,989] {dag.py:2927} INFO - Setting next_dagrun for example_xcom_args to None, run_after=None
[2023-03-06 23:52:38,989] {logging_mixin.py:115} INFO - [2023-03-06 23:52:38,989] {dag.py:2927} INFO - Setting next_dagrun for example_xcom_args_with_operators to None, run_after=None
[2023-03-06 23:52:39,002] {processor.py:161} INFO - Processing /home/gabriel/Documents/projetos/apache-airflow/alura-apache-airflow-orquestrando-primeiro-pipeline-dados/airflow-alura/venv/lib/python3.9/site-packages/airflow/example_dags/example_xcomargs.py took 0.105 seconds
[2023-03-06 23:53:13,198] {processor.py:153} INFO - Started process (PID=22249) to work on /home/gabriel/Documents/projetos/apache-airflow/alura-apache-airflow-orquestrando-primeiro-pipeline-dados/airflow-alura/venv/lib/python3.9/site-packages/airflow/example_dags/example_xcomargs.py
[2023-03-06 23:53:13,200] {processor.py:641} INFO - Processing file /home/gabriel/Documents/projetos/apache-airflow/alura-apache-airflow-orquestrando-primeiro-pipeline-dados/airflow-alura/venv/lib/python3.9/site-packages/airflow/example_dags/example_xcomargs.py for tasks to queue
[2023-03-06 23:53:13,201] {logging_mixin.py:115} INFO - [2023-03-06 23:53:13,201] {dagbag.py:507} INFO - Filling up the DagBag from /home/gabriel/Documents/projetos/apache-airflow/alura-apache-airflow-orquestrando-primeiro-pipeline-dados/airflow-alura/venv/lib/python3.9/site-packages/airflow/example_dags/example_xcomargs.py
[2023-03-06 23:53:13,220] {processor.py:651} INFO - DAG(s) dict_keys(['example_xcom_args', 'example_xcom_args_with_operators']) retrieved from /home/gabriel/Documents/projetos/apache-airflow/alura-apache-airflow-orquestrando-primeiro-pipeline-dados/airflow-alura/venv/lib/python3.9/site-packages/airflow/example_dags/example_xcomargs.py
[2023-03-06 23:53:13,262] {logging_mixin.py:115} INFO - [2023-03-06 23:53:13,262] {dag.py:2379} INFO - Sync 2 DAGs
[2023-03-06 23:53:13,276] {logging_mixin.py:115} INFO - [2023-03-06 23:53:13,275] {dag.py:2927} INFO - Setting next_dagrun for example_xcom_args to None, run_after=None
[2023-03-06 23:53:13,276] {logging_mixin.py:115} INFO - [2023-03-06 23:53:13,276] {dag.py:2927} INFO - Setting next_dagrun for example_xcom_args_with_operators to None, run_after=None
[2023-03-06 23:53:13,292] {processor.py:161} INFO - Processing /home/gabriel/Documents/projetos/apache-airflow/alura-apache-airflow-orquestrando-primeiro-pipeline-dados/airflow-alura/venv/lib/python3.9/site-packages/airflow/example_dags/example_xcomargs.py took 0.099 seconds
[2023-03-06 23:53:46,581] {processor.py:153} INFO - Started process (PID=22305) to work on /home/gabriel/Documents/projetos/apache-airflow/alura-apache-airflow-orquestrando-primeiro-pipeline-dados/airflow-alura/venv/lib/python3.9/site-packages/airflow/example_dags/example_xcomargs.py
[2023-03-06 23:53:46,587] {processor.py:641} INFO - Processing file /home/gabriel/Documents/projetos/apache-airflow/alura-apache-airflow-orquestrando-primeiro-pipeline-dados/airflow-alura/venv/lib/python3.9/site-packages/airflow/example_dags/example_xcomargs.py for tasks to queue
[2023-03-06 23:53:46,588] {logging_mixin.py:115} INFO - [2023-03-06 23:53:46,588] {dagbag.py:507} INFO - Filling up the DagBag from /home/gabriel/Documents/projetos/apache-airflow/alura-apache-airflow-orquestrando-primeiro-pipeline-dados/airflow-alura/venv/lib/python3.9/site-packages/airflow/example_dags/example_xcomargs.py
[2023-03-06 23:53:46,634] {processor.py:651} INFO - DAG(s) dict_keys(['example_xcom_args', 'example_xcom_args_with_operators']) retrieved from /home/gabriel/Documents/projetos/apache-airflow/alura-apache-airflow-orquestrando-primeiro-pipeline-dados/airflow-alura/venv/lib/python3.9/site-packages/airflow/example_dags/example_xcomargs.py
[2023-03-06 23:53:46,674] {logging_mixin.py:115} INFO - [2023-03-06 23:53:46,674] {dag.py:2379} INFO - Sync 2 DAGs
[2023-03-06 23:53:46,686] {logging_mixin.py:115} INFO - [2023-03-06 23:53:46,686] {dag.py:2927} INFO - Setting next_dagrun for example_xcom_args to None, run_after=None
[2023-03-06 23:53:46,686] {logging_mixin.py:115} INFO - [2023-03-06 23:53:46,686] {dag.py:2927} INFO - Setting next_dagrun for example_xcom_args_with_operators to None, run_after=None
[2023-03-06 23:53:46,702] {processor.py:161} INFO - Processing /home/gabriel/Documents/projetos/apache-airflow/alura-apache-airflow-orquestrando-primeiro-pipeline-dados/airflow-alura/venv/lib/python3.9/site-packages/airflow/example_dags/example_xcomargs.py took 0.133 seconds
