[2023-03-06 23:51:03,457] {processor.py:153} INFO - Started process (PID=21806) to work on /home/gabriel/Documents/projetos/apache-airflow/alura-apache-airflow-orquestrando-primeiro-pipeline-dados/airflow-alura/venv/lib/python3.9/site-packages/airflow/example_dags/example_bash_operator.py
[2023-03-06 23:51:03,458] {processor.py:641} INFO - Processing file /home/gabriel/Documents/projetos/apache-airflow/alura-apache-airflow-orquestrando-primeiro-pipeline-dados/airflow-alura/venv/lib/python3.9/site-packages/airflow/example_dags/example_bash_operator.py for tasks to queue
[2023-03-06 23:51:03,459] {logging_mixin.py:115} INFO - [2023-03-06 23:51:03,459] {dagbag.py:507} INFO - Filling up the DagBag from /home/gabriel/Documents/projetos/apache-airflow/alura-apache-airflow-orquestrando-primeiro-pipeline-dados/airflow-alura/venv/lib/python3.9/site-packages/airflow/example_dags/example_bash_operator.py
[2023-03-06 23:51:03,487] {processor.py:651} INFO - DAG(s) dict_keys(['example_bash_operator']) retrieved from /home/gabriel/Documents/projetos/apache-airflow/alura-apache-airflow-orquestrando-primeiro-pipeline-dados/airflow-alura/venv/lib/python3.9/site-packages/airflow/example_dags/example_bash_operator.py
[2023-03-06 23:51:03,577] {logging_mixin.py:115} INFO - [2023-03-06 23:51:03,577] {manager.py:508} INFO - Created Permission View: can read on DAG:example_bash_operator
[2023-03-06 23:51:03,590] {logging_mixin.py:115} INFO - [2023-03-06 23:51:03,590] {manager.py:508} INFO - Created Permission View: can edit on DAG:example_bash_operator
[2023-03-06 23:51:03,598] {logging_mixin.py:115} INFO - [2023-03-06 23:51:03,597] {manager.py:508} INFO - Created Permission View: can delete on DAG:example_bash_operator
[2023-03-06 23:51:03,598] {logging_mixin.py:115} INFO - [2023-03-06 23:51:03,598] {dag.py:2379} INFO - Sync 1 DAGs
[2023-03-06 23:51:03,604] {logging_mixin.py:115} INFO - [2023-03-06 23:51:03,603] {dag.py:2398} INFO - Creating ORM DAG for example_bash_operator
[2023-03-06 23:51:03,613] {logging_mixin.py:115} INFO - [2023-03-06 23:51:03,613] {dag.py:2927} INFO - Setting next_dagrun for example_bash_operator to 2023-03-06T00:00:00+00:00, run_after=2023-03-07T00:00:00+00:00
[2023-03-06 23:51:03,628] {processor.py:161} INFO - Processing /home/gabriel/Documents/projetos/apache-airflow/alura-apache-airflow-orquestrando-primeiro-pipeline-dados/airflow-alura/venv/lib/python3.9/site-packages/airflow/example_dags/example_bash_operator.py took 0.178 seconds
[2023-03-06 23:51:39,612] {processor.py:153} INFO - Started process (PID=21854) to work on /home/gabriel/Documents/projetos/apache-airflow/alura-apache-airflow-orquestrando-primeiro-pipeline-dados/airflow-alura/venv/lib/python3.9/site-packages/airflow/example_dags/example_bash_operator.py
[2023-03-06 23:51:39,616] {processor.py:641} INFO - Processing file /home/gabriel/Documents/projetos/apache-airflow/alura-apache-airflow-orquestrando-primeiro-pipeline-dados/airflow-alura/venv/lib/python3.9/site-packages/airflow/example_dags/example_bash_operator.py for tasks to queue
[2023-03-06 23:51:39,616] {logging_mixin.py:115} INFO - [2023-03-06 23:51:39,616] {dagbag.py:507} INFO - Filling up the DagBag from /home/gabriel/Documents/projetos/apache-airflow/alura-apache-airflow-orquestrando-primeiro-pipeline-dados/airflow-alura/venv/lib/python3.9/site-packages/airflow/example_dags/example_bash_operator.py
[2023-03-06 23:51:39,634] {processor.py:651} INFO - DAG(s) dict_keys(['example_bash_operator']) retrieved from /home/gabriel/Documents/projetos/apache-airflow/alura-apache-airflow-orquestrando-primeiro-pipeline-dados/airflow-alura/venv/lib/python3.9/site-packages/airflow/example_dags/example_bash_operator.py
[2023-03-06 23:51:39,657] {logging_mixin.py:115} INFO - [2023-03-06 23:51:39,657] {dag.py:2379} INFO - Sync 1 DAGs
[2023-03-06 23:51:39,680] {logging_mixin.py:115} INFO - [2023-03-06 23:51:39,680] {dag.py:2927} INFO - Setting next_dagrun for example_bash_operator to 2023-03-06T00:00:00+00:00, run_after=2023-03-07T00:00:00+00:00
[2023-03-06 23:51:39,696] {processor.py:161} INFO - Processing /home/gabriel/Documents/projetos/apache-airflow/alura-apache-airflow-orquestrando-primeiro-pipeline-dados/airflow-alura/venv/lib/python3.9/site-packages/airflow/example_dags/example_bash_operator.py took 0.088 seconds
[2023-03-06 23:52:14,070] {processor.py:153} INFO - Started process (PID=22059) to work on /home/gabriel/Documents/projetos/apache-airflow/alura-apache-airflow-orquestrando-primeiro-pipeline-dados/airflow-alura/venv/lib/python3.9/site-packages/airflow/example_dags/example_bash_operator.py
[2023-03-06 23:52:14,072] {processor.py:641} INFO - Processing file /home/gabriel/Documents/projetos/apache-airflow/alura-apache-airflow-orquestrando-primeiro-pipeline-dados/airflow-alura/venv/lib/python3.9/site-packages/airflow/example_dags/example_bash_operator.py for tasks to queue
[2023-03-06 23:52:14,074] {logging_mixin.py:115} INFO - [2023-03-06 23:52:14,073] {dagbag.py:507} INFO - Filling up the DagBag from /home/gabriel/Documents/projetos/apache-airflow/alura-apache-airflow-orquestrando-primeiro-pipeline-dados/airflow-alura/venv/lib/python3.9/site-packages/airflow/example_dags/example_bash_operator.py
[2023-03-06 23:52:14,093] {processor.py:651} INFO - DAG(s) dict_keys(['example_bash_operator']) retrieved from /home/gabriel/Documents/projetos/apache-airflow/alura-apache-airflow-orquestrando-primeiro-pipeline-dados/airflow-alura/venv/lib/python3.9/site-packages/airflow/example_dags/example_bash_operator.py
[2023-03-06 23:52:14,108] {logging_mixin.py:115} INFO - [2023-03-06 23:52:14,108] {dag.py:2379} INFO - Sync 1 DAGs
[2023-03-06 23:52:14,120] {logging_mixin.py:115} INFO - [2023-03-06 23:52:14,120] {dag.py:2927} INFO - Setting next_dagrun for example_bash_operator to 2023-03-06T00:00:00+00:00, run_after=2023-03-07T00:00:00+00:00
[2023-03-06 23:52:14,135] {processor.py:161} INFO - Processing /home/gabriel/Documents/projetos/apache-airflow/alura-apache-airflow-orquestrando-primeiro-pipeline-dados/airflow-alura/venv/lib/python3.9/site-packages/airflow/example_dags/example_bash_operator.py took 0.074 seconds
[2023-03-06 23:52:50,802] {processor.py:153} INFO - Started process (PID=22216) to work on /home/gabriel/Documents/projetos/apache-airflow/alura-apache-airflow-orquestrando-primeiro-pipeline-dados/airflow-alura/venv/lib/python3.9/site-packages/airflow/example_dags/example_bash_operator.py
[2023-03-06 23:52:50,807] {processor.py:641} INFO - Processing file /home/gabriel/Documents/projetos/apache-airflow/alura-apache-airflow-orquestrando-primeiro-pipeline-dados/airflow-alura/venv/lib/python3.9/site-packages/airflow/example_dags/example_bash_operator.py for tasks to queue
[2023-03-06 23:52:50,809] {logging_mixin.py:115} INFO - [2023-03-06 23:52:50,809] {dagbag.py:507} INFO - Filling up the DagBag from /home/gabriel/Documents/projetos/apache-airflow/alura-apache-airflow-orquestrando-primeiro-pipeline-dados/airflow-alura/venv/lib/python3.9/site-packages/airflow/example_dags/example_bash_operator.py
[2023-03-06 23:52:50,853] {processor.py:651} INFO - DAG(s) dict_keys(['example_bash_operator']) retrieved from /home/gabriel/Documents/projetos/apache-airflow/alura-apache-airflow-orquestrando-primeiro-pipeline-dados/airflow-alura/venv/lib/python3.9/site-packages/airflow/example_dags/example_bash_operator.py
[2023-03-06 23:52:50,878] {logging_mixin.py:115} INFO - [2023-03-06 23:52:50,878] {dag.py:2379} INFO - Sync 1 DAGs
[2023-03-06 23:52:50,897] {logging_mixin.py:115} INFO - [2023-03-06 23:52:50,897] {dag.py:2927} INFO - Setting next_dagrun for example_bash_operator to 2023-03-06T00:00:00+00:00, run_after=2023-03-07T00:00:00+00:00
[2023-03-06 23:52:50,909] {processor.py:161} INFO - Processing /home/gabriel/Documents/projetos/apache-airflow/alura-apache-airflow-orquestrando-primeiro-pipeline-dados/airflow-alura/venv/lib/python3.9/site-packages/airflow/example_dags/example_bash_operator.py took 0.117 seconds
[2023-03-06 23:53:24,528] {processor.py:153} INFO - Started process (PID=22265) to work on /home/gabriel/Documents/projetos/apache-airflow/alura-apache-airflow-orquestrando-primeiro-pipeline-dados/airflow-alura/venv/lib/python3.9/site-packages/airflow/example_dags/example_bash_operator.py
[2023-03-06 23:53:24,531] {processor.py:641} INFO - Processing file /home/gabriel/Documents/projetos/apache-airflow/alura-apache-airflow-orquestrando-primeiro-pipeline-dados/airflow-alura/venv/lib/python3.9/site-packages/airflow/example_dags/example_bash_operator.py for tasks to queue
[2023-03-06 23:53:24,532] {logging_mixin.py:115} INFO - [2023-03-06 23:53:24,532] {dagbag.py:507} INFO - Filling up the DagBag from /home/gabriel/Documents/projetos/apache-airflow/alura-apache-airflow-orquestrando-primeiro-pipeline-dados/airflow-alura/venv/lib/python3.9/site-packages/airflow/example_dags/example_bash_operator.py
[2023-03-06 23:53:24,552] {processor.py:651} INFO - DAG(s) dict_keys(['example_bash_operator']) retrieved from /home/gabriel/Documents/projetos/apache-airflow/alura-apache-airflow-orquestrando-primeiro-pipeline-dados/airflow-alura/venv/lib/python3.9/site-packages/airflow/example_dags/example_bash_operator.py
[2023-03-06 23:53:24,566] {logging_mixin.py:115} INFO - [2023-03-06 23:53:24,566] {dag.py:2379} INFO - Sync 1 DAGs
[2023-03-06 23:53:24,579] {logging_mixin.py:115} INFO - [2023-03-06 23:53:24,579] {dag.py:2927} INFO - Setting next_dagrun for example_bash_operator to 2023-03-06T00:00:00+00:00, run_after=2023-03-07T00:00:00+00:00
[2023-03-06 23:53:24,590] {processor.py:161} INFO - Processing /home/gabriel/Documents/projetos/apache-airflow/alura-apache-airflow-orquestrando-primeiro-pipeline-dados/airflow-alura/venv/lib/python3.9/site-packages/airflow/example_dags/example_bash_operator.py took 0.070 seconds
