[2023-03-06 23:51:12,756] {processor.py:153} INFO - Started process (PID=21816) to work on /home/gabriel/Documents/projetos/apache-airflow/alura-apache-airflow-orquestrando-primeiro-pipeline-dados/airflow-alura/venv/lib/python3.9/site-packages/airflow/example_dags/example_complex.py
[2023-03-06 23:51:12,758] {processor.py:641} INFO - Processing file /home/gabriel/Documents/projetos/apache-airflow/alura-apache-airflow-orquestrando-primeiro-pipeline-dados/airflow-alura/venv/lib/python3.9/site-packages/airflow/example_dags/example_complex.py for tasks to queue
[2023-03-06 23:51:12,760] {logging_mixin.py:115} INFO - [2023-03-06 23:51:12,760] {dagbag.py:507} INFO - Filling up the DagBag from /home/gabriel/Documents/projetos/apache-airflow/alura-apache-airflow-orquestrando-primeiro-pipeline-dados/airflow-alura/venv/lib/python3.9/site-packages/airflow/example_dags/example_complex.py
[2023-03-06 23:51:12,796] {processor.py:651} INFO - DAG(s) dict_keys(['example_complex']) retrieved from /home/gabriel/Documents/projetos/apache-airflow/alura-apache-airflow-orquestrando-primeiro-pipeline-dados/airflow-alura/venv/lib/python3.9/site-packages/airflow/example_dags/example_complex.py
[2023-03-06 23:51:12,877] {logging_mixin.py:115} INFO - [2023-03-06 23:51:12,877] {manager.py:508} INFO - Created Permission View: can read on DAG:example_complex
[2023-03-06 23:51:12,893] {logging_mixin.py:115} INFO - [2023-03-06 23:51:12,893] {manager.py:508} INFO - Created Permission View: can edit on DAG:example_complex
[2023-03-06 23:51:12,902] {logging_mixin.py:115} INFO - [2023-03-06 23:51:12,902] {manager.py:508} INFO - Created Permission View: can delete on DAG:example_complex
[2023-03-06 23:51:12,902] {logging_mixin.py:115} INFO - [2023-03-06 23:51:12,902] {dag.py:2379} INFO - Sync 1 DAGs
[2023-03-06 23:51:12,910] {logging_mixin.py:115} INFO - [2023-03-06 23:51:12,910] {dag.py:2398} INFO - Creating ORM DAG for example_complex
[2023-03-06 23:51:12,921] {logging_mixin.py:115} INFO - [2023-03-06 23:51:12,921] {dag.py:2927} INFO - Setting next_dagrun for example_complex to None, run_after=None
[2023-03-06 23:51:12,947] {processor.py:161} INFO - Processing /home/gabriel/Documents/projetos/apache-airflow/alura-apache-airflow-orquestrando-primeiro-pipeline-dados/airflow-alura/venv/lib/python3.9/site-packages/airflow/example_dags/example_complex.py took 0.201 seconds
[2023-03-06 23:51:48,119] {processor.py:153} INFO - Started process (PID=21923) to work on /home/gabriel/Documents/projetos/apache-airflow/alura-apache-airflow-orquestrando-primeiro-pipeline-dados/airflow-alura/venv/lib/python3.9/site-packages/airflow/example_dags/example_complex.py
[2023-03-06 23:51:48,120] {processor.py:641} INFO - Processing file /home/gabriel/Documents/projetos/apache-airflow/alura-apache-airflow-orquestrando-primeiro-pipeline-dados/airflow-alura/venv/lib/python3.9/site-packages/airflow/example_dags/example_complex.py for tasks to queue
[2023-03-06 23:51:48,121] {logging_mixin.py:115} INFO - [2023-03-06 23:51:48,121] {dagbag.py:507} INFO - Filling up the DagBag from /home/gabriel/Documents/projetos/apache-airflow/alura-apache-airflow-orquestrando-primeiro-pipeline-dados/airflow-alura/venv/lib/python3.9/site-packages/airflow/example_dags/example_complex.py
[2023-03-06 23:51:48,139] {processor.py:651} INFO - DAG(s) dict_keys(['example_complex']) retrieved from /home/gabriel/Documents/projetos/apache-airflow/alura-apache-airflow-orquestrando-primeiro-pipeline-dados/airflow-alura/venv/lib/python3.9/site-packages/airflow/example_dags/example_complex.py
[2023-03-06 23:51:48,196] {logging_mixin.py:115} INFO - [2023-03-06 23:51:48,196] {dag.py:2379} INFO - Sync 1 DAGs
[2023-03-06 23:51:48,287] {logging_mixin.py:115} INFO - [2023-03-06 23:51:48,287] {dag.py:2927} INFO - Setting next_dagrun for example_complex to None, run_after=None
[2023-03-06 23:51:48,353] {processor.py:161} INFO - Processing /home/gabriel/Documents/projetos/apache-airflow/alura-apache-airflow-orquestrando-primeiro-pipeline-dados/airflow-alura/venv/lib/python3.9/site-packages/airflow/example_dags/example_complex.py took 0.237 seconds
[2023-03-06 23:52:24,975] {processor.py:153} INFO - Started process (PID=22127) to work on /home/gabriel/Documents/projetos/apache-airflow/alura-apache-airflow-orquestrando-primeiro-pipeline-dados/airflow-alura/venv/lib/python3.9/site-packages/airflow/example_dags/example_complex.py
[2023-03-06 23:52:24,977] {processor.py:641} INFO - Processing file /home/gabriel/Documents/projetos/apache-airflow/alura-apache-airflow-orquestrando-primeiro-pipeline-dados/airflow-alura/venv/lib/python3.9/site-packages/airflow/example_dags/example_complex.py for tasks to queue
[2023-03-06 23:52:24,978] {logging_mixin.py:115} INFO - [2023-03-06 23:52:24,978] {dagbag.py:507} INFO - Filling up the DagBag from /home/gabriel/Documents/projetos/apache-airflow/alura-apache-airflow-orquestrando-primeiro-pipeline-dados/airflow-alura/venv/lib/python3.9/site-packages/airflow/example_dags/example_complex.py
[2023-03-06 23:52:24,995] {processor.py:651} INFO - DAG(s) dict_keys(['example_complex']) retrieved from /home/gabriel/Documents/projetos/apache-airflow/alura-apache-airflow-orquestrando-primeiro-pipeline-dados/airflow-alura/venv/lib/python3.9/site-packages/airflow/example_dags/example_complex.py
[2023-03-06 23:52:25,010] {logging_mixin.py:115} INFO - [2023-03-06 23:52:25,010] {dag.py:2379} INFO - Sync 1 DAGs
[2023-03-06 23:52:25,023] {logging_mixin.py:115} INFO - [2023-03-06 23:52:25,023] {dag.py:2927} INFO - Setting next_dagrun for example_complex to None, run_after=None
[2023-03-06 23:52:25,034] {processor.py:161} INFO - Processing /home/gabriel/Documents/projetos/apache-airflow/alura-apache-airflow-orquestrando-primeiro-pipeline-dados/airflow-alura/venv/lib/python3.9/site-packages/airflow/example_dags/example_complex.py took 0.064 seconds
[2023-03-06 23:53:01,248] {processor.py:153} INFO - Started process (PID=22237) to work on /home/gabriel/Documents/projetos/apache-airflow/alura-apache-airflow-orquestrando-primeiro-pipeline-dados/airflow-alura/venv/lib/python3.9/site-packages/airflow/example_dags/example_complex.py
[2023-03-06 23:53:01,252] {processor.py:641} INFO - Processing file /home/gabriel/Documents/projetos/apache-airflow/alura-apache-airflow-orquestrando-primeiro-pipeline-dados/airflow-alura/venv/lib/python3.9/site-packages/airflow/example_dags/example_complex.py for tasks to queue
[2023-03-06 23:53:01,254] {logging_mixin.py:115} INFO - [2023-03-06 23:53:01,253] {dagbag.py:507} INFO - Filling up the DagBag from /home/gabriel/Documents/projetos/apache-airflow/alura-apache-airflow-orquestrando-primeiro-pipeline-dados/airflow-alura/venv/lib/python3.9/site-packages/airflow/example_dags/example_complex.py
[2023-03-06 23:53:01,272] {processor.py:651} INFO - DAG(s) dict_keys(['example_complex']) retrieved from /home/gabriel/Documents/projetos/apache-airflow/alura-apache-airflow-orquestrando-primeiro-pipeline-dados/airflow-alura/venv/lib/python3.9/site-packages/airflow/example_dags/example_complex.py
[2023-03-06 23:53:01,290] {logging_mixin.py:115} INFO - [2023-03-06 23:53:01,290] {dag.py:2379} INFO - Sync 1 DAGs
[2023-03-06 23:53:01,303] {logging_mixin.py:115} INFO - [2023-03-06 23:53:01,303] {dag.py:2927} INFO - Setting next_dagrun for example_complex to None, run_after=None
[2023-03-06 23:53:01,316] {processor.py:161} INFO - Processing /home/gabriel/Documents/projetos/apache-airflow/alura-apache-airflow-orquestrando-primeiro-pipeline-dados/airflow-alura/venv/lib/python3.9/site-packages/airflow/example_dags/example_complex.py took 0.077 seconds
[2023-03-06 23:53:36,242] {processor.py:153} INFO - Started process (PID=22281) to work on /home/gabriel/Documents/projetos/apache-airflow/alura-apache-airflow-orquestrando-primeiro-pipeline-dados/airflow-alura/venv/lib/python3.9/site-packages/airflow/example_dags/example_complex.py
[2023-03-06 23:53:36,244] {processor.py:641} INFO - Processing file /home/gabriel/Documents/projetos/apache-airflow/alura-apache-airflow-orquestrando-primeiro-pipeline-dados/airflow-alura/venv/lib/python3.9/site-packages/airflow/example_dags/example_complex.py for tasks to queue
[2023-03-06 23:53:36,245] {logging_mixin.py:115} INFO - [2023-03-06 23:53:36,245] {dagbag.py:507} INFO - Filling up the DagBag from /home/gabriel/Documents/projetos/apache-airflow/alura-apache-airflow-orquestrando-primeiro-pipeline-dados/airflow-alura/venv/lib/python3.9/site-packages/airflow/example_dags/example_complex.py
[2023-03-06 23:53:36,259] {processor.py:651} INFO - DAG(s) dict_keys(['example_complex']) retrieved from /home/gabriel/Documents/projetos/apache-airflow/alura-apache-airflow-orquestrando-primeiro-pipeline-dados/airflow-alura/venv/lib/python3.9/site-packages/airflow/example_dags/example_complex.py
[2023-03-06 23:53:36,275] {logging_mixin.py:115} INFO - [2023-03-06 23:53:36,275] {dag.py:2379} INFO - Sync 1 DAGs
[2023-03-06 23:53:36,288] {logging_mixin.py:115} INFO - [2023-03-06 23:53:36,288] {dag.py:2927} INFO - Setting next_dagrun for example_complex to None, run_after=None
[2023-03-06 23:53:36,300] {processor.py:161} INFO - Processing /home/gabriel/Documents/projetos/apache-airflow/alura-apache-airflow-orquestrando-primeiro-pipeline-dados/airflow-alura/venv/lib/python3.9/site-packages/airflow/example_dags/example_complex.py took 0.065 seconds
