[2023-03-06 23:50:50,380] {processor.py:153} INFO - Started process (PID=21740) to work on /home/gabriel/Documents/projetos/apache-airflow/alura-apache-airflow-orquestrando-primeiro-pipeline-dados/airflow-alura/venv/lib/python3.9/site-packages/airflow/example_dags/example_trigger_controller_dag.py
[2023-03-06 23:50:50,382] {processor.py:641} INFO - Processing file /home/gabriel/Documents/projetos/apache-airflow/alura-apache-airflow-orquestrando-primeiro-pipeline-dados/airflow-alura/venv/lib/python3.9/site-packages/airflow/example_dags/example_trigger_controller_dag.py for tasks to queue
[2023-03-06 23:50:50,384] {logging_mixin.py:115} INFO - [2023-03-06 23:50:50,384] {dagbag.py:507} INFO - Filling up the DagBag from /home/gabriel/Documents/projetos/apache-airflow/alura-apache-airflow-orquestrando-primeiro-pipeline-dados/airflow-alura/venv/lib/python3.9/site-packages/airflow/example_dags/example_trigger_controller_dag.py
[2023-03-06 23:50:50,398] {processor.py:651} INFO - DAG(s) dict_keys(['example_trigger_controller_dag']) retrieved from /home/gabriel/Documents/projetos/apache-airflow/alura-apache-airflow-orquestrando-primeiro-pipeline-dados/airflow-alura/venv/lib/python3.9/site-packages/airflow/example_dags/example_trigger_controller_dag.py
[2023-03-06 23:50:50,470] {logging_mixin.py:115} INFO - [2023-03-06 23:50:50,470] {manager.py:508} INFO - Created Permission View: can read on DAG:example_trigger_controller_dag
[2023-03-06 23:50:50,482] {logging_mixin.py:115} INFO - [2023-03-06 23:50:50,481] {manager.py:508} INFO - Created Permission View: can edit on DAG:example_trigger_controller_dag
[2023-03-06 23:50:50,490] {logging_mixin.py:115} INFO - [2023-03-06 23:50:50,489] {manager.py:508} INFO - Created Permission View: can delete on DAG:example_trigger_controller_dag
[2023-03-06 23:50:50,490] {logging_mixin.py:115} INFO - [2023-03-06 23:50:50,490] {dag.py:2379} INFO - Sync 1 DAGs
[2023-03-06 23:50:50,495] {logging_mixin.py:115} INFO - [2023-03-06 23:50:50,495] {dag.py:2398} INFO - Creating ORM DAG for example_trigger_controller_dag
[2023-03-06 23:50:50,502] {logging_mixin.py:115} INFO - [2023-03-06 23:50:50,502] {dag.py:2927} INFO - Setting next_dagrun for example_trigger_controller_dag to 2021-01-01T00:00:00+00:00, run_after=2021-01-01T00:00:00+00:00
[2023-03-06 23:50:50,517] {processor.py:161} INFO - Processing /home/gabriel/Documents/projetos/apache-airflow/alura-apache-airflow-orquestrando-primeiro-pipeline-dados/airflow-alura/venv/lib/python3.9/site-packages/airflow/example_dags/example_trigger_controller_dag.py took 0.146 seconds
[2023-03-06 23:51:26,003] {processor.py:153} INFO - Started process (PID=21836) to work on /home/gabriel/Documents/projetos/apache-airflow/alura-apache-airflow-orquestrando-primeiro-pipeline-dados/airflow-alura/venv/lib/python3.9/site-packages/airflow/example_dags/example_trigger_controller_dag.py
[2023-03-06 23:51:26,009] {processor.py:641} INFO - Processing file /home/gabriel/Documents/projetos/apache-airflow/alura-apache-airflow-orquestrando-primeiro-pipeline-dados/airflow-alura/venv/lib/python3.9/site-packages/airflow/example_dags/example_trigger_controller_dag.py for tasks to queue
[2023-03-06 23:51:26,011] {logging_mixin.py:115} INFO - [2023-03-06 23:51:26,011] {dagbag.py:507} INFO - Filling up the DagBag from /home/gabriel/Documents/projetos/apache-airflow/alura-apache-airflow-orquestrando-primeiro-pipeline-dados/airflow-alura/venv/lib/python3.9/site-packages/airflow/example_dags/example_trigger_controller_dag.py
[2023-03-06 23:51:26,029] {processor.py:651} INFO - DAG(s) dict_keys(['example_trigger_controller_dag']) retrieved from /home/gabriel/Documents/projetos/apache-airflow/alura-apache-airflow-orquestrando-primeiro-pipeline-dados/airflow-alura/venv/lib/python3.9/site-packages/airflow/example_dags/example_trigger_controller_dag.py
[2023-03-06 23:51:26,101] {logging_mixin.py:115} INFO - [2023-03-06 23:51:26,101] {dag.py:2379} INFO - Sync 1 DAGs
[2023-03-06 23:51:26,125] {logging_mixin.py:115} INFO - [2023-03-06 23:51:26,125] {dag.py:2927} INFO - Setting next_dagrun for example_trigger_controller_dag to 2021-01-01T00:00:00+00:00, run_after=2021-01-01T00:00:00+00:00
[2023-03-06 23:51:26,144] {processor.py:161} INFO - Processing /home/gabriel/Documents/projetos/apache-airflow/alura-apache-airflow-orquestrando-primeiro-pipeline-dados/airflow-alura/venv/lib/python3.9/site-packages/airflow/example_dags/example_trigger_controller_dag.py took 0.153 seconds
[2023-03-06 23:52:01,918] {processor.py:153} INFO - Started process (PID=22045) to work on /home/gabriel/Documents/projetos/apache-airflow/alura-apache-airflow-orquestrando-primeiro-pipeline-dados/airflow-alura/venv/lib/python3.9/site-packages/airflow/example_dags/example_trigger_controller_dag.py
[2023-03-06 23:52:01,921] {processor.py:641} INFO - Processing file /home/gabriel/Documents/projetos/apache-airflow/alura-apache-airflow-orquestrando-primeiro-pipeline-dados/airflow-alura/venv/lib/python3.9/site-packages/airflow/example_dags/example_trigger_controller_dag.py for tasks to queue
[2023-03-06 23:52:01,922] {logging_mixin.py:115} INFO - [2023-03-06 23:52:01,922] {dagbag.py:507} INFO - Filling up the DagBag from /home/gabriel/Documents/projetos/apache-airflow/alura-apache-airflow-orquestrando-primeiro-pipeline-dados/airflow-alura/venv/lib/python3.9/site-packages/airflow/example_dags/example_trigger_controller_dag.py
[2023-03-06 23:52:01,930] {processor.py:651} INFO - DAG(s) dict_keys(['example_trigger_controller_dag']) retrieved from /home/gabriel/Documents/projetos/apache-airflow/alura-apache-airflow-orquestrando-primeiro-pipeline-dados/airflow-alura/venv/lib/python3.9/site-packages/airflow/example_dags/example_trigger_controller_dag.py
[2023-03-06 23:52:01,949] {logging_mixin.py:115} INFO - [2023-03-06 23:52:01,949] {dag.py:2379} INFO - Sync 1 DAGs
[2023-03-06 23:52:01,962] {logging_mixin.py:115} INFO - [2023-03-06 23:52:01,961] {dag.py:2927} INFO - Setting next_dagrun for example_trigger_controller_dag to 2021-01-01T00:00:00+00:00, run_after=2021-01-01T00:00:00+00:00
[2023-03-06 23:52:01,973] {processor.py:161} INFO - Processing /home/gabriel/Documents/projetos/apache-airflow/alura-apache-airflow-orquestrando-primeiro-pipeline-dados/airflow-alura/venv/lib/python3.9/site-packages/airflow/example_dags/example_trigger_controller_dag.py took 0.065 seconds
[2023-03-06 23:52:38,584] {processor.py:153} INFO - Started process (PID=22196) to work on /home/gabriel/Documents/projetos/apache-airflow/alura-apache-airflow-orquestrando-primeiro-pipeline-dados/airflow-alura/venv/lib/python3.9/site-packages/airflow/example_dags/example_trigger_controller_dag.py
[2023-03-06 23:52:38,587] {processor.py:641} INFO - Processing file /home/gabriel/Documents/projetos/apache-airflow/alura-apache-airflow-orquestrando-primeiro-pipeline-dados/airflow-alura/venv/lib/python3.9/site-packages/airflow/example_dags/example_trigger_controller_dag.py for tasks to queue
[2023-03-06 23:52:38,589] {logging_mixin.py:115} INFO - [2023-03-06 23:52:38,589] {dagbag.py:507} INFO - Filling up the DagBag from /home/gabriel/Documents/projetos/apache-airflow/alura-apache-airflow-orquestrando-primeiro-pipeline-dados/airflow-alura/venv/lib/python3.9/site-packages/airflow/example_dags/example_trigger_controller_dag.py
[2023-03-06 23:52:38,600] {processor.py:651} INFO - DAG(s) dict_keys(['example_trigger_controller_dag']) retrieved from /home/gabriel/Documents/projetos/apache-airflow/alura-apache-airflow-orquestrando-primeiro-pipeline-dados/airflow-alura/venv/lib/python3.9/site-packages/airflow/example_dags/example_trigger_controller_dag.py
[2023-03-06 23:52:38,645] {logging_mixin.py:115} INFO - [2023-03-06 23:52:38,644] {dag.py:2379} INFO - Sync 1 DAGs
[2023-03-06 23:52:38,666] {logging_mixin.py:115} INFO - [2023-03-06 23:52:38,666] {dag.py:2927} INFO - Setting next_dagrun for example_trigger_controller_dag to 2021-01-01T00:00:00+00:00, run_after=2021-01-01T00:00:00+00:00
[2023-03-06 23:52:38,679] {processor.py:161} INFO - Processing /home/gabriel/Documents/projetos/apache-airflow/alura-apache-airflow-orquestrando-primeiro-pipeline-dados/airflow-alura/venv/lib/python3.9/site-packages/airflow/example_dags/example_trigger_controller_dag.py took 0.104 seconds
[2023-03-06 23:53:12,024] {processor.py:153} INFO - Started process (PID=22248) to work on /home/gabriel/Documents/projetos/apache-airflow/alura-apache-airflow-orquestrando-primeiro-pipeline-dados/airflow-alura/venv/lib/python3.9/site-packages/airflow/example_dags/example_trigger_controller_dag.py
[2023-03-06 23:53:12,026] {processor.py:641} INFO - Processing file /home/gabriel/Documents/projetos/apache-airflow/alura-apache-airflow-orquestrando-primeiro-pipeline-dados/airflow-alura/venv/lib/python3.9/site-packages/airflow/example_dags/example_trigger_controller_dag.py for tasks to queue
[2023-03-06 23:53:12,026] {logging_mixin.py:115} INFO - [2023-03-06 23:53:12,026] {dagbag.py:507} INFO - Filling up the DagBag from /home/gabriel/Documents/projetos/apache-airflow/alura-apache-airflow-orquestrando-primeiro-pipeline-dados/airflow-alura/venv/lib/python3.9/site-packages/airflow/example_dags/example_trigger_controller_dag.py
[2023-03-06 23:53:12,030] {processor.py:651} INFO - DAG(s) dict_keys(['example_trigger_controller_dag']) retrieved from /home/gabriel/Documents/projetos/apache-airflow/alura-apache-airflow-orquestrando-primeiro-pipeline-dados/airflow-alura/venv/lib/python3.9/site-packages/airflow/example_dags/example_trigger_controller_dag.py
[2023-03-06 23:53:12,045] {logging_mixin.py:115} INFO - [2023-03-06 23:53:12,045] {dag.py:2379} INFO - Sync 1 DAGs
[2023-03-06 23:53:12,059] {logging_mixin.py:115} INFO - [2023-03-06 23:53:12,059] {dag.py:2927} INFO - Setting next_dagrun for example_trigger_controller_dag to 2021-01-01T00:00:00+00:00, run_after=2021-01-01T00:00:00+00:00
[2023-03-06 23:53:12,071] {processor.py:161} INFO - Processing /home/gabriel/Documents/projetos/apache-airflow/alura-apache-airflow-orquestrando-primeiro-pipeline-dados/airflow-alura/venv/lib/python3.9/site-packages/airflow/example_dags/example_trigger_controller_dag.py took 0.051 seconds
[2023-03-06 23:53:45,918] {processor.py:153} INFO - Started process (PID=22304) to work on /home/gabriel/Documents/projetos/apache-airflow/alura-apache-airflow-orquestrando-primeiro-pipeline-dados/airflow-alura/venv/lib/python3.9/site-packages/airflow/example_dags/example_trigger_controller_dag.py
[2023-03-06 23:53:45,920] {processor.py:641} INFO - Processing file /home/gabriel/Documents/projetos/apache-airflow/alura-apache-airflow-orquestrando-primeiro-pipeline-dados/airflow-alura/venv/lib/python3.9/site-packages/airflow/example_dags/example_trigger_controller_dag.py for tasks to queue
[2023-03-06 23:53:45,921] {logging_mixin.py:115} INFO - [2023-03-06 23:53:45,921] {dagbag.py:507} INFO - Filling up the DagBag from /home/gabriel/Documents/projetos/apache-airflow/alura-apache-airflow-orquestrando-primeiro-pipeline-dados/airflow-alura/venv/lib/python3.9/site-packages/airflow/example_dags/example_trigger_controller_dag.py
[2023-03-06 23:53:45,926] {processor.py:651} INFO - DAG(s) dict_keys(['example_trigger_controller_dag']) retrieved from /home/gabriel/Documents/projetos/apache-airflow/alura-apache-airflow-orquestrando-primeiro-pipeline-dados/airflow-alura/venv/lib/python3.9/site-packages/airflow/example_dags/example_trigger_controller_dag.py
[2023-03-06 23:53:45,948] {logging_mixin.py:115} INFO - [2023-03-06 23:53:45,948] {dag.py:2379} INFO - Sync 1 DAGs
[2023-03-06 23:53:45,967] {logging_mixin.py:115} INFO - [2023-03-06 23:53:45,967] {dag.py:2927} INFO - Setting next_dagrun for example_trigger_controller_dag to 2021-01-01T00:00:00+00:00, run_after=2021-01-01T00:00:00+00:00
[2023-03-06 23:53:45,980] {processor.py:161} INFO - Processing /home/gabriel/Documents/projetos/apache-airflow/alura-apache-airflow-orquestrando-primeiro-pipeline-dados/airflow-alura/venv/lib/python3.9/site-packages/airflow/example_dags/example_trigger_controller_dag.py took 0.066 seconds
