[2023-03-06 23:50:43,123] {processor.py:153} INFO - Started process (PID=21683) to work on /home/gabriel/Documents/projetos/apache-airflow/alura-apache-airflow-orquestrando-primeiro-pipeline-dados/airflow-alura/venv/lib/python3.9/site-packages/airflow/example_dags/example_task_group_decorator.py
[2023-03-06 23:50:43,124] {processor.py:641} INFO - Processing file /home/gabriel/Documents/projetos/apache-airflow/alura-apache-airflow-orquestrando-primeiro-pipeline-dados/airflow-alura/venv/lib/python3.9/site-packages/airflow/example_dags/example_task_group_decorator.py for tasks to queue
[2023-03-06 23:50:43,129] {logging_mixin.py:115} INFO - [2023-03-06 23:50:43,124] {dagbag.py:507} INFO - Filling up the DagBag from /home/gabriel/Documents/projetos/apache-airflow/alura-apache-airflow-orquestrando-primeiro-pipeline-dados/airflow-alura/venv/lib/python3.9/site-packages/airflow/example_dags/example_task_group_decorator.py
[2023-03-06 23:50:43,197] {processor.py:651} INFO - DAG(s) dict_keys(['example_task_group_decorator']) retrieved from /home/gabriel/Documents/projetos/apache-airflow/alura-apache-airflow-orquestrando-primeiro-pipeline-dados/airflow-alura/venv/lib/python3.9/site-packages/airflow/example_dags/example_task_group_decorator.py
[2023-03-06 23:50:43,310] {logging_mixin.py:115} INFO - [2023-03-06 23:50:43,310] {manager.py:508} INFO - Created Permission View: can read on DAG:example_task_group_decorator
[2023-03-06 23:50:43,352] {logging_mixin.py:115} INFO - [2023-03-06 23:50:43,352] {manager.py:508} INFO - Created Permission View: can edit on DAG:example_task_group_decorator
[2023-03-06 23:50:43,371] {logging_mixin.py:115} INFO - [2023-03-06 23:50:43,371] {manager.py:508} INFO - Created Permission View: can delete on DAG:example_task_group_decorator
[2023-03-06 23:50:43,372] {logging_mixin.py:115} INFO - [2023-03-06 23:50:43,372] {dag.py:2379} INFO - Sync 1 DAGs
[2023-03-06 23:50:43,397] {logging_mixin.py:115} INFO - [2023-03-06 23:50:43,397] {dag.py:2398} INFO - Creating ORM DAG for example_task_group_decorator
[2023-03-06 23:50:43,430] {logging_mixin.py:115} INFO - [2023-03-06 23:50:43,430] {dag.py:2927} INFO - Setting next_dagrun for example_task_group_decorator to 2023-03-06T02:50:43.429479+00:00, run_after=2023-03-07T02:50:43.429479+00:00
[2023-03-06 23:50:43,461] {processor.py:161} INFO - Processing /home/gabriel/Documents/projetos/apache-airflow/alura-apache-airflow-orquestrando-primeiro-pipeline-dados/airflow-alura/venv/lib/python3.9/site-packages/airflow/example_dags/example_task_group_decorator.py took 0.340 seconds
[2023-03-06 23:51:20,712] {processor.py:153} INFO - Started process (PID=21829) to work on /home/gabriel/Documents/projetos/apache-airflow/alura-apache-airflow-orquestrando-primeiro-pipeline-dados/airflow-alura/venv/lib/python3.9/site-packages/airflow/example_dags/example_task_group_decorator.py
[2023-03-06 23:51:20,716] {processor.py:641} INFO - Processing file /home/gabriel/Documents/projetos/apache-airflow/alura-apache-airflow-orquestrando-primeiro-pipeline-dados/airflow-alura/venv/lib/python3.9/site-packages/airflow/example_dags/example_task_group_decorator.py for tasks to queue
[2023-03-06 23:51:20,717] {logging_mixin.py:115} INFO - [2023-03-06 23:51:20,717] {dagbag.py:507} INFO - Filling up the DagBag from /home/gabriel/Documents/projetos/apache-airflow/alura-apache-airflow-orquestrando-primeiro-pipeline-dados/airflow-alura/venv/lib/python3.9/site-packages/airflow/example_dags/example_task_group_decorator.py
[2023-03-06 23:51:20,741] {processor.py:651} INFO - DAG(s) dict_keys(['example_task_group_decorator']) retrieved from /home/gabriel/Documents/projetos/apache-airflow/alura-apache-airflow-orquestrando-primeiro-pipeline-dados/airflow-alura/venv/lib/python3.9/site-packages/airflow/example_dags/example_task_group_decorator.py
[2023-03-06 23:51:20,786] {logging_mixin.py:115} INFO - [2023-03-06 23:51:20,786] {dag.py:2379} INFO - Sync 1 DAGs
[2023-03-06 23:51:20,804] {logging_mixin.py:115} INFO - [2023-03-06 23:51:20,804] {dag.py:2927} INFO - Setting next_dagrun for example_task_group_decorator to 2023-03-06T02:51:20.804353+00:00, run_after=2023-03-07T02:51:20.804353+00:00
[2023-03-06 23:51:20,822] {processor.py:161} INFO - Processing /home/gabriel/Documents/projetos/apache-airflow/alura-apache-airflow-orquestrando-primeiro-pipeline-dados/airflow-alura/venv/lib/python3.9/site-packages/airflow/example_dags/example_task_group_decorator.py took 0.111 seconds
[2023-03-06 23:51:55,809] {processor.py:153} INFO - Started process (PID=22037) to work on /home/gabriel/Documents/projetos/apache-airflow/alura-apache-airflow-orquestrando-primeiro-pipeline-dados/airflow-alura/venv/lib/python3.9/site-packages/airflow/example_dags/example_task_group_decorator.py
[2023-03-06 23:51:55,809] {processor.py:641} INFO - Processing file /home/gabriel/Documents/projetos/apache-airflow/alura-apache-airflow-orquestrando-primeiro-pipeline-dados/airflow-alura/venv/lib/python3.9/site-packages/airflow/example_dags/example_task_group_decorator.py for tasks to queue
[2023-03-06 23:51:55,810] {logging_mixin.py:115} INFO - [2023-03-06 23:51:55,810] {dagbag.py:507} INFO - Filling up the DagBag from /home/gabriel/Documents/projetos/apache-airflow/alura-apache-airflow-orquestrando-primeiro-pipeline-dados/airflow-alura/venv/lib/python3.9/site-packages/airflow/example_dags/example_task_group_decorator.py
[2023-03-06 23:51:55,839] {processor.py:651} INFO - DAG(s) dict_keys(['example_task_group_decorator']) retrieved from /home/gabriel/Documents/projetos/apache-airflow/alura-apache-airflow-orquestrando-primeiro-pipeline-dados/airflow-alura/venv/lib/python3.9/site-packages/airflow/example_dags/example_task_group_decorator.py
[2023-03-06 23:51:55,855] {logging_mixin.py:115} INFO - [2023-03-06 23:51:55,855] {dag.py:2379} INFO - Sync 1 DAGs
[2023-03-06 23:51:55,873] {logging_mixin.py:115} INFO - [2023-03-06 23:51:55,873] {dag.py:2927} INFO - Setting next_dagrun for example_task_group_decorator to 2023-03-06T02:51:55.872929+00:00, run_after=2023-03-07T02:51:55.872929+00:00
[2023-03-06 23:51:55,888] {processor.py:161} INFO - Processing /home/gabriel/Documents/projetos/apache-airflow/alura-apache-airflow-orquestrando-primeiro-pipeline-dados/airflow-alura/venv/lib/python3.9/site-packages/airflow/example_dags/example_task_group_decorator.py took 0.082 seconds
[2023-03-06 23:52:29,763] {processor.py:153} INFO - Started process (PID=22186) to work on /home/gabriel/Documents/projetos/apache-airflow/alura-apache-airflow-orquestrando-primeiro-pipeline-dados/airflow-alura/venv/lib/python3.9/site-packages/airflow/example_dags/example_task_group_decorator.py
[2023-03-06 23:52:29,768] {processor.py:641} INFO - Processing file /home/gabriel/Documents/projetos/apache-airflow/alura-apache-airflow-orquestrando-primeiro-pipeline-dados/airflow-alura/venv/lib/python3.9/site-packages/airflow/example_dags/example_task_group_decorator.py for tasks to queue
[2023-03-06 23:52:29,770] {logging_mixin.py:115} INFO - [2023-03-06 23:52:29,770] {dagbag.py:507} INFO - Filling up the DagBag from /home/gabriel/Documents/projetos/apache-airflow/alura-apache-airflow-orquestrando-primeiro-pipeline-dados/airflow-alura/venv/lib/python3.9/site-packages/airflow/example_dags/example_task_group_decorator.py
[2023-03-06 23:52:29,813] {processor.py:651} INFO - DAG(s) dict_keys(['example_task_group_decorator']) retrieved from /home/gabriel/Documents/projetos/apache-airflow/alura-apache-airflow-orquestrando-primeiro-pipeline-dados/airflow-alura/venv/lib/python3.9/site-packages/airflow/example_dags/example_task_group_decorator.py
[2023-03-06 23:52:29,826] {logging_mixin.py:115} INFO - [2023-03-06 23:52:29,826] {dag.py:2379} INFO - Sync 1 DAGs
[2023-03-06 23:52:29,840] {logging_mixin.py:115} INFO - [2023-03-06 23:52:29,840] {dag.py:2927} INFO - Setting next_dagrun for example_task_group_decorator to 2023-03-06T02:52:29.839874+00:00, run_after=2023-03-07T02:52:29.839874+00:00
[2023-03-06 23:52:29,854] {processor.py:161} INFO - Processing /home/gabriel/Documents/projetos/apache-airflow/alura-apache-airflow-orquestrando-primeiro-pipeline-dados/airflow-alura/venv/lib/python3.9/site-packages/airflow/example_dags/example_task_group_decorator.py took 0.107 seconds
[2023-03-06 23:53:03,026] {processor.py:153} INFO - Started process (PID=22239) to work on /home/gabriel/Documents/projetos/apache-airflow/alura-apache-airflow-orquestrando-primeiro-pipeline-dados/airflow-alura/venv/lib/python3.9/site-packages/airflow/example_dags/example_task_group_decorator.py
[2023-03-06 23:53:03,028] {processor.py:641} INFO - Processing file /home/gabriel/Documents/projetos/apache-airflow/alura-apache-airflow-orquestrando-primeiro-pipeline-dados/airflow-alura/venv/lib/python3.9/site-packages/airflow/example_dags/example_task_group_decorator.py for tasks to queue
[2023-03-06 23:53:03,029] {logging_mixin.py:115} INFO - [2023-03-06 23:53:03,029] {dagbag.py:507} INFO - Filling up the DagBag from /home/gabriel/Documents/projetos/apache-airflow/alura-apache-airflow-orquestrando-primeiro-pipeline-dados/airflow-alura/venv/lib/python3.9/site-packages/airflow/example_dags/example_task_group_decorator.py
[2023-03-06 23:53:03,064] {processor.py:651} INFO - DAG(s) dict_keys(['example_task_group_decorator']) retrieved from /home/gabriel/Documents/projetos/apache-airflow/alura-apache-airflow-orquestrando-primeiro-pipeline-dados/airflow-alura/venv/lib/python3.9/site-packages/airflow/example_dags/example_task_group_decorator.py
[2023-03-06 23:53:03,105] {logging_mixin.py:115} INFO - [2023-03-06 23:53:03,105] {dag.py:2379} INFO - Sync 1 DAGs
[2023-03-06 23:53:03,120] {logging_mixin.py:115} INFO - [2023-03-06 23:53:03,120] {dag.py:2927} INFO - Setting next_dagrun for example_task_group_decorator to 2023-03-06T02:53:03.120337+00:00, run_after=2023-03-07T02:53:03.120337+00:00
[2023-03-06 23:53:03,136] {processor.py:161} INFO - Processing /home/gabriel/Documents/projetos/apache-airflow/alura-apache-airflow-orquestrando-primeiro-pipeline-dados/airflow-alura/venv/lib/python3.9/site-packages/airflow/example_dags/example_task_group_decorator.py took 0.116 seconds
[2023-03-06 23:53:37,411] {processor.py:153} INFO - Started process (PID=22283) to work on /home/gabriel/Documents/projetos/apache-airflow/alura-apache-airflow-orquestrando-primeiro-pipeline-dados/airflow-alura/venv/lib/python3.9/site-packages/airflow/example_dags/example_task_group_decorator.py
[2023-03-06 23:53:37,414] {processor.py:641} INFO - Processing file /home/gabriel/Documents/projetos/apache-airflow/alura-apache-airflow-orquestrando-primeiro-pipeline-dados/airflow-alura/venv/lib/python3.9/site-packages/airflow/example_dags/example_task_group_decorator.py for tasks to queue
[2023-03-06 23:53:37,415] {logging_mixin.py:115} INFO - [2023-03-06 23:53:37,414] {dagbag.py:507} INFO - Filling up the DagBag from /home/gabriel/Documents/projetos/apache-airflow/alura-apache-airflow-orquestrando-primeiro-pipeline-dados/airflow-alura/venv/lib/python3.9/site-packages/airflow/example_dags/example_task_group_decorator.py
[2023-03-06 23:53:37,446] {processor.py:651} INFO - DAG(s) dict_keys(['example_task_group_decorator']) retrieved from /home/gabriel/Documents/projetos/apache-airflow/alura-apache-airflow-orquestrando-primeiro-pipeline-dados/airflow-alura/venv/lib/python3.9/site-packages/airflow/example_dags/example_task_group_decorator.py
[2023-03-06 23:53:37,459] {logging_mixin.py:115} INFO - [2023-03-06 23:53:37,459] {dag.py:2379} INFO - Sync 1 DAGs
[2023-03-06 23:53:37,471] {logging_mixin.py:115} INFO - [2023-03-06 23:53:37,471] {dag.py:2927} INFO - Setting next_dagrun for example_task_group_decorator to 2023-03-06T02:53:37.471211+00:00, run_after=2023-03-07T02:53:37.471211+00:00
[2023-03-06 23:53:37,485] {processor.py:161} INFO - Processing /home/gabriel/Documents/projetos/apache-airflow/alura-apache-airflow-orquestrando-primeiro-pipeline-dados/airflow-alura/venv/lib/python3.9/site-packages/airflow/example_dags/example_task_group_decorator.py took 0.080 seconds
