[2023-03-06 23:50:55,723] {processor.py:153} INFO - Started process (PID=21799) to work on /home/gabriel/Documents/projetos/apache-airflow/alura-apache-airflow-orquestrando-primeiro-pipeline-dados/airflow-alura/venv/lib/python3.9/site-packages/airflow/example_dags/example_skip_dag.py
[2023-03-06 23:50:55,723] {processor.py:641} INFO - Processing file /home/gabriel/Documents/projetos/apache-airflow/alura-apache-airflow-orquestrando-primeiro-pipeline-dados/airflow-alura/venv/lib/python3.9/site-packages/airflow/example_dags/example_skip_dag.py for tasks to queue
[2023-03-06 23:50:55,723] {logging_mixin.py:115} INFO - [2023-03-06 23:50:55,723] {dagbag.py:507} INFO - Filling up the DagBag from /home/gabriel/Documents/projetos/apache-airflow/alura-apache-airflow-orquestrando-primeiro-pipeline-dados/airflow-alura/venv/lib/python3.9/site-packages/airflow/example_dags/example_skip_dag.py
[2023-03-06 23:50:55,728] {processor.py:651} INFO - DAG(s) dict_keys(['example_skip_dag']) retrieved from /home/gabriel/Documents/projetos/apache-airflow/alura-apache-airflow-orquestrando-primeiro-pipeline-dados/airflow-alura/venv/lib/python3.9/site-packages/airflow/example_dags/example_skip_dag.py
[2023-03-06 23:50:55,782] {logging_mixin.py:115} INFO - [2023-03-06 23:50:55,782] {manager.py:508} INFO - Created Permission View: can read on DAG:example_skip_dag
[2023-03-06 23:50:55,796] {logging_mixin.py:115} INFO - [2023-03-06 23:50:55,796] {manager.py:508} INFO - Created Permission View: can edit on DAG:example_skip_dag
[2023-03-06 23:50:55,805] {logging_mixin.py:115} INFO - [2023-03-06 23:50:55,804] {manager.py:508} INFO - Created Permission View: can delete on DAG:example_skip_dag
[2023-03-06 23:50:55,805] {logging_mixin.py:115} INFO - [2023-03-06 23:50:55,805] {dag.py:2379} INFO - Sync 1 DAGs
[2023-03-06 23:50:55,815] {logging_mixin.py:115} INFO - [2023-03-06 23:50:55,815] {dag.py:2398} INFO - Creating ORM DAG for example_skip_dag
[2023-03-06 23:50:55,826] {logging_mixin.py:115} INFO - [2023-03-06 23:50:55,826] {dag.py:2927} INFO - Setting next_dagrun for example_skip_dag to 2023-03-06T02:50:55.826115+00:00, run_after=2023-03-07T02:50:55.826115+00:00
[2023-03-06 23:50:55,847] {processor.py:161} INFO - Processing /home/gabriel/Documents/projetos/apache-airflow/alura-apache-airflow-orquestrando-primeiro-pipeline-dados/airflow-alura/venv/lib/python3.9/site-packages/airflow/example_dags/example_skip_dag.py took 0.126 seconds
[2023-03-06 23:51:31,279] {processor.py:153} INFO - Started process (PID=21843) to work on /home/gabriel/Documents/projetos/apache-airflow/alura-apache-airflow-orquestrando-primeiro-pipeline-dados/airflow-alura/venv/lib/python3.9/site-packages/airflow/example_dags/example_skip_dag.py
[2023-03-06 23:51:31,287] {processor.py:641} INFO - Processing file /home/gabriel/Documents/projetos/apache-airflow/alura-apache-airflow-orquestrando-primeiro-pipeline-dados/airflow-alura/venv/lib/python3.9/site-packages/airflow/example_dags/example_skip_dag.py for tasks to queue
[2023-03-06 23:51:31,289] {logging_mixin.py:115} INFO - [2023-03-06 23:51:31,289] {dagbag.py:507} INFO - Filling up the DagBag from /home/gabriel/Documents/projetos/apache-airflow/alura-apache-airflow-orquestrando-primeiro-pipeline-dados/airflow-alura/venv/lib/python3.9/site-packages/airflow/example_dags/example_skip_dag.py
[2023-03-06 23:51:31,325] {processor.py:651} INFO - DAG(s) dict_keys(['example_skip_dag']) retrieved from /home/gabriel/Documents/projetos/apache-airflow/alura-apache-airflow-orquestrando-primeiro-pipeline-dados/airflow-alura/venv/lib/python3.9/site-packages/airflow/example_dags/example_skip_dag.py
[2023-03-06 23:51:31,361] {logging_mixin.py:115} INFO - [2023-03-06 23:51:31,361] {dag.py:2379} INFO - Sync 1 DAGs
[2023-03-06 23:51:31,378] {logging_mixin.py:115} INFO - [2023-03-06 23:51:31,378] {dag.py:2927} INFO - Setting next_dagrun for example_skip_dag to 2023-03-06T02:51:31.378452+00:00, run_after=2023-03-07T02:51:31.378452+00:00
[2023-03-06 23:51:31,393] {processor.py:161} INFO - Processing /home/gabriel/Documents/projetos/apache-airflow/alura-apache-airflow-orquestrando-primeiro-pipeline-dados/airflow-alura/venv/lib/python3.9/site-packages/airflow/example_dags/example_skip_dag.py took 0.131 seconds
[2023-03-06 23:52:07,231] {processor.py:153} INFO - Started process (PID=22052) to work on /home/gabriel/Documents/projetos/apache-airflow/alura-apache-airflow-orquestrando-primeiro-pipeline-dados/airflow-alura/venv/lib/python3.9/site-packages/airflow/example_dags/example_skip_dag.py
[2023-03-06 23:52:07,232] {processor.py:641} INFO - Processing file /home/gabriel/Documents/projetos/apache-airflow/alura-apache-airflow-orquestrando-primeiro-pipeline-dados/airflow-alura/venv/lib/python3.9/site-packages/airflow/example_dags/example_skip_dag.py for tasks to queue
[2023-03-06 23:52:07,233] {logging_mixin.py:115} INFO - [2023-03-06 23:52:07,233] {dagbag.py:507} INFO - Filling up the DagBag from /home/gabriel/Documents/projetos/apache-airflow/alura-apache-airflow-orquestrando-primeiro-pipeline-dados/airflow-alura/venv/lib/python3.9/site-packages/airflow/example_dags/example_skip_dag.py
[2023-03-06 23:52:07,242] {processor.py:651} INFO - DAG(s) dict_keys(['example_skip_dag']) retrieved from /home/gabriel/Documents/projetos/apache-airflow/alura-apache-airflow-orquestrando-primeiro-pipeline-dados/airflow-alura/venv/lib/python3.9/site-packages/airflow/example_dags/example_skip_dag.py
[2023-03-06 23:52:07,264] {logging_mixin.py:115} INFO - [2023-03-06 23:52:07,264] {dag.py:2379} INFO - Sync 1 DAGs
[2023-03-06 23:52:07,282] {logging_mixin.py:115} INFO - [2023-03-06 23:52:07,282] {dag.py:2927} INFO - Setting next_dagrun for example_skip_dag to 2023-03-06T02:52:07.282443+00:00, run_after=2023-03-07T02:52:07.282443+00:00
[2023-03-06 23:52:07,296] {processor.py:161} INFO - Processing /home/gabriel/Documents/projetos/apache-airflow/alura-apache-airflow-orquestrando-primeiro-pipeline-dados/airflow-alura/venv/lib/python3.9/site-packages/airflow/example_dags/example_skip_dag.py took 0.069 seconds
[2023-03-06 23:52:43,700] {processor.py:153} INFO - Started process (PID=22203) to work on /home/gabriel/Documents/projetos/apache-airflow/alura-apache-airflow-orquestrando-primeiro-pipeline-dados/airflow-alura/venv/lib/python3.9/site-packages/airflow/example_dags/example_skip_dag.py
[2023-03-06 23:52:43,703] {processor.py:641} INFO - Processing file /home/gabriel/Documents/projetos/apache-airflow/alura-apache-airflow-orquestrando-primeiro-pipeline-dados/airflow-alura/venv/lib/python3.9/site-packages/airflow/example_dags/example_skip_dag.py for tasks to queue
[2023-03-06 23:52:43,705] {logging_mixin.py:115} INFO - [2023-03-06 23:52:43,704] {dagbag.py:507} INFO - Filling up the DagBag from /home/gabriel/Documents/projetos/apache-airflow/alura-apache-airflow-orquestrando-primeiro-pipeline-dados/airflow-alura/venv/lib/python3.9/site-packages/airflow/example_dags/example_skip_dag.py
[2023-03-06 23:52:43,727] {processor.py:651} INFO - DAG(s) dict_keys(['example_skip_dag']) retrieved from /home/gabriel/Documents/projetos/apache-airflow/alura-apache-airflow-orquestrando-primeiro-pipeline-dados/airflow-alura/venv/lib/python3.9/site-packages/airflow/example_dags/example_skip_dag.py
[2023-03-06 23:52:43,763] {logging_mixin.py:115} INFO - [2023-03-06 23:52:43,763] {dag.py:2379} INFO - Sync 1 DAGs
[2023-03-06 23:52:43,781] {logging_mixin.py:115} INFO - [2023-03-06 23:52:43,781] {dag.py:2927} INFO - Setting next_dagrun for example_skip_dag to 2023-03-06T02:52:43.781182+00:00, run_after=2023-03-07T02:52:43.781182+00:00
[2023-03-06 23:52:43,804] {processor.py:161} INFO - Processing /home/gabriel/Documents/projetos/apache-airflow/alura-apache-airflow-orquestrando-primeiro-pipeline-dados/airflow-alura/venv/lib/python3.9/site-packages/airflow/example_dags/example_skip_dag.py took 0.113 seconds
[2023-03-06 23:53:17,908] {processor.py:153} INFO - Started process (PID=22256) to work on /home/gabriel/Documents/projetos/apache-airflow/alura-apache-airflow-orquestrando-primeiro-pipeline-dados/airflow-alura/venv/lib/python3.9/site-packages/airflow/example_dags/example_skip_dag.py
[2023-03-06 23:53:17,910] {processor.py:641} INFO - Processing file /home/gabriel/Documents/projetos/apache-airflow/alura-apache-airflow-orquestrando-primeiro-pipeline-dados/airflow-alura/venv/lib/python3.9/site-packages/airflow/example_dags/example_skip_dag.py for tasks to queue
[2023-03-06 23:53:17,912] {logging_mixin.py:115} INFO - [2023-03-06 23:53:17,912] {dagbag.py:507} INFO - Filling up the DagBag from /home/gabriel/Documents/projetos/apache-airflow/alura-apache-airflow-orquestrando-primeiro-pipeline-dados/airflow-alura/venv/lib/python3.9/site-packages/airflow/example_dags/example_skip_dag.py
[2023-03-06 23:53:17,923] {processor.py:651} INFO - DAG(s) dict_keys(['example_skip_dag']) retrieved from /home/gabriel/Documents/projetos/apache-airflow/alura-apache-airflow-orquestrando-primeiro-pipeline-dados/airflow-alura/venv/lib/python3.9/site-packages/airflow/example_dags/example_skip_dag.py
[2023-03-06 23:53:17,939] {logging_mixin.py:115} INFO - [2023-03-06 23:53:17,939] {dag.py:2379} INFO - Sync 1 DAGs
[2023-03-06 23:53:17,953] {logging_mixin.py:115} INFO - [2023-03-06 23:53:17,953] {dag.py:2927} INFO - Setting next_dagrun for example_skip_dag to 2023-03-06T02:53:17.953500+00:00, run_after=2023-03-07T02:53:17.953500+00:00
[2023-03-06 23:53:17,965] {processor.py:161} INFO - Processing /home/gabriel/Documents/projetos/apache-airflow/alura-apache-airflow-orquestrando-primeiro-pipeline-dados/airflow-alura/venv/lib/python3.9/site-packages/airflow/example_dags/example_skip_dag.py took 0.068 seconds
[2023-03-06 23:53:51,822] {processor.py:153} INFO - Started process (PID=22314) to work on /home/gabriel/Documents/projetos/apache-airflow/alura-apache-airflow-orquestrando-primeiro-pipeline-dados/airflow-alura/venv/lib/python3.9/site-packages/airflow/example_dags/example_skip_dag.py
[2023-03-06 23:53:51,823] {processor.py:641} INFO - Processing file /home/gabriel/Documents/projetos/apache-airflow/alura-apache-airflow-orquestrando-primeiro-pipeline-dados/airflow-alura/venv/lib/python3.9/site-packages/airflow/example_dags/example_skip_dag.py for tasks to queue
[2023-03-06 23:53:51,824] {logging_mixin.py:115} INFO - [2023-03-06 23:53:51,824] {dagbag.py:507} INFO - Filling up the DagBag from /home/gabriel/Documents/projetos/apache-airflow/alura-apache-airflow-orquestrando-primeiro-pipeline-dados/airflow-alura/venv/lib/python3.9/site-packages/airflow/example_dags/example_skip_dag.py
[2023-03-06 23:53:51,829] {processor.py:651} INFO - DAG(s) dict_keys(['example_skip_dag']) retrieved from /home/gabriel/Documents/projetos/apache-airflow/alura-apache-airflow-orquestrando-primeiro-pipeline-dados/airflow-alura/venv/lib/python3.9/site-packages/airflow/example_dags/example_skip_dag.py
[2023-03-06 23:53:51,844] {logging_mixin.py:115} INFO - [2023-03-06 23:53:51,844] {dag.py:2379} INFO - Sync 1 DAGs
[2023-03-06 23:53:51,858] {logging_mixin.py:115} INFO - [2023-03-06 23:53:51,858] {dag.py:2927} INFO - Setting next_dagrun for example_skip_dag to 2023-03-06T02:53:51.858057+00:00, run_after=2023-03-07T02:53:51.858057+00:00
[2023-03-06 23:53:51,871] {processor.py:161} INFO - Processing /home/gabriel/Documents/projetos/apache-airflow/alura-apache-airflow-orquestrando-primeiro-pipeline-dados/airflow-alura/venv/lib/python3.9/site-packages/airflow/example_dags/example_skip_dag.py took 0.053 seconds
