[2023-03-06 23:51:08,427] {processor.py:153} INFO - Started process (PID=21810) to work on /home/gabriel/Documents/projetos/apache-airflow/alura-apache-airflow-orquestrando-primeiro-pipeline-dados/airflow-alura/venv/lib/python3.9/site-packages/airflow/example_dags/example_branch_labels.py
[2023-03-06 23:51:08,427] {processor.py:641} INFO - Processing file /home/gabriel/Documents/projetos/apache-airflow/alura-apache-airflow-orquestrando-primeiro-pipeline-dados/airflow-alura/venv/lib/python3.9/site-packages/airflow/example_dags/example_branch_labels.py for tasks to queue
[2023-03-06 23:51:08,428] {logging_mixin.py:115} INFO - [2023-03-06 23:51:08,428] {dagbag.py:507} INFO - Filling up the DagBag from /home/gabriel/Documents/projetos/apache-airflow/alura-apache-airflow-orquestrando-primeiro-pipeline-dados/airflow-alura/venv/lib/python3.9/site-packages/airflow/example_dags/example_branch_labels.py
[2023-03-06 23:51:08,435] {processor.py:651} INFO - DAG(s) dict_keys(['example_branch_labels']) retrieved from /home/gabriel/Documents/projetos/apache-airflow/alura-apache-airflow-orquestrando-primeiro-pipeline-dados/airflow-alura/venv/lib/python3.9/site-packages/airflow/example_dags/example_branch_labels.py
[2023-03-06 23:51:08,505] {logging_mixin.py:115} INFO - [2023-03-06 23:51:08,505] {manager.py:508} INFO - Created Permission View: can read on DAG:example_branch_labels
[2023-03-06 23:51:08,515] {logging_mixin.py:115} INFO - [2023-03-06 23:51:08,515] {manager.py:508} INFO - Created Permission View: can edit on DAG:example_branch_labels
[2023-03-06 23:51:08,524] {logging_mixin.py:115} INFO - [2023-03-06 23:51:08,524] {manager.py:508} INFO - Created Permission View: can delete on DAG:example_branch_labels
[2023-03-06 23:51:08,524] {logging_mixin.py:115} INFO - [2023-03-06 23:51:08,524] {dag.py:2379} INFO - Sync 1 DAGs
[2023-03-06 23:51:08,531] {logging_mixin.py:115} INFO - [2023-03-06 23:51:08,531] {dag.py:2398} INFO - Creating ORM DAG for example_branch_labels
[2023-03-06 23:51:08,539] {logging_mixin.py:115} INFO - [2023-03-06 23:51:08,539] {dag.py:2927} INFO - Setting next_dagrun for example_branch_labels to 2023-03-06T00:00:00+00:00, run_after=2023-03-07T00:00:00+00:00
[2023-03-06 23:51:08,553] {processor.py:161} INFO - Processing /home/gabriel/Documents/projetos/apache-airflow/alura-apache-airflow-orquestrando-primeiro-pipeline-dados/airflow-alura/venv/lib/python3.9/site-packages/airflow/example_dags/example_branch_labels.py took 0.129 seconds
[2023-03-06 23:51:42,987] {processor.py:153} INFO - Started process (PID=21906) to work on /home/gabriel/Documents/projetos/apache-airflow/alura-apache-airflow-orquestrando-primeiro-pipeline-dados/airflow-alura/venv/lib/python3.9/site-packages/airflow/example_dags/example_branch_labels.py
[2023-03-06 23:51:42,988] {processor.py:641} INFO - Processing file /home/gabriel/Documents/projetos/apache-airflow/alura-apache-airflow-orquestrando-primeiro-pipeline-dados/airflow-alura/venv/lib/python3.9/site-packages/airflow/example_dags/example_branch_labels.py for tasks to queue
[2023-03-06 23:51:42,990] {logging_mixin.py:115} INFO - [2023-03-06 23:51:42,989] {dagbag.py:507} INFO - Filling up the DagBag from /home/gabriel/Documents/projetos/apache-airflow/alura-apache-airflow-orquestrando-primeiro-pipeline-dados/airflow-alura/venv/lib/python3.9/site-packages/airflow/example_dags/example_branch_labels.py
[2023-03-06 23:51:43,003] {processor.py:651} INFO - DAG(s) dict_keys(['example_branch_labels']) retrieved from /home/gabriel/Documents/projetos/apache-airflow/alura-apache-airflow-orquestrando-primeiro-pipeline-dados/airflow-alura/venv/lib/python3.9/site-packages/airflow/example_dags/example_branch_labels.py
[2023-03-06 23:51:43,023] {logging_mixin.py:115} INFO - [2023-03-06 23:51:43,023] {dag.py:2379} INFO - Sync 1 DAGs
[2023-03-06 23:51:43,039] {logging_mixin.py:115} INFO - [2023-03-06 23:51:43,039] {dag.py:2927} INFO - Setting next_dagrun for example_branch_labels to 2023-03-06T00:00:00+00:00, run_after=2023-03-07T00:00:00+00:00
[2023-03-06 23:51:43,058] {processor.py:161} INFO - Processing /home/gabriel/Documents/projetos/apache-airflow/alura-apache-airflow-orquestrando-primeiro-pipeline-dados/airflow-alura/venv/lib/python3.9/site-packages/airflow/example_dags/example_branch_labels.py took 0.079 seconds
[2023-03-06 23:52:18,066] {processor.py:153} INFO - Started process (PID=22066) to work on /home/gabriel/Documents/projetos/apache-airflow/alura-apache-airflow-orquestrando-primeiro-pipeline-dados/airflow-alura/venv/lib/python3.9/site-packages/airflow/example_dags/example_branch_labels.py
[2023-03-06 23:52:18,069] {processor.py:641} INFO - Processing file /home/gabriel/Documents/projetos/apache-airflow/alura-apache-airflow-orquestrando-primeiro-pipeline-dados/airflow-alura/venv/lib/python3.9/site-packages/airflow/example_dags/example_branch_labels.py for tasks to queue
[2023-03-06 23:52:18,070] {logging_mixin.py:115} INFO - [2023-03-06 23:52:18,070] {dagbag.py:507} INFO - Filling up the DagBag from /home/gabriel/Documents/projetos/apache-airflow/alura-apache-airflow-orquestrando-primeiro-pipeline-dados/airflow-alura/venv/lib/python3.9/site-packages/airflow/example_dags/example_branch_labels.py
[2023-03-06 23:52:18,086] {processor.py:651} INFO - DAG(s) dict_keys(['example_branch_labels']) retrieved from /home/gabriel/Documents/projetos/apache-airflow/alura-apache-airflow-orquestrando-primeiro-pipeline-dados/airflow-alura/venv/lib/python3.9/site-packages/airflow/example_dags/example_branch_labels.py
[2023-03-06 23:52:18,105] {logging_mixin.py:115} INFO - [2023-03-06 23:52:18,105] {dag.py:2379} INFO - Sync 1 DAGs
[2023-03-06 23:52:18,119] {logging_mixin.py:115} INFO - [2023-03-06 23:52:18,119] {dag.py:2927} INFO - Setting next_dagrun for example_branch_labels to 2023-03-06T00:00:00+00:00, run_after=2023-03-07T00:00:00+00:00
[2023-03-06 23:52:18,130] {processor.py:161} INFO - Processing /home/gabriel/Documents/projetos/apache-airflow/alura-apache-airflow-orquestrando-primeiro-pipeline-dados/airflow-alura/venv/lib/python3.9/site-packages/airflow/example_dags/example_branch_labels.py took 0.071 seconds
[2023-03-06 23:52:54,846] {processor.py:153} INFO - Started process (PID=22228) to work on /home/gabriel/Documents/projetos/apache-airflow/alura-apache-airflow-orquestrando-primeiro-pipeline-dados/airflow-alura/venv/lib/python3.9/site-packages/airflow/example_dags/example_branch_labels.py
[2023-03-06 23:52:54,852] {processor.py:641} INFO - Processing file /home/gabriel/Documents/projetos/apache-airflow/alura-apache-airflow-orquestrando-primeiro-pipeline-dados/airflow-alura/venv/lib/python3.9/site-packages/airflow/example_dags/example_branch_labels.py for tasks to queue
[2023-03-06 23:52:54,853] {logging_mixin.py:115} INFO - [2023-03-06 23:52:54,853] {dagbag.py:507} INFO - Filling up the DagBag from /home/gabriel/Documents/projetos/apache-airflow/alura-apache-airflow-orquestrando-primeiro-pipeline-dados/airflow-alura/venv/lib/python3.9/site-packages/airflow/example_dags/example_branch_labels.py
[2023-03-06 23:52:54,871] {processor.py:651} INFO - DAG(s) dict_keys(['example_branch_labels']) retrieved from /home/gabriel/Documents/projetos/apache-airflow/alura-apache-airflow-orquestrando-primeiro-pipeline-dados/airflow-alura/venv/lib/python3.9/site-packages/airflow/example_dags/example_branch_labels.py
[2023-03-06 23:52:54,899] {logging_mixin.py:115} INFO - [2023-03-06 23:52:54,898] {dag.py:2379} INFO - Sync 1 DAGs
[2023-03-06 23:52:54,924] {logging_mixin.py:115} INFO - [2023-03-06 23:52:54,924] {dag.py:2927} INFO - Setting next_dagrun for example_branch_labels to 2023-03-06T00:00:00+00:00, run_after=2023-03-07T00:00:00+00:00
[2023-03-06 23:52:54,944] {processor.py:161} INFO - Processing /home/gabriel/Documents/projetos/apache-airflow/alura-apache-airflow-orquestrando-primeiro-pipeline-dados/airflow-alura/venv/lib/python3.9/site-packages/airflow/example_dags/example_branch_labels.py took 0.114 seconds
[2023-03-06 23:53:30,508] {processor.py:153} INFO - Started process (PID=22273) to work on /home/gabriel/Documents/projetos/apache-airflow/alura-apache-airflow-orquestrando-primeiro-pipeline-dados/airflow-alura/venv/lib/python3.9/site-packages/airflow/example_dags/example_branch_labels.py
[2023-03-06 23:53:30,510] {processor.py:641} INFO - Processing file /home/gabriel/Documents/projetos/apache-airflow/alura-apache-airflow-orquestrando-primeiro-pipeline-dados/airflow-alura/venv/lib/python3.9/site-packages/airflow/example_dags/example_branch_labels.py for tasks to queue
[2023-03-06 23:53:30,510] {logging_mixin.py:115} INFO - [2023-03-06 23:53:30,510] {dagbag.py:507} INFO - Filling up the DagBag from /home/gabriel/Documents/projetos/apache-airflow/alura-apache-airflow-orquestrando-primeiro-pipeline-dados/airflow-alura/venv/lib/python3.9/site-packages/airflow/example_dags/example_branch_labels.py
[2023-03-06 23:53:30,515] {processor.py:651} INFO - DAG(s) dict_keys(['example_branch_labels']) retrieved from /home/gabriel/Documents/projetos/apache-airflow/alura-apache-airflow-orquestrando-primeiro-pipeline-dados/airflow-alura/venv/lib/python3.9/site-packages/airflow/example_dags/example_branch_labels.py
[2023-03-06 23:53:30,526] {logging_mixin.py:115} INFO - [2023-03-06 23:53:30,526] {dag.py:2379} INFO - Sync 1 DAGs
[2023-03-06 23:53:30,539] {logging_mixin.py:115} INFO - [2023-03-06 23:53:30,539] {dag.py:2927} INFO - Setting next_dagrun for example_branch_labels to 2023-03-06T00:00:00+00:00, run_after=2023-03-07T00:00:00+00:00
[2023-03-06 23:53:30,550] {processor.py:161} INFO - Processing /home/gabriel/Documents/projetos/apache-airflow/alura-apache-airflow-orquestrando-primeiro-pipeline-dados/airflow-alura/venv/lib/python3.9/site-packages/airflow/example_dags/example_branch_labels.py took 0.044 seconds
