[2023-03-06 23:51:14,139] {processor.py:153} INFO - Started process (PID=21817) to work on /home/gabriel/Documents/projetos/apache-airflow/alura-apache-airflow-orquestrando-primeiro-pipeline-dados/airflow-alura/venv/lib/python3.9/site-packages/airflow/example_dags/example_nested_branch_dag.py
[2023-03-06 23:51:14,141] {processor.py:641} INFO - Processing file /home/gabriel/Documents/projetos/apache-airflow/alura-apache-airflow-orquestrando-primeiro-pipeline-dados/airflow-alura/venv/lib/python3.9/site-packages/airflow/example_dags/example_nested_branch_dag.py for tasks to queue
[2023-03-06 23:51:14,143] {logging_mixin.py:115} INFO - [2023-03-06 23:51:14,143] {dagbag.py:507} INFO - Filling up the DagBag from /home/gabriel/Documents/projetos/apache-airflow/alura-apache-airflow-orquestrando-primeiro-pipeline-dados/airflow-alura/venv/lib/python3.9/site-packages/airflow/example_dags/example_nested_branch_dag.py
[2023-03-06 23:51:14,174] {processor.py:651} INFO - DAG(s) dict_keys(['example_nested_branch_dag']) retrieved from /home/gabriel/Documents/projetos/apache-airflow/alura-apache-airflow-orquestrando-primeiro-pipeline-dados/airflow-alura/venv/lib/python3.9/site-packages/airflow/example_dags/example_nested_branch_dag.py
[2023-03-06 23:51:14,245] {logging_mixin.py:115} INFO - [2023-03-06 23:51:14,245] {manager.py:508} INFO - Created Permission View: can read on DAG:example_nested_branch_dag
[2023-03-06 23:51:14,255] {logging_mixin.py:115} INFO - [2023-03-06 23:51:14,254] {manager.py:508} INFO - Created Permission View: can edit on DAG:example_nested_branch_dag
[2023-03-06 23:51:14,262] {logging_mixin.py:115} INFO - [2023-03-06 23:51:14,262] {manager.py:508} INFO - Created Permission View: can delete on DAG:example_nested_branch_dag
[2023-03-06 23:51:14,263] {logging_mixin.py:115} INFO - [2023-03-06 23:51:14,263] {dag.py:2379} INFO - Sync 1 DAGs
[2023-03-06 23:51:14,268] {logging_mixin.py:115} INFO - [2023-03-06 23:51:14,268] {dag.py:2398} INFO - Creating ORM DAG for example_nested_branch_dag
[2023-03-06 23:51:14,277] {logging_mixin.py:115} INFO - [2023-03-06 23:51:14,277] {dag.py:2927} INFO - Setting next_dagrun for example_nested_branch_dag to 2023-03-06T00:00:00+00:00, run_after=2023-03-07T00:00:00+00:00
[2023-03-06 23:51:14,291] {processor.py:161} INFO - Processing /home/gabriel/Documents/projetos/apache-airflow/alura-apache-airflow-orquestrando-primeiro-pipeline-dados/airflow-alura/venv/lib/python3.9/site-packages/airflow/example_dags/example_nested_branch_dag.py took 0.164 seconds
[2023-03-06 23:51:51,761] {processor.py:153} INFO - Started process (PID=21980) to work on /home/gabriel/Documents/projetos/apache-airflow/alura-apache-airflow-orquestrando-primeiro-pipeline-dados/airflow-alura/venv/lib/python3.9/site-packages/airflow/example_dags/example_nested_branch_dag.py
[2023-03-06 23:51:51,763] {processor.py:641} INFO - Processing file /home/gabriel/Documents/projetos/apache-airflow/alura-apache-airflow-orquestrando-primeiro-pipeline-dados/airflow-alura/venv/lib/python3.9/site-packages/airflow/example_dags/example_nested_branch_dag.py for tasks to queue
[2023-03-06 23:51:51,764] {logging_mixin.py:115} INFO - [2023-03-06 23:51:51,763] {dagbag.py:507} INFO - Filling up the DagBag from /home/gabriel/Documents/projetos/apache-airflow/alura-apache-airflow-orquestrando-primeiro-pipeline-dados/airflow-alura/venv/lib/python3.9/site-packages/airflow/example_dags/example_nested_branch_dag.py
[2023-03-06 23:51:51,777] {processor.py:651} INFO - DAG(s) dict_keys(['example_nested_branch_dag']) retrieved from /home/gabriel/Documents/projetos/apache-airflow/alura-apache-airflow-orquestrando-primeiro-pipeline-dados/airflow-alura/venv/lib/python3.9/site-packages/airflow/example_dags/example_nested_branch_dag.py
[2023-03-06 23:51:51,795] {logging_mixin.py:115} INFO - [2023-03-06 23:51:51,795] {dag.py:2379} INFO - Sync 1 DAGs
[2023-03-06 23:51:51,812] {logging_mixin.py:115} INFO - [2023-03-06 23:51:51,812] {dag.py:2927} INFO - Setting next_dagrun for example_nested_branch_dag to 2023-03-06T00:00:00+00:00, run_after=2023-03-07T00:00:00+00:00
[2023-03-06 23:51:51,826] {processor.py:161} INFO - Processing /home/gabriel/Documents/projetos/apache-airflow/alura-apache-airflow-orquestrando-primeiro-pipeline-dados/airflow-alura/venv/lib/python3.9/site-packages/airflow/example_dags/example_nested_branch_dag.py took 0.069 seconds
[2023-03-06 23:52:26,117] {processor.py:153} INFO - Started process (PID=22150) to work on /home/gabriel/Documents/projetos/apache-airflow/alura-apache-airflow-orquestrando-primeiro-pipeline-dados/airflow-alura/venv/lib/python3.9/site-packages/airflow/example_dags/example_nested_branch_dag.py
[2023-03-06 23:52:26,123] {processor.py:641} INFO - Processing file /home/gabriel/Documents/projetos/apache-airflow/alura-apache-airflow-orquestrando-primeiro-pipeline-dados/airflow-alura/venv/lib/python3.9/site-packages/airflow/example_dags/example_nested_branch_dag.py for tasks to queue
[2023-03-06 23:52:26,124] {logging_mixin.py:115} INFO - [2023-03-06 23:52:26,124] {dagbag.py:507} INFO - Filling up the DagBag from /home/gabriel/Documents/projetos/apache-airflow/alura-apache-airflow-orquestrando-primeiro-pipeline-dados/airflow-alura/venv/lib/python3.9/site-packages/airflow/example_dags/example_nested_branch_dag.py
[2023-03-06 23:52:26,138] {processor.py:651} INFO - DAG(s) dict_keys(['example_nested_branch_dag']) retrieved from /home/gabriel/Documents/projetos/apache-airflow/alura-apache-airflow-orquestrando-primeiro-pipeline-dados/airflow-alura/venv/lib/python3.9/site-packages/airflow/example_dags/example_nested_branch_dag.py
[2023-03-06 23:52:26,151] {logging_mixin.py:115} INFO - [2023-03-06 23:52:26,151] {dag.py:2379} INFO - Sync 1 DAGs
[2023-03-06 23:52:26,164] {logging_mixin.py:115} INFO - [2023-03-06 23:52:26,164] {dag.py:2927} INFO - Setting next_dagrun for example_nested_branch_dag to 2023-03-06T00:00:00+00:00, run_after=2023-03-07T00:00:00+00:00
[2023-03-06 23:52:26,176] {processor.py:161} INFO - Processing /home/gabriel/Documents/projetos/apache-airflow/alura-apache-airflow-orquestrando-primeiro-pipeline-dados/airflow-alura/venv/lib/python3.9/site-packages/airflow/example_dags/example_nested_branch_dag.py took 0.066 seconds
[2023-03-06 23:53:05,245] {processor.py:153} INFO - Started process (PID=22241) to work on /home/gabriel/Documents/projetos/apache-airflow/alura-apache-airflow-orquestrando-primeiro-pipeline-dados/airflow-alura/venv/lib/python3.9/site-packages/airflow/example_dags/example_nested_branch_dag.py
[2023-03-06 23:53:05,247] {processor.py:641} INFO - Processing file /home/gabriel/Documents/projetos/apache-airflow/alura-apache-airflow-orquestrando-primeiro-pipeline-dados/airflow-alura/venv/lib/python3.9/site-packages/airflow/example_dags/example_nested_branch_dag.py for tasks to queue
[2023-03-06 23:53:05,248] {logging_mixin.py:115} INFO - [2023-03-06 23:53:05,248] {dagbag.py:507} INFO - Filling up the DagBag from /home/gabriel/Documents/projetos/apache-airflow/alura-apache-airflow-orquestrando-primeiro-pipeline-dados/airflow-alura/venv/lib/python3.9/site-packages/airflow/example_dags/example_nested_branch_dag.py
[2023-03-06 23:53:05,264] {processor.py:651} INFO - DAG(s) dict_keys(['example_nested_branch_dag']) retrieved from /home/gabriel/Documents/projetos/apache-airflow/alura-apache-airflow-orquestrando-primeiro-pipeline-dados/airflow-alura/venv/lib/python3.9/site-packages/airflow/example_dags/example_nested_branch_dag.py
[2023-03-06 23:53:05,278] {logging_mixin.py:115} INFO - [2023-03-06 23:53:05,278] {dag.py:2379} INFO - Sync 1 DAGs
[2023-03-06 23:53:05,292] {logging_mixin.py:115} INFO - [2023-03-06 23:53:05,292] {dag.py:2927} INFO - Setting next_dagrun for example_nested_branch_dag to 2023-03-06T00:00:00+00:00, run_after=2023-03-07T00:00:00+00:00
[2023-03-06 23:53:05,302] {processor.py:161} INFO - Processing /home/gabriel/Documents/projetos/apache-airflow/alura-apache-airflow-orquestrando-primeiro-pipeline-dados/airflow-alura/venv/lib/python3.9/site-packages/airflow/example_dags/example_nested_branch_dag.py took 0.065 seconds
[2023-03-06 23:53:39,701] {processor.py:153} INFO - Started process (PID=22285) to work on /home/gabriel/Documents/projetos/apache-airflow/alura-apache-airflow-orquestrando-primeiro-pipeline-dados/airflow-alura/venv/lib/python3.9/site-packages/airflow/example_dags/example_nested_branch_dag.py
[2023-03-06 23:53:39,704] {processor.py:641} INFO - Processing file /home/gabriel/Documents/projetos/apache-airflow/alura-apache-airflow-orquestrando-primeiro-pipeline-dados/airflow-alura/venv/lib/python3.9/site-packages/airflow/example_dags/example_nested_branch_dag.py for tasks to queue
[2023-03-06 23:53:39,705] {logging_mixin.py:115} INFO - [2023-03-06 23:53:39,704] {dagbag.py:507} INFO - Filling up the DagBag from /home/gabriel/Documents/projetos/apache-airflow/alura-apache-airflow-orquestrando-primeiro-pipeline-dados/airflow-alura/venv/lib/python3.9/site-packages/airflow/example_dags/example_nested_branch_dag.py
[2023-03-06 23:53:39,715] {processor.py:651} INFO - DAG(s) dict_keys(['example_nested_branch_dag']) retrieved from /home/gabriel/Documents/projetos/apache-airflow/alura-apache-airflow-orquestrando-primeiro-pipeline-dados/airflow-alura/venv/lib/python3.9/site-packages/airflow/example_dags/example_nested_branch_dag.py
[2023-03-06 23:53:39,731] {logging_mixin.py:115} INFO - [2023-03-06 23:53:39,730] {dag.py:2379} INFO - Sync 1 DAGs
[2023-03-06 23:53:39,746] {logging_mixin.py:115} INFO - [2023-03-06 23:53:39,746] {dag.py:2927} INFO - Setting next_dagrun for example_nested_branch_dag to 2023-03-06T00:00:00+00:00, run_after=2023-03-07T00:00:00+00:00
[2023-03-06 23:53:39,758] {processor.py:161} INFO - Processing /home/gabriel/Documents/projetos/apache-airflow/alura-apache-airflow-orquestrando-primeiro-pipeline-dados/airflow-alura/venv/lib/python3.9/site-packages/airflow/example_dags/example_nested_branch_dag.py took 0.061 seconds
