[2023-03-06 23:51:15,376] {processor.py:153} INFO - Started process (PID=21820) to work on /home/gabriel/Documents/projetos/apache-airflow/alura-apache-airflow-orquestrando-primeiro-pipeline-dados/airflow-alura/venv/lib/python3.9/site-packages/airflow/example_dags/example_dag_decorator.py
[2023-03-06 23:51:15,378] {processor.py:641} INFO - Processing file /home/gabriel/Documents/projetos/apache-airflow/alura-apache-airflow-orquestrando-primeiro-pipeline-dados/airflow-alura/venv/lib/python3.9/site-packages/airflow/example_dags/example_dag_decorator.py for tasks to queue
[2023-03-06 23:51:15,380] {logging_mixin.py:115} INFO - [2023-03-06 23:51:15,379] {dagbag.py:507} INFO - Filling up the DagBag from /home/gabriel/Documents/projetos/apache-airflow/alura-apache-airflow-orquestrando-primeiro-pipeline-dados/airflow-alura/venv/lib/python3.9/site-packages/airflow/example_dags/example_dag_decorator.py
[2023-03-06 23:51:15,454] {processor.py:651} INFO - DAG(s) dict_keys(['example_dag_decorator']) retrieved from /home/gabriel/Documents/projetos/apache-airflow/alura-apache-airflow-orquestrando-primeiro-pipeline-dados/airflow-alura/venv/lib/python3.9/site-packages/airflow/example_dags/example_dag_decorator.py
[2023-03-06 23:51:15,518] {logging_mixin.py:115} INFO - [2023-03-06 23:51:15,518] {manager.py:508} INFO - Created Permission View: can read on DAG:example_dag_decorator
[2023-03-06 23:51:15,531] {logging_mixin.py:115} INFO - [2023-03-06 23:51:15,530] {manager.py:508} INFO - Created Permission View: can edit on DAG:example_dag_decorator
[2023-03-06 23:51:15,544] {logging_mixin.py:115} INFO - [2023-03-06 23:51:15,544] {manager.py:508} INFO - Created Permission View: can delete on DAG:example_dag_decorator
[2023-03-06 23:51:15,544] {logging_mixin.py:115} INFO - [2023-03-06 23:51:15,544] {dag.py:2379} INFO - Sync 1 DAGs
[2023-03-06 23:51:15,554] {logging_mixin.py:115} INFO - [2023-03-06 23:51:15,553] {dag.py:2398} INFO - Creating ORM DAG for example_dag_decorator
[2023-03-06 23:51:15,566] {logging_mixin.py:115} INFO - [2023-03-06 23:51:15,566] {dag.py:2927} INFO - Setting next_dagrun for example_dag_decorator to None, run_after=None
[2023-03-06 23:51:15,588] {processor.py:161} INFO - Processing /home/gabriel/Documents/projetos/apache-airflow/alura-apache-airflow-orquestrando-primeiro-pipeline-dados/airflow-alura/venv/lib/python3.9/site-packages/airflow/example_dags/example_dag_decorator.py took 0.223 seconds
[2023-03-06 23:51:52,127] {processor.py:153} INFO - Started process (PID=21981) to work on /home/gabriel/Documents/projetos/apache-airflow/alura-apache-airflow-orquestrando-primeiro-pipeline-dados/airflow-alura/venv/lib/python3.9/site-packages/airflow/example_dags/example_dag_decorator.py
[2023-03-06 23:51:52,131] {processor.py:641} INFO - Processing file /home/gabriel/Documents/projetos/apache-airflow/alura-apache-airflow-orquestrando-primeiro-pipeline-dados/airflow-alura/venv/lib/python3.9/site-packages/airflow/example_dags/example_dag_decorator.py for tasks to queue
[2023-03-06 23:51:52,131] {logging_mixin.py:115} INFO - [2023-03-06 23:51:52,131] {dagbag.py:507} INFO - Filling up the DagBag from /home/gabriel/Documents/projetos/apache-airflow/alura-apache-airflow-orquestrando-primeiro-pipeline-dados/airflow-alura/venv/lib/python3.9/site-packages/airflow/example_dags/example_dag_decorator.py
[2023-03-06 23:51:52,154] {processor.py:651} INFO - DAG(s) dict_keys(['example_dag_decorator']) retrieved from /home/gabriel/Documents/projetos/apache-airflow/alura-apache-airflow-orquestrando-primeiro-pipeline-dados/airflow-alura/venv/lib/python3.9/site-packages/airflow/example_dags/example_dag_decorator.py
[2023-03-06 23:51:52,187] {logging_mixin.py:115} INFO - [2023-03-06 23:51:52,187] {dag.py:2379} INFO - Sync 1 DAGs
[2023-03-06 23:51:52,199] {logging_mixin.py:115} INFO - [2023-03-06 23:51:52,199] {dag.py:2927} INFO - Setting next_dagrun for example_dag_decorator to None, run_after=None
[2023-03-06 23:51:52,219] {processor.py:161} INFO - Processing /home/gabriel/Documents/projetos/apache-airflow/alura-apache-airflow-orquestrando-primeiro-pipeline-dados/airflow-alura/venv/lib/python3.9/site-packages/airflow/example_dags/example_dag_decorator.py took 0.097 seconds
[2023-03-06 23:52:27,265] {processor.py:153} INFO - Started process (PID=22183) to work on /home/gabriel/Documents/projetos/apache-airflow/alura-apache-airflow-orquestrando-primeiro-pipeline-dados/airflow-alura/venv/lib/python3.9/site-packages/airflow/example_dags/example_dag_decorator.py
[2023-03-06 23:52:27,269] {processor.py:641} INFO - Processing file /home/gabriel/Documents/projetos/apache-airflow/alura-apache-airflow-orquestrando-primeiro-pipeline-dados/airflow-alura/venv/lib/python3.9/site-packages/airflow/example_dags/example_dag_decorator.py for tasks to queue
[2023-03-06 23:52:27,272] {logging_mixin.py:115} INFO - [2023-03-06 23:52:27,271] {dagbag.py:507} INFO - Filling up the DagBag from /home/gabriel/Documents/projetos/apache-airflow/alura-apache-airflow-orquestrando-primeiro-pipeline-dados/airflow-alura/venv/lib/python3.9/site-packages/airflow/example_dags/example_dag_decorator.py
[2023-03-06 23:52:27,337] {processor.py:651} INFO - DAG(s) dict_keys(['example_dag_decorator']) retrieved from /home/gabriel/Documents/projetos/apache-airflow/alura-apache-airflow-orquestrando-primeiro-pipeline-dados/airflow-alura/venv/lib/python3.9/site-packages/airflow/example_dags/example_dag_decorator.py
[2023-03-06 23:52:27,351] {logging_mixin.py:115} INFO - [2023-03-06 23:52:27,351] {dag.py:2379} INFO - Sync 1 DAGs
[2023-03-06 23:52:27,364] {logging_mixin.py:115} INFO - [2023-03-06 23:52:27,364] {dag.py:2927} INFO - Setting next_dagrun for example_dag_decorator to None, run_after=None
[2023-03-06 23:52:27,381] {processor.py:161} INFO - Processing /home/gabriel/Documents/projetos/apache-airflow/alura-apache-airflow-orquestrando-primeiro-pipeline-dados/airflow-alura/venv/lib/python3.9/site-packages/airflow/example_dags/example_dag_decorator.py took 0.132 seconds
[2023-03-06 23:53:06,402] {processor.py:153} INFO - Started process (PID=22242) to work on /home/gabriel/Documents/projetos/apache-airflow/alura-apache-airflow-orquestrando-primeiro-pipeline-dados/airflow-alura/venv/lib/python3.9/site-packages/airflow/example_dags/example_dag_decorator.py
[2023-03-06 23:53:06,405] {processor.py:641} INFO - Processing file /home/gabriel/Documents/projetos/apache-airflow/alura-apache-airflow-orquestrando-primeiro-pipeline-dados/airflow-alura/venv/lib/python3.9/site-packages/airflow/example_dags/example_dag_decorator.py for tasks to queue
[2023-03-06 23:53:06,406] {logging_mixin.py:115} INFO - [2023-03-06 23:53:06,406] {dagbag.py:507} INFO - Filling up the DagBag from /home/gabriel/Documents/projetos/apache-airflow/alura-apache-airflow-orquestrando-primeiro-pipeline-dados/airflow-alura/venv/lib/python3.9/site-packages/airflow/example_dags/example_dag_decorator.py
[2023-03-06 23:53:06,432] {processor.py:651} INFO - DAG(s) dict_keys(['example_dag_decorator']) retrieved from /home/gabriel/Documents/projetos/apache-airflow/alura-apache-airflow-orquestrando-primeiro-pipeline-dados/airflow-alura/venv/lib/python3.9/site-packages/airflow/example_dags/example_dag_decorator.py
[2023-03-06 23:53:06,466] {logging_mixin.py:115} INFO - [2023-03-06 23:53:06,466] {dag.py:2379} INFO - Sync 1 DAGs
[2023-03-06 23:53:06,480] {logging_mixin.py:115} INFO - [2023-03-06 23:53:06,480] {dag.py:2927} INFO - Setting next_dagrun for example_dag_decorator to None, run_after=None
[2023-03-06 23:53:06,493] {processor.py:161} INFO - Processing /home/gabriel/Documents/projetos/apache-airflow/alura-apache-airflow-orquestrando-primeiro-pipeline-dados/airflow-alura/venv/lib/python3.9/site-packages/airflow/example_dags/example_dag_decorator.py took 0.101 seconds
[2023-03-06 23:53:40,750] {processor.py:153} INFO - Started process (PID=22286) to work on /home/gabriel/Documents/projetos/apache-airflow/alura-apache-airflow-orquestrando-primeiro-pipeline-dados/airflow-alura/venv/lib/python3.9/site-packages/airflow/example_dags/example_dag_decorator.py
[2023-03-06 23:53:40,753] {processor.py:641} INFO - Processing file /home/gabriel/Documents/projetos/apache-airflow/alura-apache-airflow-orquestrando-primeiro-pipeline-dados/airflow-alura/venv/lib/python3.9/site-packages/airflow/example_dags/example_dag_decorator.py for tasks to queue
[2023-03-06 23:53:40,754] {logging_mixin.py:115} INFO - [2023-03-06 23:53:40,754] {dagbag.py:507} INFO - Filling up the DagBag from /home/gabriel/Documents/projetos/apache-airflow/alura-apache-airflow-orquestrando-primeiro-pipeline-dados/airflow-alura/venv/lib/python3.9/site-packages/airflow/example_dags/example_dag_decorator.py
[2023-03-06 23:53:40,784] {processor.py:651} INFO - DAG(s) dict_keys(['example_dag_decorator']) retrieved from /home/gabriel/Documents/projetos/apache-airflow/alura-apache-airflow-orquestrando-primeiro-pipeline-dados/airflow-alura/venv/lib/python3.9/site-packages/airflow/example_dags/example_dag_decorator.py
[2023-03-06 23:53:40,798] {logging_mixin.py:115} INFO - [2023-03-06 23:53:40,798] {dag.py:2379} INFO - Sync 1 DAGs
[2023-03-06 23:53:40,811] {logging_mixin.py:115} INFO - [2023-03-06 23:53:40,811] {dag.py:2927} INFO - Setting next_dagrun for example_dag_decorator to None, run_after=None
[2023-03-06 23:53:40,823] {processor.py:161} INFO - Processing /home/gabriel/Documents/projetos/apache-airflow/alura-apache-airflow-orquestrando-primeiro-pipeline-dados/airflow-alura/venv/lib/python3.9/site-packages/airflow/example_dags/example_dag_decorator.py took 0.081 seconds
