[2023-03-06 23:51:10,011] {processor.py:153} INFO - Started process (PID=21813) to work on /home/gabriel/Documents/projetos/apache-airflow/alura-apache-airflow-orquestrando-primeiro-pipeline-dados/airflow-alura/venv/lib/python3.9/site-packages/airflow/example_dags/example_branch_operator.py
[2023-03-06 23:51:10,011] {processor.py:641} INFO - Processing file /home/gabriel/Documents/projetos/apache-airflow/alura-apache-airflow-orquestrando-primeiro-pipeline-dados/airflow-alura/venv/lib/python3.9/site-packages/airflow/example_dags/example_branch_operator.py for tasks to queue
[2023-03-06 23:51:10,012] {logging_mixin.py:115} INFO - [2023-03-06 23:51:10,012] {dagbag.py:507} INFO - Filling up the DagBag from /home/gabriel/Documents/projetos/apache-airflow/alura-apache-airflow-orquestrando-primeiro-pipeline-dados/airflow-alura/venv/lib/python3.9/site-packages/airflow/example_dags/example_branch_operator.py
[2023-03-06 23:51:10,023] {processor.py:651} INFO - DAG(s) dict_keys(['example_branch_operator']) retrieved from /home/gabriel/Documents/projetos/apache-airflow/alura-apache-airflow-orquestrando-primeiro-pipeline-dados/airflow-alura/venv/lib/python3.9/site-packages/airflow/example_dags/example_branch_operator.py
[2023-03-06 23:51:10,081] {logging_mixin.py:115} INFO - [2023-03-06 23:51:10,081] {manager.py:508} INFO - Created Permission View: can read on DAG:example_branch_operator
[2023-03-06 23:51:10,091] {logging_mixin.py:115} INFO - [2023-03-06 23:51:10,091] {manager.py:508} INFO - Created Permission View: can edit on DAG:example_branch_operator
[2023-03-06 23:51:10,099] {logging_mixin.py:115} INFO - [2023-03-06 23:51:10,099] {manager.py:508} INFO - Created Permission View: can delete on DAG:example_branch_operator
[2023-03-06 23:51:10,099] {logging_mixin.py:115} INFO - [2023-03-06 23:51:10,099] {dag.py:2379} INFO - Sync 1 DAGs
[2023-03-06 23:51:10,105] {logging_mixin.py:115} INFO - [2023-03-06 23:51:10,105] {dag.py:2398} INFO - Creating ORM DAG for example_branch_operator
[2023-03-06 23:51:10,115] {logging_mixin.py:115} INFO - [2023-03-06 23:51:10,114] {dag.py:2927} INFO - Setting next_dagrun for example_branch_operator to 2023-03-06T00:00:00+00:00, run_after=2023-03-07T00:00:00+00:00
[2023-03-06 23:51:10,132] {processor.py:161} INFO - Processing /home/gabriel/Documents/projetos/apache-airflow/alura-apache-airflow-orquestrando-primeiro-pipeline-dados/airflow-alura/venv/lib/python3.9/site-packages/airflow/example_dags/example_branch_operator.py took 0.124 seconds
[2023-03-06 23:51:46,393] {processor.py:153} INFO - Started process (PID=21909) to work on /home/gabriel/Documents/projetos/apache-airflow/alura-apache-airflow-orquestrando-primeiro-pipeline-dados/airflow-alura/venv/lib/python3.9/site-packages/airflow/example_dags/example_branch_operator.py
[2023-03-06 23:51:46,394] {processor.py:641} INFO - Processing file /home/gabriel/Documents/projetos/apache-airflow/alura-apache-airflow-orquestrando-primeiro-pipeline-dados/airflow-alura/venv/lib/python3.9/site-packages/airflow/example_dags/example_branch_operator.py for tasks to queue
[2023-03-06 23:51:46,395] {logging_mixin.py:115} INFO - [2023-03-06 23:51:46,395] {dagbag.py:507} INFO - Filling up the DagBag from /home/gabriel/Documents/projetos/apache-airflow/alura-apache-airflow-orquestrando-primeiro-pipeline-dados/airflow-alura/venv/lib/python3.9/site-packages/airflow/example_dags/example_branch_operator.py
[2023-03-06 23:51:46,404] {processor.py:651} INFO - DAG(s) dict_keys(['example_branch_operator']) retrieved from /home/gabriel/Documents/projetos/apache-airflow/alura-apache-airflow-orquestrando-primeiro-pipeline-dados/airflow-alura/venv/lib/python3.9/site-packages/airflow/example_dags/example_branch_operator.py
[2023-03-06 23:51:46,416] {logging_mixin.py:115} INFO - [2023-03-06 23:51:46,416] {dag.py:2379} INFO - Sync 1 DAGs
[2023-03-06 23:51:46,431] {logging_mixin.py:115} INFO - [2023-03-06 23:51:46,431] {dag.py:2927} INFO - Setting next_dagrun for example_branch_operator to 2023-03-06T00:00:00+00:00, run_after=2023-03-07T00:00:00+00:00
[2023-03-06 23:51:46,442] {processor.py:161} INFO - Processing /home/gabriel/Documents/projetos/apache-airflow/alura-apache-airflow-orquestrando-primeiro-pipeline-dados/airflow-alura/venv/lib/python3.9/site-packages/airflow/example_dags/example_branch_operator.py took 0.053 seconds
[2023-03-06 23:52:21,030] {processor.py:153} INFO - Started process (PID=22080) to work on /home/gabriel/Documents/projetos/apache-airflow/alura-apache-airflow-orquestrando-primeiro-pipeline-dados/airflow-alura/venv/lib/python3.9/site-packages/airflow/example_dags/example_branch_operator.py
[2023-03-06 23:52:21,034] {processor.py:641} INFO - Processing file /home/gabriel/Documents/projetos/apache-airflow/alura-apache-airflow-orquestrando-primeiro-pipeline-dados/airflow-alura/venv/lib/python3.9/site-packages/airflow/example_dags/example_branch_operator.py for tasks to queue
[2023-03-06 23:52:21,035] {logging_mixin.py:115} INFO - [2023-03-06 23:52:21,034] {dagbag.py:507} INFO - Filling up the DagBag from /home/gabriel/Documents/projetos/apache-airflow/alura-apache-airflow-orquestrando-primeiro-pipeline-dados/airflow-alura/venv/lib/python3.9/site-packages/airflow/example_dags/example_branch_operator.py
[2023-03-06 23:52:21,046] {processor.py:651} INFO - DAG(s) dict_keys(['example_branch_operator']) retrieved from /home/gabriel/Documents/projetos/apache-airflow/alura-apache-airflow-orquestrando-primeiro-pipeline-dados/airflow-alura/venv/lib/python3.9/site-packages/airflow/example_dags/example_branch_operator.py
[2023-03-06 23:52:21,068] {logging_mixin.py:115} INFO - [2023-03-06 23:52:21,067] {dag.py:2379} INFO - Sync 1 DAGs
[2023-03-06 23:52:21,090] {logging_mixin.py:115} INFO - [2023-03-06 23:52:21,090] {dag.py:2927} INFO - Setting next_dagrun for example_branch_operator to 2023-03-06T00:00:00+00:00, run_after=2023-03-07T00:00:00+00:00
[2023-03-06 23:52:21,108] {processor.py:161} INFO - Processing /home/gabriel/Documents/projetos/apache-airflow/alura-apache-airflow-orquestrando-primeiro-pipeline-dados/airflow-alura/venv/lib/python3.9/site-packages/airflow/example_dags/example_branch_operator.py took 0.081 seconds
[2023-03-06 23:52:59,849] {processor.py:153} INFO - Started process (PID=22235) to work on /home/gabriel/Documents/projetos/apache-airflow/alura-apache-airflow-orquestrando-primeiro-pipeline-dados/airflow-alura/venv/lib/python3.9/site-packages/airflow/example_dags/example_branch_operator.py
[2023-03-06 23:52:59,849] {processor.py:641} INFO - Processing file /home/gabriel/Documents/projetos/apache-airflow/alura-apache-airflow-orquestrando-primeiro-pipeline-dados/airflow-alura/venv/lib/python3.9/site-packages/airflow/example_dags/example_branch_operator.py for tasks to queue
[2023-03-06 23:52:59,850] {logging_mixin.py:115} INFO - [2023-03-06 23:52:59,850] {dagbag.py:507} INFO - Filling up the DagBag from /home/gabriel/Documents/projetos/apache-airflow/alura-apache-airflow-orquestrando-primeiro-pipeline-dados/airflow-alura/venv/lib/python3.9/site-packages/airflow/example_dags/example_branch_operator.py
[2023-03-06 23:52:59,858] {processor.py:651} INFO - DAG(s) dict_keys(['example_branch_operator']) retrieved from /home/gabriel/Documents/projetos/apache-airflow/alura-apache-airflow-orquestrando-primeiro-pipeline-dados/airflow-alura/venv/lib/python3.9/site-packages/airflow/example_dags/example_branch_operator.py
[2023-03-06 23:52:59,874] {logging_mixin.py:115} INFO - [2023-03-06 23:52:59,874] {dag.py:2379} INFO - Sync 1 DAGs
[2023-03-06 23:52:59,889] {logging_mixin.py:115} INFO - [2023-03-06 23:52:59,889] {dag.py:2927} INFO - Setting next_dagrun for example_branch_operator to 2023-03-06T00:00:00+00:00, run_after=2023-03-07T00:00:00+00:00
[2023-03-06 23:52:59,905] {processor.py:161} INFO - Processing /home/gabriel/Documents/projetos/apache-airflow/alura-apache-airflow-orquestrando-primeiro-pipeline-dados/airflow-alura/venv/lib/python3.9/site-packages/airflow/example_dags/example_branch_operator.py took 0.060 seconds
[2023-03-06 23:53:34,553] {processor.py:153} INFO - Started process (PID=22279) to work on /home/gabriel/Documents/projetos/apache-airflow/alura-apache-airflow-orquestrando-primeiro-pipeline-dados/airflow-alura/venv/lib/python3.9/site-packages/airflow/example_dags/example_branch_operator.py
[2023-03-06 23:53:34,555] {processor.py:641} INFO - Processing file /home/gabriel/Documents/projetos/apache-airflow/alura-apache-airflow-orquestrando-primeiro-pipeline-dados/airflow-alura/venv/lib/python3.9/site-packages/airflow/example_dags/example_branch_operator.py for tasks to queue
[2023-03-06 23:53:34,557] {logging_mixin.py:115} INFO - [2023-03-06 23:53:34,556] {dagbag.py:507} INFO - Filling up the DagBag from /home/gabriel/Documents/projetos/apache-airflow/alura-apache-airflow-orquestrando-primeiro-pipeline-dados/airflow-alura/venv/lib/python3.9/site-packages/airflow/example_dags/example_branch_operator.py
[2023-03-06 23:53:34,578] {processor.py:651} INFO - DAG(s) dict_keys(['example_branch_operator']) retrieved from /home/gabriel/Documents/projetos/apache-airflow/alura-apache-airflow-orquestrando-primeiro-pipeline-dados/airflow-alura/venv/lib/python3.9/site-packages/airflow/example_dags/example_branch_operator.py
[2023-03-06 23:53:34,593] {logging_mixin.py:115} INFO - [2023-03-06 23:53:34,593] {dag.py:2379} INFO - Sync 1 DAGs
[2023-03-06 23:53:34,608] {logging_mixin.py:115} INFO - [2023-03-06 23:53:34,608] {dag.py:2927} INFO - Setting next_dagrun for example_branch_operator to 2023-03-06T00:00:00+00:00, run_after=2023-03-07T00:00:00+00:00
[2023-03-06 23:53:34,624] {processor.py:161} INFO - Processing /home/gabriel/Documents/projetos/apache-airflow/alura-apache-airflow-orquestrando-primeiro-pipeline-dados/airflow-alura/venv/lib/python3.9/site-packages/airflow/example_dags/example_branch_operator.py took 0.081 seconds
