[2023-03-06 23:51:04,678] {processor.py:153} INFO - Started process (PID=21807) to work on /home/gabriel/Documents/projetos/apache-airflow/alura-apache-airflow-orquestrando-primeiro-pipeline-dados/airflow-alura/venv/lib/python3.9/site-packages/airflow/example_dags/example_python_operator.py
[2023-03-06 23:51:04,679] {processor.py:641} INFO - Processing file /home/gabriel/Documents/projetos/apache-airflow/alura-apache-airflow-orquestrando-primeiro-pipeline-dados/airflow-alura/venv/lib/python3.9/site-packages/airflow/example_dags/example_python_operator.py for tasks to queue
[2023-03-06 23:51:04,679] {logging_mixin.py:115} INFO - [2023-03-06 23:51:04,679] {dagbag.py:507} INFO - Filling up the DagBag from /home/gabriel/Documents/projetos/apache-airflow/alura-apache-airflow-orquestrando-primeiro-pipeline-dados/airflow-alura/venv/lib/python3.9/site-packages/airflow/example_dags/example_python_operator.py
[2023-03-06 23:51:04,696] {logging_mixin.py:115} INFO - [2023-03-06 23:51:04,695] {example_python_operator.py:68} WARNING - The virtalenv_python example task requires virtualenv, please install it.
[2023-03-06 23:51:04,696] {processor.py:651} INFO - DAG(s) dict_keys(['example_python_operator']) retrieved from /home/gabriel/Documents/projetos/apache-airflow/alura-apache-airflow-orquestrando-primeiro-pipeline-dados/airflow-alura/venv/lib/python3.9/site-packages/airflow/example_dags/example_python_operator.py
[2023-03-06 23:51:04,763] {logging_mixin.py:115} INFO - [2023-03-06 23:51:04,763] {manager.py:508} INFO - Created Permission View: can read on DAG:example_python_operator
[2023-03-06 23:51:04,774] {logging_mixin.py:115} INFO - [2023-03-06 23:51:04,774] {manager.py:508} INFO - Created Permission View: can edit on DAG:example_python_operator
[2023-03-06 23:51:04,783] {logging_mixin.py:115} INFO - [2023-03-06 23:51:04,783] {manager.py:508} INFO - Created Permission View: can delete on DAG:example_python_operator
[2023-03-06 23:51:04,783] {logging_mixin.py:115} INFO - [2023-03-06 23:51:04,783] {dag.py:2379} INFO - Sync 1 DAGs
[2023-03-06 23:51:04,791] {logging_mixin.py:115} INFO - [2023-03-06 23:51:04,791] {dag.py:2398} INFO - Creating ORM DAG for example_python_operator
[2023-03-06 23:51:04,798] {logging_mixin.py:115} INFO - [2023-03-06 23:51:04,798] {dag.py:2927} INFO - Setting next_dagrun for example_python_operator to None, run_after=None
[2023-03-06 23:51:04,813] {processor.py:161} INFO - Processing /home/gabriel/Documents/projetos/apache-airflow/alura-apache-airflow-orquestrando-primeiro-pipeline-dados/airflow-alura/venv/lib/python3.9/site-packages/airflow/example_dags/example_python_operator.py took 0.138 seconds
[2023-03-06 23:51:40,264] {processor.py:153} INFO - Started process (PID=21855) to work on /home/gabriel/Documents/projetos/apache-airflow/alura-apache-airflow-orquestrando-primeiro-pipeline-dados/airflow-alura/venv/lib/python3.9/site-packages/airflow/example_dags/example_python_operator.py
[2023-03-06 23:51:40,267] {processor.py:641} INFO - Processing file /home/gabriel/Documents/projetos/apache-airflow/alura-apache-airflow-orquestrando-primeiro-pipeline-dados/airflow-alura/venv/lib/python3.9/site-packages/airflow/example_dags/example_python_operator.py for tasks to queue
[2023-03-06 23:51:40,270] {logging_mixin.py:115} INFO - [2023-03-06 23:51:40,270] {dagbag.py:507} INFO - Filling up the DagBag from /home/gabriel/Documents/projetos/apache-airflow/alura-apache-airflow-orquestrando-primeiro-pipeline-dados/airflow-alura/venv/lib/python3.9/site-packages/airflow/example_dags/example_python_operator.py
[2023-03-06 23:51:40,310] {logging_mixin.py:115} INFO - [2023-03-06 23:51:40,310] {example_python_operator.py:68} WARNING - The virtalenv_python example task requires virtualenv, please install it.
[2023-03-06 23:51:40,311] {processor.py:651} INFO - DAG(s) dict_keys(['example_python_operator']) retrieved from /home/gabriel/Documents/projetos/apache-airflow/alura-apache-airflow-orquestrando-primeiro-pipeline-dados/airflow-alura/venv/lib/python3.9/site-packages/airflow/example_dags/example_python_operator.py
[2023-03-06 23:51:40,327] {logging_mixin.py:115} INFO - [2023-03-06 23:51:40,327] {dag.py:2379} INFO - Sync 1 DAGs
[2023-03-06 23:51:40,341] {logging_mixin.py:115} INFO - [2023-03-06 23:51:40,341] {dag.py:2927} INFO - Setting next_dagrun for example_python_operator to None, run_after=None
[2023-03-06 23:51:40,354] {processor.py:161} INFO - Processing /home/gabriel/Documents/projetos/apache-airflow/alura-apache-airflow-orquestrando-primeiro-pipeline-dados/airflow-alura/venv/lib/python3.9/site-packages/airflow/example_dags/example_python_operator.py took 0.102 seconds
[2023-03-06 23:52:15,179] {processor.py:153} INFO - Started process (PID=22061) to work on /home/gabriel/Documents/projetos/apache-airflow/alura-apache-airflow-orquestrando-primeiro-pipeline-dados/airflow-alura/venv/lib/python3.9/site-packages/airflow/example_dags/example_python_operator.py
[2023-03-06 23:52:15,181] {processor.py:641} INFO - Processing file /home/gabriel/Documents/projetos/apache-airflow/alura-apache-airflow-orquestrando-primeiro-pipeline-dados/airflow-alura/venv/lib/python3.9/site-packages/airflow/example_dags/example_python_operator.py for tasks to queue
[2023-03-06 23:52:15,182] {logging_mixin.py:115} INFO - [2023-03-06 23:52:15,181] {dagbag.py:507} INFO - Filling up the DagBag from /home/gabriel/Documents/projetos/apache-airflow/alura-apache-airflow-orquestrando-primeiro-pipeline-dados/airflow-alura/venv/lib/python3.9/site-packages/airflow/example_dags/example_python_operator.py
[2023-03-06 23:52:15,194] {logging_mixin.py:115} INFO - [2023-03-06 23:52:15,194] {example_python_operator.py:68} WARNING - The virtalenv_python example task requires virtualenv, please install it.
[2023-03-06 23:52:15,195] {processor.py:651} INFO - DAG(s) dict_keys(['example_python_operator']) retrieved from /home/gabriel/Documents/projetos/apache-airflow/alura-apache-airflow-orquestrando-primeiro-pipeline-dados/airflow-alura/venv/lib/python3.9/site-packages/airflow/example_dags/example_python_operator.py
[2023-03-06 23:52:15,205] {logging_mixin.py:115} INFO - [2023-03-06 23:52:15,205] {dag.py:2379} INFO - Sync 1 DAGs
[2023-03-06 23:52:15,217] {logging_mixin.py:115} INFO - [2023-03-06 23:52:15,217] {dag.py:2927} INFO - Setting next_dagrun for example_python_operator to None, run_after=None
[2023-03-06 23:52:15,234] {processor.py:161} INFO - Processing /home/gabriel/Documents/projetos/apache-airflow/alura-apache-airflow-orquestrando-primeiro-pipeline-dados/airflow-alura/venv/lib/python3.9/site-packages/airflow/example_dags/example_python_operator.py took 0.057 seconds
[2023-03-06 23:52:51,468] {processor.py:153} INFO - Started process (PID=22217) to work on /home/gabriel/Documents/projetos/apache-airflow/alura-apache-airflow-orquestrando-primeiro-pipeline-dados/airflow-alura/venv/lib/python3.9/site-packages/airflow/example_dags/example_python_operator.py
[2023-03-06 23:52:51,470] {processor.py:641} INFO - Processing file /home/gabriel/Documents/projetos/apache-airflow/alura-apache-airflow-orquestrando-primeiro-pipeline-dados/airflow-alura/venv/lib/python3.9/site-packages/airflow/example_dags/example_python_operator.py for tasks to queue
[2023-03-06 23:52:51,472] {logging_mixin.py:115} INFO - [2023-03-06 23:52:51,471] {dagbag.py:507} INFO - Filling up the DagBag from /home/gabriel/Documents/projetos/apache-airflow/alura-apache-airflow-orquestrando-primeiro-pipeline-dados/airflow-alura/venv/lib/python3.9/site-packages/airflow/example_dags/example_python_operator.py
[2023-03-06 23:52:51,521] {logging_mixin.py:115} INFO - [2023-03-06 23:52:51,521] {example_python_operator.py:68} WARNING - The virtalenv_python example task requires virtualenv, please install it.
[2023-03-06 23:52:51,521] {processor.py:651} INFO - DAG(s) dict_keys(['example_python_operator']) retrieved from /home/gabriel/Documents/projetos/apache-airflow/alura-apache-airflow-orquestrando-primeiro-pipeline-dados/airflow-alura/venv/lib/python3.9/site-packages/airflow/example_dags/example_python_operator.py
[2023-03-06 23:52:51,541] {logging_mixin.py:115} INFO - [2023-03-06 23:52:51,541] {dag.py:2379} INFO - Sync 1 DAGs
[2023-03-06 23:52:51,561] {logging_mixin.py:115} INFO - [2023-03-06 23:52:51,561] {dag.py:2927} INFO - Setting next_dagrun for example_python_operator to None, run_after=None
[2023-03-06 23:52:51,579] {processor.py:161} INFO - Processing /home/gabriel/Documents/projetos/apache-airflow/alura-apache-airflow-orquestrando-primeiro-pipeline-dados/airflow-alura/venv/lib/python3.9/site-packages/airflow/example_dags/example_python_operator.py took 0.121 seconds
[2023-03-06 23:53:25,584] {processor.py:153} INFO - Started process (PID=22267) to work on /home/gabriel/Documents/projetos/apache-airflow/alura-apache-airflow-orquestrando-primeiro-pipeline-dados/airflow-alura/venv/lib/python3.9/site-packages/airflow/example_dags/example_python_operator.py
[2023-03-06 23:53:25,586] {processor.py:641} INFO - Processing file /home/gabriel/Documents/projetos/apache-airflow/alura-apache-airflow-orquestrando-primeiro-pipeline-dados/airflow-alura/venv/lib/python3.9/site-packages/airflow/example_dags/example_python_operator.py for tasks to queue
[2023-03-06 23:53:25,587] {logging_mixin.py:115} INFO - [2023-03-06 23:53:25,587] {dagbag.py:507} INFO - Filling up the DagBag from /home/gabriel/Documents/projetos/apache-airflow/alura-apache-airflow-orquestrando-primeiro-pipeline-dados/airflow-alura/venv/lib/python3.9/site-packages/airflow/example_dags/example_python_operator.py
[2023-03-06 23:53:25,608] {logging_mixin.py:115} INFO - [2023-03-06 23:53:25,608] {example_python_operator.py:68} WARNING - The virtalenv_python example task requires virtualenv, please install it.
[2023-03-06 23:53:25,608] {processor.py:651} INFO - DAG(s) dict_keys(['example_python_operator']) retrieved from /home/gabriel/Documents/projetos/apache-airflow/alura-apache-airflow-orquestrando-primeiro-pipeline-dados/airflow-alura/venv/lib/python3.9/site-packages/airflow/example_dags/example_python_operator.py
[2023-03-06 23:53:25,620] {logging_mixin.py:115} INFO - [2023-03-06 23:53:25,620] {dag.py:2379} INFO - Sync 1 DAGs
[2023-03-06 23:53:25,635] {logging_mixin.py:115} INFO - [2023-03-06 23:53:25,635] {dag.py:2927} INFO - Setting next_dagrun for example_python_operator to None, run_after=None
[2023-03-06 23:53:25,650] {processor.py:161} INFO - Processing /home/gabriel/Documents/projetos/apache-airflow/alura-apache-airflow-orquestrando-primeiro-pipeline-dados/airflow-alura/venv/lib/python3.9/site-packages/airflow/example_dags/example_python_operator.py took 0.074 seconds
