[2023-03-06 23:50:54,383] {processor.py:153} INFO - Started process (PID=21797) to work on /home/gabriel/Documents/projetos/apache-airflow/alura-apache-airflow-orquestrando-primeiro-pipeline-dados/airflow-alura/venv/lib/python3.9/site-packages/airflow/example_dags/example_branch_operator_decorator.py
[2023-03-06 23:50:54,385] {processor.py:641} INFO - Processing file /home/gabriel/Documents/projetos/apache-airflow/alura-apache-airflow-orquestrando-primeiro-pipeline-dados/airflow-alura/venv/lib/python3.9/site-packages/airflow/example_dags/example_branch_operator_decorator.py for tasks to queue
[2023-03-06 23:50:54,386] {logging_mixin.py:115} INFO - [2023-03-06 23:50:54,386] {dagbag.py:507} INFO - Filling up the DagBag from /home/gabriel/Documents/projetos/apache-airflow/alura-apache-airflow-orquestrando-primeiro-pipeline-dados/airflow-alura/venv/lib/python3.9/site-packages/airflow/example_dags/example_branch_operator_decorator.py
[2023-03-06 23:50:54,472] {processor.py:651} INFO - DAG(s) dict_keys(['example_branch_python_operator_decorator']) retrieved from /home/gabriel/Documents/projetos/apache-airflow/alura-apache-airflow-orquestrando-primeiro-pipeline-dados/airflow-alura/venv/lib/python3.9/site-packages/airflow/example_dags/example_branch_operator_decorator.py
[2023-03-06 23:50:54,562] {logging_mixin.py:115} INFO - [2023-03-06 23:50:54,561] {manager.py:508} INFO - Created Permission View: can read on DAG:example_branch_python_operator_decorator
[2023-03-06 23:50:54,575] {logging_mixin.py:115} INFO - [2023-03-06 23:50:54,575] {manager.py:508} INFO - Created Permission View: can edit on DAG:example_branch_python_operator_decorator
[2023-03-06 23:50:54,585] {logging_mixin.py:115} INFO - [2023-03-06 23:50:54,585] {manager.py:508} INFO - Created Permission View: can delete on DAG:example_branch_python_operator_decorator
[2023-03-06 23:50:54,585] {logging_mixin.py:115} INFO - [2023-03-06 23:50:54,585] {dag.py:2379} INFO - Sync 1 DAGs
[2023-03-06 23:50:54,595] {logging_mixin.py:115} INFO - [2023-03-06 23:50:54,595] {dag.py:2398} INFO - Creating ORM DAG for example_branch_python_operator_decorator
[2023-03-06 23:50:54,607] {logging_mixin.py:115} INFO - [2023-03-06 23:50:54,606] {dag.py:2927} INFO - Setting next_dagrun for example_branch_python_operator_decorator to 2023-03-06T00:00:00+00:00, run_after=2023-03-07T00:00:00+00:00
[2023-03-06 23:50:54,626] {processor.py:161} INFO - Processing /home/gabriel/Documents/projetos/apache-airflow/alura-apache-airflow-orquestrando-primeiro-pipeline-dados/airflow-alura/venv/lib/python3.9/site-packages/airflow/example_dags/example_branch_operator_decorator.py took 0.255 seconds
[2023-03-06 23:51:29,984] {processor.py:153} INFO - Started process (PID=21842) to work on /home/gabriel/Documents/projetos/apache-airflow/alura-apache-airflow-orquestrando-primeiro-pipeline-dados/airflow-alura/venv/lib/python3.9/site-packages/airflow/example_dags/example_branch_operator_decorator.py
[2023-03-06 23:51:29,987] {processor.py:641} INFO - Processing file /home/gabriel/Documents/projetos/apache-airflow/alura-apache-airflow-orquestrando-primeiro-pipeline-dados/airflow-alura/venv/lib/python3.9/site-packages/airflow/example_dags/example_branch_operator_decorator.py for tasks to queue
[2023-03-06 23:51:29,990] {logging_mixin.py:115} INFO - [2023-03-06 23:51:29,990] {dagbag.py:507} INFO - Filling up the DagBag from /home/gabriel/Documents/projetos/apache-airflow/alura-apache-airflow-orquestrando-primeiro-pipeline-dados/airflow-alura/venv/lib/python3.9/site-packages/airflow/example_dags/example_branch_operator_decorator.py
[2023-03-06 23:51:30,044] {processor.py:651} INFO - DAG(s) dict_keys(['example_branch_python_operator_decorator']) retrieved from /home/gabriel/Documents/projetos/apache-airflow/alura-apache-airflow-orquestrando-primeiro-pipeline-dados/airflow-alura/venv/lib/python3.9/site-packages/airflow/example_dags/example_branch_operator_decorator.py
[2023-03-06 23:51:30,064] {logging_mixin.py:115} INFO - [2023-03-06 23:51:30,064] {dag.py:2379} INFO - Sync 1 DAGs
[2023-03-06 23:51:30,081] {logging_mixin.py:115} INFO - [2023-03-06 23:51:30,081] {dag.py:2927} INFO - Setting next_dagrun for example_branch_python_operator_decorator to 2023-03-06T00:00:00+00:00, run_after=2023-03-07T00:00:00+00:00
[2023-03-06 23:51:30,100] {processor.py:161} INFO - Processing /home/gabriel/Documents/projetos/apache-airflow/alura-apache-airflow-orquestrando-primeiro-pipeline-dados/airflow-alura/venv/lib/python3.9/site-packages/airflow/example_dags/example_branch_operator_decorator.py took 0.128 seconds
[2023-03-06 23:52:06,101] {processor.py:153} INFO - Started process (PID=22051) to work on /home/gabriel/Documents/projetos/apache-airflow/alura-apache-airflow-orquestrando-primeiro-pipeline-dados/airflow-alura/venv/lib/python3.9/site-packages/airflow/example_dags/example_branch_operator_decorator.py
[2023-03-06 23:52:06,103] {processor.py:641} INFO - Processing file /home/gabriel/Documents/projetos/apache-airflow/alura-apache-airflow-orquestrando-primeiro-pipeline-dados/airflow-alura/venv/lib/python3.9/site-packages/airflow/example_dags/example_branch_operator_decorator.py for tasks to queue
[2023-03-06 23:52:06,104] {logging_mixin.py:115} INFO - [2023-03-06 23:52:06,104] {dagbag.py:507} INFO - Filling up the DagBag from /home/gabriel/Documents/projetos/apache-airflow/alura-apache-airflow-orquestrando-primeiro-pipeline-dados/airflow-alura/venv/lib/python3.9/site-packages/airflow/example_dags/example_branch_operator_decorator.py
[2023-03-06 23:52:06,121] {processor.py:651} INFO - DAG(s) dict_keys(['example_branch_python_operator_decorator']) retrieved from /home/gabriel/Documents/projetos/apache-airflow/alura-apache-airflow-orquestrando-primeiro-pipeline-dados/airflow-alura/venv/lib/python3.9/site-packages/airflow/example_dags/example_branch_operator_decorator.py
[2023-03-06 23:52:06,133] {logging_mixin.py:115} INFO - [2023-03-06 23:52:06,133] {dag.py:2379} INFO - Sync 1 DAGs
[2023-03-06 23:52:06,148] {logging_mixin.py:115} INFO - [2023-03-06 23:52:06,148] {dag.py:2927} INFO - Setting next_dagrun for example_branch_python_operator_decorator to 2023-03-06T00:00:00+00:00, run_after=2023-03-07T00:00:00+00:00
[2023-03-06 23:52:06,167] {processor.py:161} INFO - Processing /home/gabriel/Documents/projetos/apache-airflow/alura-apache-airflow-orquestrando-primeiro-pipeline-dados/airflow-alura/venv/lib/python3.9/site-packages/airflow/example_dags/example_branch_operator_decorator.py took 0.069 seconds
[2023-03-06 23:52:42,464] {processor.py:153} INFO - Started process (PID=22202) to work on /home/gabriel/Documents/projetos/apache-airflow/alura-apache-airflow-orquestrando-primeiro-pipeline-dados/airflow-alura/venv/lib/python3.9/site-packages/airflow/example_dags/example_branch_operator_decorator.py
[2023-03-06 23:52:42,467] {processor.py:641} INFO - Processing file /home/gabriel/Documents/projetos/apache-airflow/alura-apache-airflow-orquestrando-primeiro-pipeline-dados/airflow-alura/venv/lib/python3.9/site-packages/airflow/example_dags/example_branch_operator_decorator.py for tasks to queue
[2023-03-06 23:52:42,469] {logging_mixin.py:115} INFO - [2023-03-06 23:52:42,468] {dagbag.py:507} INFO - Filling up the DagBag from /home/gabriel/Documents/projetos/apache-airflow/alura-apache-airflow-orquestrando-primeiro-pipeline-dados/airflow-alura/venv/lib/python3.9/site-packages/airflow/example_dags/example_branch_operator_decorator.py
[2023-03-06 23:52:42,511] {processor.py:651} INFO - DAG(s) dict_keys(['example_branch_python_operator_decorator']) retrieved from /home/gabriel/Documents/projetos/apache-airflow/alura-apache-airflow-orquestrando-primeiro-pipeline-dados/airflow-alura/venv/lib/python3.9/site-packages/airflow/example_dags/example_branch_operator_decorator.py
[2023-03-06 23:52:42,531] {logging_mixin.py:115} INFO - [2023-03-06 23:52:42,531] {dag.py:2379} INFO - Sync 1 DAGs
[2023-03-06 23:52:42,547] {logging_mixin.py:115} INFO - [2023-03-06 23:52:42,547] {dag.py:2927} INFO - Setting next_dagrun for example_branch_python_operator_decorator to 2023-03-06T00:00:00+00:00, run_after=2023-03-07T00:00:00+00:00
[2023-03-06 23:52:42,559] {processor.py:161} INFO - Processing /home/gabriel/Documents/projetos/apache-airflow/alura-apache-airflow-orquestrando-primeiro-pipeline-dados/airflow-alura/venv/lib/python3.9/site-packages/airflow/example_dags/example_branch_operator_decorator.py took 0.106 seconds
[2023-03-06 23:53:16,773] {processor.py:153} INFO - Started process (PID=22255) to work on /home/gabriel/Documents/projetos/apache-airflow/alura-apache-airflow-orquestrando-primeiro-pipeline-dados/airflow-alura/venv/lib/python3.9/site-packages/airflow/example_dags/example_branch_operator_decorator.py
[2023-03-06 23:53:16,775] {processor.py:641} INFO - Processing file /home/gabriel/Documents/projetos/apache-airflow/alura-apache-airflow-orquestrando-primeiro-pipeline-dados/airflow-alura/venv/lib/python3.9/site-packages/airflow/example_dags/example_branch_operator_decorator.py for tasks to queue
[2023-03-06 23:53:16,777] {logging_mixin.py:115} INFO - [2023-03-06 23:53:16,776] {dagbag.py:507} INFO - Filling up the DagBag from /home/gabriel/Documents/projetos/apache-airflow/alura-apache-airflow-orquestrando-primeiro-pipeline-dados/airflow-alura/venv/lib/python3.9/site-packages/airflow/example_dags/example_branch_operator_decorator.py
[2023-03-06 23:53:16,802] {processor.py:651} INFO - DAG(s) dict_keys(['example_branch_python_operator_decorator']) retrieved from /home/gabriel/Documents/projetos/apache-airflow/alura-apache-airflow-orquestrando-primeiro-pipeline-dados/airflow-alura/venv/lib/python3.9/site-packages/airflow/example_dags/example_branch_operator_decorator.py
[2023-03-06 23:53:16,816] {logging_mixin.py:115} INFO - [2023-03-06 23:53:16,815] {dag.py:2379} INFO - Sync 1 DAGs
[2023-03-06 23:53:16,833] {logging_mixin.py:115} INFO - [2023-03-06 23:53:16,833] {dag.py:2927} INFO - Setting next_dagrun for example_branch_python_operator_decorator to 2023-03-06T00:00:00+00:00, run_after=2023-03-07T00:00:00+00:00
[2023-03-06 23:53:16,846] {processor.py:161} INFO - Processing /home/gabriel/Documents/projetos/apache-airflow/alura-apache-airflow-orquestrando-primeiro-pipeline-dados/airflow-alura/venv/lib/python3.9/site-packages/airflow/example_dags/example_branch_operator_decorator.py took 0.084 seconds
[2023-03-06 23:53:51,294] {processor.py:153} INFO - Started process (PID=22313) to work on /home/gabriel/Documents/projetos/apache-airflow/alura-apache-airflow-orquestrando-primeiro-pipeline-dados/airflow-alura/venv/lib/python3.9/site-packages/airflow/example_dags/example_branch_operator_decorator.py
[2023-03-06 23:53:51,295] {processor.py:641} INFO - Processing file /home/gabriel/Documents/projetos/apache-airflow/alura-apache-airflow-orquestrando-primeiro-pipeline-dados/airflow-alura/venv/lib/python3.9/site-packages/airflow/example_dags/example_branch_operator_decorator.py for tasks to queue
[2023-03-06 23:53:51,297] {logging_mixin.py:115} INFO - [2023-03-06 23:53:51,297] {dagbag.py:507} INFO - Filling up the DagBag from /home/gabriel/Documents/projetos/apache-airflow/alura-apache-airflow-orquestrando-primeiro-pipeline-dados/airflow-alura/venv/lib/python3.9/site-packages/airflow/example_dags/example_branch_operator_decorator.py
[2023-03-06 23:53:51,326] {processor.py:651} INFO - DAG(s) dict_keys(['example_branch_python_operator_decorator']) retrieved from /home/gabriel/Documents/projetos/apache-airflow/alura-apache-airflow-orquestrando-primeiro-pipeline-dados/airflow-alura/venv/lib/python3.9/site-packages/airflow/example_dags/example_branch_operator_decorator.py
[2023-03-06 23:53:51,340] {logging_mixin.py:115} INFO - [2023-03-06 23:53:51,340] {dag.py:2379} INFO - Sync 1 DAGs
[2023-03-06 23:53:51,353] {logging_mixin.py:115} INFO - [2023-03-06 23:53:51,353] {dag.py:2927} INFO - Setting next_dagrun for example_branch_python_operator_decorator to 2023-03-06T00:00:00+00:00, run_after=2023-03-07T00:00:00+00:00
[2023-03-06 23:53:51,365] {processor.py:161} INFO - Processing /home/gabriel/Documents/projetos/apache-airflow/alura-apache-airflow-orquestrando-primeiro-pipeline-dados/airflow-alura/venv/lib/python3.9/site-packages/airflow/example_dags/example_branch_operator_decorator.py took 0.080 seconds
