[2023-03-06 23:50:45,343] {processor.py:153} INFO - Started process (PID=21685) to work on /home/gabriel/Documents/projetos/apache-airflow/alura-apache-airflow-orquestrando-primeiro-pipeline-dados/airflow-alura/venv/lib/python3.9/site-packages/airflow/example_dags/example_xcom.py
[2023-03-06 23:50:45,345] {processor.py:641} INFO - Processing file /home/gabriel/Documents/projetos/apache-airflow/alura-apache-airflow-orquestrando-primeiro-pipeline-dados/airflow-alura/venv/lib/python3.9/site-packages/airflow/example_dags/example_xcom.py for tasks to queue
[2023-03-06 23:50:45,347] {logging_mixin.py:115} INFO - [2023-03-06 23:50:45,346] {dagbag.py:507} INFO - Filling up the DagBag from /home/gabriel/Documents/projetos/apache-airflow/alura-apache-airflow-orquestrando-primeiro-pipeline-dados/airflow-alura/venv/lib/python3.9/site-packages/airflow/example_dags/example_xcom.py
[2023-03-06 23:50:45,401] {processor.py:651} INFO - DAG(s) dict_keys(['example_xcom']) retrieved from /home/gabriel/Documents/projetos/apache-airflow/alura-apache-airflow-orquestrando-primeiro-pipeline-dados/airflow-alura/venv/lib/python3.9/site-packages/airflow/example_dags/example_xcom.py
[2023-03-06 23:50:45,463] {logging_mixin.py:115} INFO - [2023-03-06 23:50:45,463] {manager.py:508} INFO - Created Permission View: can read on DAG:example_xcom
[2023-03-06 23:50:45,472] {logging_mixin.py:115} INFO - [2023-03-06 23:50:45,472] {manager.py:508} INFO - Created Permission View: can edit on DAG:example_xcom
[2023-03-06 23:50:45,481] {logging_mixin.py:115} INFO - [2023-03-06 23:50:45,481] {manager.py:508} INFO - Created Permission View: can delete on DAG:example_xcom
[2023-03-06 23:50:45,481] {logging_mixin.py:115} INFO - [2023-03-06 23:50:45,481] {dag.py:2379} INFO - Sync 1 DAGs
[2023-03-06 23:50:45,488] {logging_mixin.py:115} INFO - [2023-03-06 23:50:45,488] {dag.py:2398} INFO - Creating ORM DAG for example_xcom
[2023-03-06 23:50:45,497] {logging_mixin.py:115} INFO - [2023-03-06 23:50:45,496] {dag.py:2927} INFO - Setting next_dagrun for example_xcom to 2021-01-01T00:00:00+00:00, run_after=2021-01-01T00:00:00+00:00
[2023-03-06 23:50:45,514] {processor.py:161} INFO - Processing /home/gabriel/Documents/projetos/apache-airflow/alura-apache-airflow-orquestrando-primeiro-pipeline-dados/airflow-alura/venv/lib/python3.9/site-packages/airflow/example_dags/example_xcom.py took 0.180 seconds
[2023-03-06 23:51:23,110] {processor.py:153} INFO - Started process (PID=21831) to work on /home/gabriel/Documents/projetos/apache-airflow/alura-apache-airflow-orquestrando-primeiro-pipeline-dados/airflow-alura/venv/lib/python3.9/site-packages/airflow/example_dags/example_xcom.py
[2023-03-06 23:51:23,112] {processor.py:641} INFO - Processing file /home/gabriel/Documents/projetos/apache-airflow/alura-apache-airflow-orquestrando-primeiro-pipeline-dados/airflow-alura/venv/lib/python3.9/site-packages/airflow/example_dags/example_xcom.py for tasks to queue
[2023-03-06 23:51:23,112] {logging_mixin.py:115} INFO - [2023-03-06 23:51:23,112] {dagbag.py:507} INFO - Filling up the DagBag from /home/gabriel/Documents/projetos/apache-airflow/alura-apache-airflow-orquestrando-primeiro-pipeline-dados/airflow-alura/venv/lib/python3.9/site-packages/airflow/example_dags/example_xcom.py
[2023-03-06 23:51:23,129] {processor.py:651} INFO - DAG(s) dict_keys(['example_xcom']) retrieved from /home/gabriel/Documents/projetos/apache-airflow/alura-apache-airflow-orquestrando-primeiro-pipeline-dados/airflow-alura/venv/lib/python3.9/site-packages/airflow/example_dags/example_xcom.py
[2023-03-06 23:51:23,159] {logging_mixin.py:115} INFO - [2023-03-06 23:51:23,159] {dag.py:2379} INFO - Sync 1 DAGs
[2023-03-06 23:51:23,169] {logging_mixin.py:115} INFO - [2023-03-06 23:51:23,169] {dag.py:2927} INFO - Setting next_dagrun for example_xcom to 2021-01-01T00:00:00+00:00, run_after=2021-01-01T00:00:00+00:00
[2023-03-06 23:51:23,183] {processor.py:161} INFO - Processing /home/gabriel/Documents/projetos/apache-airflow/alura-apache-airflow-orquestrando-primeiro-pipeline-dados/airflow-alura/venv/lib/python3.9/site-packages/airflow/example_dags/example_xcom.py took 0.075 seconds
[2023-03-06 23:51:57,406] {processor.py:153} INFO - Started process (PID=22041) to work on /home/gabriel/Documents/projetos/apache-airflow/alura-apache-airflow-orquestrando-primeiro-pipeline-dados/airflow-alura/venv/lib/python3.9/site-packages/airflow/example_dags/example_xcom.py
[2023-03-06 23:51:57,411] {processor.py:641} INFO - Processing file /home/gabriel/Documents/projetos/apache-airflow/alura-apache-airflow-orquestrando-primeiro-pipeline-dados/airflow-alura/venv/lib/python3.9/site-packages/airflow/example_dags/example_xcom.py for tasks to queue
[2023-03-06 23:51:57,411] {logging_mixin.py:115} INFO - [2023-03-06 23:51:57,411] {dagbag.py:507} INFO - Filling up the DagBag from /home/gabriel/Documents/projetos/apache-airflow/alura-apache-airflow-orquestrando-primeiro-pipeline-dados/airflow-alura/venv/lib/python3.9/site-packages/airflow/example_dags/example_xcom.py
[2023-03-06 23:51:57,431] {processor.py:651} INFO - DAG(s) dict_keys(['example_xcom']) retrieved from /home/gabriel/Documents/projetos/apache-airflow/alura-apache-airflow-orquestrando-primeiro-pipeline-dados/airflow-alura/venv/lib/python3.9/site-packages/airflow/example_dags/example_xcom.py
[2023-03-06 23:51:57,442] {logging_mixin.py:115} INFO - [2023-03-06 23:51:57,442] {dag.py:2379} INFO - Sync 1 DAGs
[2023-03-06 23:51:57,455] {logging_mixin.py:115} INFO - [2023-03-06 23:51:57,455] {dag.py:2927} INFO - Setting next_dagrun for example_xcom to 2021-01-01T00:00:00+00:00, run_after=2021-01-01T00:00:00+00:00
[2023-03-06 23:51:57,468] {processor.py:161} INFO - Processing /home/gabriel/Documents/projetos/apache-airflow/alura-apache-airflow-orquestrando-primeiro-pipeline-dados/airflow-alura/venv/lib/python3.9/site-packages/airflow/example_dags/example_xcom.py took 0.068 seconds
[2023-03-06 23:52:32,328] {processor.py:153} INFO - Started process (PID=22191) to work on /home/gabriel/Documents/projetos/apache-airflow/alura-apache-airflow-orquestrando-primeiro-pipeline-dados/airflow-alura/venv/lib/python3.9/site-packages/airflow/example_dags/example_xcom.py
[2023-03-06 23:52:32,332] {processor.py:641} INFO - Processing file /home/gabriel/Documents/projetos/apache-airflow/alura-apache-airflow-orquestrando-primeiro-pipeline-dados/airflow-alura/venv/lib/python3.9/site-packages/airflow/example_dags/example_xcom.py for tasks to queue
[2023-03-06 23:52:32,335] {logging_mixin.py:115} INFO - [2023-03-06 23:52:32,334] {dagbag.py:507} INFO - Filling up the DagBag from /home/gabriel/Documents/projetos/apache-airflow/alura-apache-airflow-orquestrando-primeiro-pipeline-dados/airflow-alura/venv/lib/python3.9/site-packages/airflow/example_dags/example_xcom.py
[2023-03-06 23:52:32,407] {processor.py:651} INFO - DAG(s) dict_keys(['example_xcom']) retrieved from /home/gabriel/Documents/projetos/apache-airflow/alura-apache-airflow-orquestrando-primeiro-pipeline-dados/airflow-alura/venv/lib/python3.9/site-packages/airflow/example_dags/example_xcom.py
[2023-03-06 23:52:32,425] {logging_mixin.py:115} INFO - [2023-03-06 23:52:32,425] {dag.py:2379} INFO - Sync 1 DAGs
[2023-03-06 23:52:32,440] {logging_mixin.py:115} INFO - [2023-03-06 23:52:32,440] {dag.py:2927} INFO - Setting next_dagrun for example_xcom to 2021-01-01T00:00:00+00:00, run_after=2021-01-01T00:00:00+00:00
[2023-03-06 23:52:32,452] {processor.py:161} INFO - Processing /home/gabriel/Documents/projetos/apache-airflow/alura-apache-airflow-orquestrando-primeiro-pipeline-dados/airflow-alura/venv/lib/python3.9/site-packages/airflow/example_dags/example_xcom.py took 0.134 seconds
[2023-03-06 23:53:07,665] {processor.py:153} INFO - Started process (PID=22243) to work on /home/gabriel/Documents/projetos/apache-airflow/alura-apache-airflow-orquestrando-primeiro-pipeline-dados/airflow-alura/venv/lib/python3.9/site-packages/airflow/example_dags/example_xcom.py
[2023-03-06 23:53:07,668] {processor.py:641} INFO - Processing file /home/gabriel/Documents/projetos/apache-airflow/alura-apache-airflow-orquestrando-primeiro-pipeline-dados/airflow-alura/venv/lib/python3.9/site-packages/airflow/example_dags/example_xcom.py for tasks to queue
[2023-03-06 23:53:07,669] {logging_mixin.py:115} INFO - [2023-03-06 23:53:07,669] {dagbag.py:507} INFO - Filling up the DagBag from /home/gabriel/Documents/projetos/apache-airflow/alura-apache-airflow-orquestrando-primeiro-pipeline-dados/airflow-alura/venv/lib/python3.9/site-packages/airflow/example_dags/example_xcom.py
[2023-03-06 23:53:07,696] {processor.py:651} INFO - DAG(s) dict_keys(['example_xcom']) retrieved from /home/gabriel/Documents/projetos/apache-airflow/alura-apache-airflow-orquestrando-primeiro-pipeline-dados/airflow-alura/venv/lib/python3.9/site-packages/airflow/example_dags/example_xcom.py
[2023-03-06 23:53:07,729] {logging_mixin.py:115} INFO - [2023-03-06 23:53:07,728] {dag.py:2379} INFO - Sync 1 DAGs
[2023-03-06 23:53:07,741] {logging_mixin.py:115} INFO - [2023-03-06 23:53:07,741] {dag.py:2927} INFO - Setting next_dagrun for example_xcom to 2021-01-01T00:00:00+00:00, run_after=2021-01-01T00:00:00+00:00
[2023-03-06 23:53:07,755] {processor.py:161} INFO - Processing /home/gabriel/Documents/projetos/apache-airflow/alura-apache-airflow-orquestrando-primeiro-pipeline-dados/airflow-alura/venv/lib/python3.9/site-packages/airflow/example_dags/example_xcom.py took 0.102 seconds
[2023-03-06 23:53:41,412] {processor.py:153} INFO - Started process (PID=22287) to work on /home/gabriel/Documents/projetos/apache-airflow/alura-apache-airflow-orquestrando-primeiro-pipeline-dados/airflow-alura/venv/lib/python3.9/site-packages/airflow/example_dags/example_xcom.py
[2023-03-06 23:53:41,415] {processor.py:641} INFO - Processing file /home/gabriel/Documents/projetos/apache-airflow/alura-apache-airflow-orquestrando-primeiro-pipeline-dados/airflow-alura/venv/lib/python3.9/site-packages/airflow/example_dags/example_xcom.py for tasks to queue
[2023-03-06 23:53:41,417] {logging_mixin.py:115} INFO - [2023-03-06 23:53:41,416] {dagbag.py:507} INFO - Filling up the DagBag from /home/gabriel/Documents/projetos/apache-airflow/alura-apache-airflow-orquestrando-primeiro-pipeline-dados/airflow-alura/venv/lib/python3.9/site-packages/airflow/example_dags/example_xcom.py
[2023-03-06 23:53:41,447] {processor.py:651} INFO - DAG(s) dict_keys(['example_xcom']) retrieved from /home/gabriel/Documents/projetos/apache-airflow/alura-apache-airflow-orquestrando-primeiro-pipeline-dados/airflow-alura/venv/lib/python3.9/site-packages/airflow/example_dags/example_xcom.py
[2023-03-06 23:53:41,459] {logging_mixin.py:115} INFO - [2023-03-06 23:53:41,459] {dag.py:2379} INFO - Sync 1 DAGs
[2023-03-06 23:53:41,471] {logging_mixin.py:115} INFO - [2023-03-06 23:53:41,471] {dag.py:2927} INFO - Setting next_dagrun for example_xcom to 2021-01-01T00:00:00+00:00, run_after=2021-01-01T00:00:00+00:00
[2023-03-06 23:53:41,483] {processor.py:161} INFO - Processing /home/gabriel/Documents/projetos/apache-airflow/alura-apache-airflow-orquestrando-primeiro-pipeline-dados/airflow-alura/venv/lib/python3.9/site-packages/airflow/example_dags/example_xcom.py took 0.079 seconds
