[2023-03-06 23:51:09,490] {processor.py:153} INFO - Started process (PID=21812) to work on /home/gabriel/Documents/projetos/apache-airflow/alura-apache-airflow-orquestrando-primeiro-pipeline-dados/airflow-alura/venv/lib/python3.9/site-packages/airflow/example_dags/example_branch_python_dop_operator_3.py
[2023-03-06 23:51:09,490] {processor.py:641} INFO - Processing file /home/gabriel/Documents/projetos/apache-airflow/alura-apache-airflow-orquestrando-primeiro-pipeline-dados/airflow-alura/venv/lib/python3.9/site-packages/airflow/example_dags/example_branch_python_dop_operator_3.py for tasks to queue
[2023-03-06 23:51:09,490] {logging_mixin.py:115} INFO - [2023-03-06 23:51:09,490] {dagbag.py:507} INFO - Filling up the DagBag from /home/gabriel/Documents/projetos/apache-airflow/alura-apache-airflow-orquestrando-primeiro-pipeline-dados/airflow-alura/venv/lib/python3.9/site-packages/airflow/example_dags/example_branch_python_dop_operator_3.py
[2023-03-06 23:51:09,501] {processor.py:651} INFO - DAG(s) dict_keys(['example_branch_dop_operator_v3']) retrieved from /home/gabriel/Documents/projetos/apache-airflow/alura-apache-airflow-orquestrando-primeiro-pipeline-dados/airflow-alura/venv/lib/python3.9/site-packages/airflow/example_dags/example_branch_python_dop_operator_3.py
[2023-03-06 23:51:09,582] {logging_mixin.py:115} INFO - [2023-03-06 23:51:09,582] {manager.py:508} INFO - Created Permission View: can read on DAG:example_branch_dop_operator_v3
[2023-03-06 23:51:09,595] {logging_mixin.py:115} INFO - [2023-03-06 23:51:09,595] {manager.py:508} INFO - Created Permission View: can edit on DAG:example_branch_dop_operator_v3
[2023-03-06 23:51:09,605] {logging_mixin.py:115} INFO - [2023-03-06 23:51:09,605] {manager.py:508} INFO - Created Permission View: can delete on DAG:example_branch_dop_operator_v3
[2023-03-06 23:51:09,605] {logging_mixin.py:115} INFO - [2023-03-06 23:51:09,605] {dag.py:2379} INFO - Sync 1 DAGs
[2023-03-06 23:51:09,613] {logging_mixin.py:115} INFO - [2023-03-06 23:51:09,613] {dag.py:2398} INFO - Creating ORM DAG for example_branch_dop_operator_v3
[2023-03-06 23:51:09,634] {logging_mixin.py:115} INFO - [2023-03-06 23:51:09,633] {dag.py:2927} INFO - Setting next_dagrun for example_branch_dop_operator_v3 to 2023-03-07T02:50:00+00:00, run_after=2023-03-07T02:51:00+00:00
[2023-03-06 23:51:09,655] {processor.py:161} INFO - Processing /home/gabriel/Documents/projetos/apache-airflow/alura-apache-airflow-orquestrando-primeiro-pipeline-dados/airflow-alura/venv/lib/python3.9/site-packages/airflow/example_dags/example_branch_python_dop_operator_3.py took 0.168 seconds
[2023-03-06 23:51:45,265] {processor.py:153} INFO - Started process (PID=21908) to work on /home/gabriel/Documents/projetos/apache-airflow/alura-apache-airflow-orquestrando-primeiro-pipeline-dados/airflow-alura/venv/lib/python3.9/site-packages/airflow/example_dags/example_branch_python_dop_operator_3.py
[2023-03-06 23:51:45,267] {processor.py:641} INFO - Processing file /home/gabriel/Documents/projetos/apache-airflow/alura-apache-airflow-orquestrando-primeiro-pipeline-dados/airflow-alura/venv/lib/python3.9/site-packages/airflow/example_dags/example_branch_python_dop_operator_3.py for tasks to queue
[2023-03-06 23:51:45,268] {logging_mixin.py:115} INFO - [2023-03-06 23:51:45,268] {dagbag.py:507} INFO - Filling up the DagBag from /home/gabriel/Documents/projetos/apache-airflow/alura-apache-airflow-orquestrando-primeiro-pipeline-dados/airflow-alura/venv/lib/python3.9/site-packages/airflow/example_dags/example_branch_python_dop_operator_3.py
[2023-03-06 23:51:45,286] {processor.py:651} INFO - DAG(s) dict_keys(['example_branch_dop_operator_v3']) retrieved from /home/gabriel/Documents/projetos/apache-airflow/alura-apache-airflow-orquestrando-primeiro-pipeline-dados/airflow-alura/venv/lib/python3.9/site-packages/airflow/example_dags/example_branch_python_dop_operator_3.py
[2023-03-06 23:51:45,301] {logging_mixin.py:115} INFO - [2023-03-06 23:51:45,301] {dag.py:2379} INFO - Sync 1 DAGs
[2023-03-06 23:51:45,317] {logging_mixin.py:115} INFO - [2023-03-06 23:51:45,317] {dag.py:2927} INFO - Setting next_dagrun for example_branch_dop_operator_v3 to 2023-03-07T02:50:00+00:00, run_after=2023-03-07T02:51:00+00:00
[2023-03-06 23:51:45,337] {processor.py:161} INFO - Processing /home/gabriel/Documents/projetos/apache-airflow/alura-apache-airflow-orquestrando-primeiro-pipeline-dados/airflow-alura/venv/lib/python3.9/site-packages/airflow/example_dags/example_branch_python_dop_operator_3.py took 0.079 seconds
[2023-03-06 23:52:20,353] {processor.py:153} INFO - Started process (PID=22070) to work on /home/gabriel/Documents/projetos/apache-airflow/alura-apache-airflow-orquestrando-primeiro-pipeline-dados/airflow-alura/venv/lib/python3.9/site-packages/airflow/example_dags/example_branch_python_dop_operator_3.py
[2023-03-06 23:52:20,357] {processor.py:641} INFO - Processing file /home/gabriel/Documents/projetos/apache-airflow/alura-apache-airflow-orquestrando-primeiro-pipeline-dados/airflow-alura/venv/lib/python3.9/site-packages/airflow/example_dags/example_branch_python_dop_operator_3.py for tasks to queue
[2023-03-06 23:52:20,357] {logging_mixin.py:115} INFO - [2023-03-06 23:52:20,357] {dagbag.py:507} INFO - Filling up the DagBag from /home/gabriel/Documents/projetos/apache-airflow/alura-apache-airflow-orquestrando-primeiro-pipeline-dados/airflow-alura/venv/lib/python3.9/site-packages/airflow/example_dags/example_branch_python_dop_operator_3.py
[2023-03-06 23:52:20,368] {processor.py:651} INFO - DAG(s) dict_keys(['example_branch_dop_operator_v3']) retrieved from /home/gabriel/Documents/projetos/apache-airflow/alura-apache-airflow-orquestrando-primeiro-pipeline-dados/airflow-alura/venv/lib/python3.9/site-packages/airflow/example_dags/example_branch_python_dop_operator_3.py
[2023-03-06 23:52:20,385] {logging_mixin.py:115} INFO - [2023-03-06 23:52:20,385] {dag.py:2379} INFO - Sync 1 DAGs
[2023-03-06 23:52:20,412] {logging_mixin.py:115} INFO - [2023-03-06 23:52:20,412] {dag.py:2927} INFO - Setting next_dagrun for example_branch_dop_operator_v3 to 2023-03-07T02:51:00+00:00, run_after=2023-03-07T02:52:00+00:00
[2023-03-06 23:52:20,431] {processor.py:161} INFO - Processing /home/gabriel/Documents/projetos/apache-airflow/alura-apache-airflow-orquestrando-primeiro-pipeline-dados/airflow-alura/venv/lib/python3.9/site-packages/airflow/example_dags/example_branch_python_dop_operator_3.py took 0.081 seconds
[2023-03-06 23:52:58,713] {processor.py:153} INFO - Started process (PID=22234) to work on /home/gabriel/Documents/projetos/apache-airflow/alura-apache-airflow-orquestrando-primeiro-pipeline-dados/airflow-alura/venv/lib/python3.9/site-packages/airflow/example_dags/example_branch_python_dop_operator_3.py
[2023-03-06 23:52:58,715] {processor.py:641} INFO - Processing file /home/gabriel/Documents/projetos/apache-airflow/alura-apache-airflow-orquestrando-primeiro-pipeline-dados/airflow-alura/venv/lib/python3.9/site-packages/airflow/example_dags/example_branch_python_dop_operator_3.py for tasks to queue
[2023-03-06 23:52:58,716] {logging_mixin.py:115} INFO - [2023-03-06 23:52:58,716] {dagbag.py:507} INFO - Filling up the DagBag from /home/gabriel/Documents/projetos/apache-airflow/alura-apache-airflow-orquestrando-primeiro-pipeline-dados/airflow-alura/venv/lib/python3.9/site-packages/airflow/example_dags/example_branch_python_dop_operator_3.py
[2023-03-06 23:52:58,730] {processor.py:651} INFO - DAG(s) dict_keys(['example_branch_dop_operator_v3']) retrieved from /home/gabriel/Documents/projetos/apache-airflow/alura-apache-airflow-orquestrando-primeiro-pipeline-dados/airflow-alura/venv/lib/python3.9/site-packages/airflow/example_dags/example_branch_python_dop_operator_3.py
[2023-03-06 23:52:58,747] {logging_mixin.py:115} INFO - [2023-03-06 23:52:58,747] {dag.py:2379} INFO - Sync 1 DAGs
[2023-03-06 23:52:58,773] {logging_mixin.py:115} INFO - [2023-03-06 23:52:58,773] {dag.py:2927} INFO - Setting next_dagrun for example_branch_dop_operator_v3 to 2023-03-07T02:51:00+00:00, run_after=2023-03-07T02:52:00+00:00
[2023-03-06 23:52:58,789] {processor.py:161} INFO - Processing /home/gabriel/Documents/projetos/apache-airflow/alura-apache-airflow-orquestrando-primeiro-pipeline-dados/airflow-alura/venv/lib/python3.9/site-packages/airflow/example_dags/example_branch_python_dop_operator_3.py took 0.081 seconds
[2023-03-06 23:53:33,403] {processor.py:153} INFO - Started process (PID=22277) to work on /home/gabriel/Documents/projetos/apache-airflow/alura-apache-airflow-orquestrando-primeiro-pipeline-dados/airflow-alura/venv/lib/python3.9/site-packages/airflow/example_dags/example_branch_python_dop_operator_3.py
[2023-03-06 23:53:33,406] {processor.py:641} INFO - Processing file /home/gabriel/Documents/projetos/apache-airflow/alura-apache-airflow-orquestrando-primeiro-pipeline-dados/airflow-alura/venv/lib/python3.9/site-packages/airflow/example_dags/example_branch_python_dop_operator_3.py for tasks to queue
[2023-03-06 23:53:33,407] {logging_mixin.py:115} INFO - [2023-03-06 23:53:33,407] {dagbag.py:507} INFO - Filling up the DagBag from /home/gabriel/Documents/projetos/apache-airflow/alura-apache-airflow-orquestrando-primeiro-pipeline-dados/airflow-alura/venv/lib/python3.9/site-packages/airflow/example_dags/example_branch_python_dop_operator_3.py
[2023-03-06 23:53:33,424] {processor.py:651} INFO - DAG(s) dict_keys(['example_branch_dop_operator_v3']) retrieved from /home/gabriel/Documents/projetos/apache-airflow/alura-apache-airflow-orquestrando-primeiro-pipeline-dados/airflow-alura/venv/lib/python3.9/site-packages/airflow/example_dags/example_branch_python_dop_operator_3.py
[2023-03-06 23:53:33,438] {logging_mixin.py:115} INFO - [2023-03-06 23:53:33,438] {dag.py:2379} INFO - Sync 1 DAGs
[2023-03-06 23:53:33,454] {logging_mixin.py:115} INFO - [2023-03-06 23:53:33,454] {dag.py:2927} INFO - Setting next_dagrun for example_branch_dop_operator_v3 to 2023-03-07T02:52:00+00:00, run_after=2023-03-07T02:53:00+00:00
[2023-03-06 23:53:33,465] {processor.py:161} INFO - Processing /home/gabriel/Documents/projetos/apache-airflow/alura-apache-airflow-orquestrando-primeiro-pipeline-dados/airflow-alura/venv/lib/python3.9/site-packages/airflow/example_dags/example_branch_python_dop_operator_3.py took 0.071 seconds
