[2023-03-06 23:51:00,972] {processor.py:153} INFO - Started process (PID=21804) to work on /home/gabriel/Documents/projetos/apache-airflow/alura-apache-airflow-orquestrando-primeiro-pipeline-dados/airflow-alura/venv/lib/python3.9/site-packages/airflow/example_dags/example_short_circuit_operator.py
[2023-03-06 23:51:00,972] {processor.py:641} INFO - Processing file /home/gabriel/Documents/projetos/apache-airflow/alura-apache-airflow-orquestrando-primeiro-pipeline-dados/airflow-alura/venv/lib/python3.9/site-packages/airflow/example_dags/example_short_circuit_operator.py for tasks to queue
[2023-03-06 23:51:00,973] {logging_mixin.py:115} INFO - [2023-03-06 23:51:00,972] {dagbag.py:507} INFO - Filling up the DagBag from /home/gabriel/Documents/projetos/apache-airflow/alura-apache-airflow-orquestrando-primeiro-pipeline-dados/airflow-alura/venv/lib/python3.9/site-packages/airflow/example_dags/example_short_circuit_operator.py
[2023-03-06 23:51:00,982] {processor.py:651} INFO - DAG(s) dict_keys(['example_short_circuit_operator']) retrieved from /home/gabriel/Documents/projetos/apache-airflow/alura-apache-airflow-orquestrando-primeiro-pipeline-dados/airflow-alura/venv/lib/python3.9/site-packages/airflow/example_dags/example_short_circuit_operator.py
[2023-03-06 23:51:01,057] {logging_mixin.py:115} INFO - [2023-03-06 23:51:01,057] {manager.py:508} INFO - Created Permission View: can read on DAG:example_short_circuit_operator
[2023-03-06 23:51:01,070] {logging_mixin.py:115} INFO - [2023-03-06 23:51:01,070] {manager.py:508} INFO - Created Permission View: can edit on DAG:example_short_circuit_operator
[2023-03-06 23:51:01,079] {logging_mixin.py:115} INFO - [2023-03-06 23:51:01,079] {manager.py:508} INFO - Created Permission View: can delete on DAG:example_short_circuit_operator
[2023-03-06 23:51:01,080] {logging_mixin.py:115} INFO - [2023-03-06 23:51:01,080] {dag.py:2379} INFO - Sync 1 DAGs
[2023-03-06 23:51:01,088] {logging_mixin.py:115} INFO - [2023-03-06 23:51:01,088] {dag.py:2398} INFO - Creating ORM DAG for example_short_circuit_operator
[2023-03-06 23:51:01,101] {logging_mixin.py:115} INFO - [2023-03-06 23:51:01,100] {dag.py:2927} INFO - Setting next_dagrun for example_short_circuit_operator to 2023-03-06T02:51:01.100683+00:00, run_after=2023-03-07T02:51:01.100683+00:00
[2023-03-06 23:51:01,119] {processor.py:161} INFO - Processing /home/gabriel/Documents/projetos/apache-airflow/alura-apache-airflow-orquestrando-primeiro-pipeline-dados/airflow-alura/venv/lib/python3.9/site-packages/airflow/example_dags/example_short_circuit_operator.py took 0.150 seconds
[2023-03-06 23:51:37,764] {processor.py:153} INFO - Started process (PID=21852) to work on /home/gabriel/Documents/projetos/apache-airflow/alura-apache-airflow-orquestrando-primeiro-pipeline-dados/airflow-alura/venv/lib/python3.9/site-packages/airflow/example_dags/example_short_circuit_operator.py
[2023-03-06 23:51:37,772] {processor.py:641} INFO - Processing file /home/gabriel/Documents/projetos/apache-airflow/alura-apache-airflow-orquestrando-primeiro-pipeline-dados/airflow-alura/venv/lib/python3.9/site-packages/airflow/example_dags/example_short_circuit_operator.py for tasks to queue
[2023-03-06 23:51:37,774] {logging_mixin.py:115} INFO - [2023-03-06 23:51:37,773] {dagbag.py:507} INFO - Filling up the DagBag from /home/gabriel/Documents/projetos/apache-airflow/alura-apache-airflow-orquestrando-primeiro-pipeline-dados/airflow-alura/venv/lib/python3.9/site-packages/airflow/example_dags/example_short_circuit_operator.py
[2023-03-06 23:51:37,797] {processor.py:651} INFO - DAG(s) dict_keys(['example_short_circuit_operator']) retrieved from /home/gabriel/Documents/projetos/apache-airflow/alura-apache-airflow-orquestrando-primeiro-pipeline-dados/airflow-alura/venv/lib/python3.9/site-packages/airflow/example_dags/example_short_circuit_operator.py
[2023-03-06 23:51:37,823] {logging_mixin.py:115} INFO - [2023-03-06 23:51:37,823] {dag.py:2379} INFO - Sync 1 DAGs
[2023-03-06 23:51:37,843] {logging_mixin.py:115} INFO - [2023-03-06 23:51:37,843] {dag.py:2927} INFO - Setting next_dagrun for example_short_circuit_operator to 2023-03-06T02:51:37.843540+00:00, run_after=2023-03-07T02:51:37.843540+00:00
[2023-03-06 23:51:37,859] {processor.py:161} INFO - Processing /home/gabriel/Documents/projetos/apache-airflow/alura-apache-airflow-orquestrando-primeiro-pipeline-dados/airflow-alura/venv/lib/python3.9/site-packages/airflow/example_dags/example_short_circuit_operator.py took 0.113 seconds
[2023-03-06 23:52:12,055] {processor.py:153} INFO - Started process (PID=22057) to work on /home/gabriel/Documents/projetos/apache-airflow/alura-apache-airflow-orquestrando-primeiro-pipeline-dados/airflow-alura/venv/lib/python3.9/site-packages/airflow/example_dags/example_short_circuit_operator.py
[2023-03-06 23:52:12,058] {processor.py:641} INFO - Processing file /home/gabriel/Documents/projetos/apache-airflow/alura-apache-airflow-orquestrando-primeiro-pipeline-dados/airflow-alura/venv/lib/python3.9/site-packages/airflow/example_dags/example_short_circuit_operator.py for tasks to queue
[2023-03-06 23:52:12,061] {logging_mixin.py:115} INFO - [2023-03-06 23:52:12,060] {dagbag.py:507} INFO - Filling up the DagBag from /home/gabriel/Documents/projetos/apache-airflow/alura-apache-airflow-orquestrando-primeiro-pipeline-dados/airflow-alura/venv/lib/python3.9/site-packages/airflow/example_dags/example_short_circuit_operator.py
[2023-03-06 23:52:12,077] {processor.py:651} INFO - DAG(s) dict_keys(['example_short_circuit_operator']) retrieved from /home/gabriel/Documents/projetos/apache-airflow/alura-apache-airflow-orquestrando-primeiro-pipeline-dados/airflow-alura/venv/lib/python3.9/site-packages/airflow/example_dags/example_short_circuit_operator.py
[2023-03-06 23:52:12,096] {logging_mixin.py:115} INFO - [2023-03-06 23:52:12,096] {dag.py:2379} INFO - Sync 1 DAGs
[2023-03-06 23:52:12,111] {logging_mixin.py:115} INFO - [2023-03-06 23:52:12,111] {dag.py:2927} INFO - Setting next_dagrun for example_short_circuit_operator to 2023-03-06T02:52:12.111711+00:00, run_after=2023-03-07T02:52:12.111711+00:00
[2023-03-06 23:52:12,123] {processor.py:161} INFO - Processing /home/gabriel/Documents/projetos/apache-airflow/alura-apache-airflow-orquestrando-primeiro-pipeline-dados/airflow-alura/venv/lib/python3.9/site-packages/airflow/example_dags/example_short_circuit_operator.py took 0.078 seconds
[2023-03-06 23:52:49,054] {processor.py:153} INFO - Started process (PID=22214) to work on /home/gabriel/Documents/projetos/apache-airflow/alura-apache-airflow-orquestrando-primeiro-pipeline-dados/airflow-alura/venv/lib/python3.9/site-packages/airflow/example_dags/example_short_circuit_operator.py
[2023-03-06 23:52:49,059] {processor.py:641} INFO - Processing file /home/gabriel/Documents/projetos/apache-airflow/alura-apache-airflow-orquestrando-primeiro-pipeline-dados/airflow-alura/venv/lib/python3.9/site-packages/airflow/example_dags/example_short_circuit_operator.py for tasks to queue
[2023-03-06 23:52:49,061] {logging_mixin.py:115} INFO - [2023-03-06 23:52:49,060] {dagbag.py:507} INFO - Filling up the DagBag from /home/gabriel/Documents/projetos/apache-airflow/alura-apache-airflow-orquestrando-primeiro-pipeline-dados/airflow-alura/venv/lib/python3.9/site-packages/airflow/example_dags/example_short_circuit_operator.py
[2023-03-06 23:52:49,093] {processor.py:651} INFO - DAG(s) dict_keys(['example_short_circuit_operator']) retrieved from /home/gabriel/Documents/projetos/apache-airflow/alura-apache-airflow-orquestrando-primeiro-pipeline-dados/airflow-alura/venv/lib/python3.9/site-packages/airflow/example_dags/example_short_circuit_operator.py
[2023-03-06 23:52:49,152] {logging_mixin.py:115} INFO - [2023-03-06 23:52:49,151] {dag.py:2379} INFO - Sync 1 DAGs
[2023-03-06 23:52:49,176] {logging_mixin.py:115} INFO - [2023-03-06 23:52:49,175] {dag.py:2927} INFO - Setting next_dagrun for example_short_circuit_operator to 2023-03-06T02:52:49.175600+00:00, run_after=2023-03-07T02:52:49.175600+00:00
[2023-03-06 23:52:49,198] {processor.py:161} INFO - Processing /home/gabriel/Documents/projetos/apache-airflow/alura-apache-airflow-orquestrando-primeiro-pipeline-dados/airflow-alura/venv/lib/python3.9/site-packages/airflow/example_dags/example_short_circuit_operator.py took 0.155 seconds
[2023-03-06 23:53:22,204] {processor.py:153} INFO - Started process (PID=22261) to work on /home/gabriel/Documents/projetos/apache-airflow/alura-apache-airflow-orquestrando-primeiro-pipeline-dados/airflow-alura/venv/lib/python3.9/site-packages/airflow/example_dags/example_short_circuit_operator.py
[2023-03-06 23:53:22,207] {processor.py:641} INFO - Processing file /home/gabriel/Documents/projetos/apache-airflow/alura-apache-airflow-orquestrando-primeiro-pipeline-dados/airflow-alura/venv/lib/python3.9/site-packages/airflow/example_dags/example_short_circuit_operator.py for tasks to queue
[2023-03-06 23:53:22,207] {logging_mixin.py:115} INFO - [2023-03-06 23:53:22,207] {dagbag.py:507} INFO - Filling up the DagBag from /home/gabriel/Documents/projetos/apache-airflow/alura-apache-airflow-orquestrando-primeiro-pipeline-dados/airflow-alura/venv/lib/python3.9/site-packages/airflow/example_dags/example_short_circuit_operator.py
[2023-03-06 23:53:22,220] {processor.py:651} INFO - DAG(s) dict_keys(['example_short_circuit_operator']) retrieved from /home/gabriel/Documents/projetos/apache-airflow/alura-apache-airflow-orquestrando-primeiro-pipeline-dados/airflow-alura/venv/lib/python3.9/site-packages/airflow/example_dags/example_short_circuit_operator.py
[2023-03-06 23:53:22,232] {logging_mixin.py:115} INFO - [2023-03-06 23:53:22,232] {dag.py:2379} INFO - Sync 1 DAGs
[2023-03-06 23:53:22,244] {logging_mixin.py:115} INFO - [2023-03-06 23:53:22,244] {dag.py:2927} INFO - Setting next_dagrun for example_short_circuit_operator to 2023-03-06T02:53:22.244464+00:00, run_after=2023-03-07T02:53:22.244464+00:00
[2023-03-06 23:53:22,256] {processor.py:161} INFO - Processing /home/gabriel/Documents/projetos/apache-airflow/alura-apache-airflow-orquestrando-primeiro-pipeline-dados/airflow-alura/venv/lib/python3.9/site-packages/airflow/example_dags/example_short_circuit_operator.py took 0.057 seconds
