[2023-03-06 23:50:43,988] {processor.py:153} INFO - Started process (PID=21684) to work on /home/gabriel/Documents/projetos/apache-airflow/alura-apache-airflow-orquestrando-primeiro-pipeline-dados/airflow-alura/venv/lib/python3.9/site-packages/airflow/example_dags/example_trigger_target_dag.py
[2023-03-06 23:50:43,989] {processor.py:641} INFO - Processing file /home/gabriel/Documents/projetos/apache-airflow/alura-apache-airflow-orquestrando-primeiro-pipeline-dados/airflow-alura/venv/lib/python3.9/site-packages/airflow/example_dags/example_trigger_target_dag.py for tasks to queue
[2023-03-06 23:50:43,999] {logging_mixin.py:115} INFO - [2023-03-06 23:50:43,999] {dagbag.py:507} INFO - Filling up the DagBag from /home/gabriel/Documents/projetos/apache-airflow/alura-apache-airflow-orquestrando-primeiro-pipeline-dados/airflow-alura/venv/lib/python3.9/site-packages/airflow/example_dags/example_trigger_target_dag.py
[2023-03-06 23:50:44,034] {processor.py:651} INFO - DAG(s) dict_keys(['example_trigger_target_dag']) retrieved from /home/gabriel/Documents/projetos/apache-airflow/alura-apache-airflow-orquestrando-primeiro-pipeline-dados/airflow-alura/venv/lib/python3.9/site-packages/airflow/example_dags/example_trigger_target_dag.py
[2023-03-06 23:50:44,148] {logging_mixin.py:115} INFO - [2023-03-06 23:50:44,148] {manager.py:508} INFO - Created Permission View: can read on DAG:example_trigger_target_dag
[2023-03-06 23:50:44,159] {logging_mixin.py:115} INFO - [2023-03-06 23:50:44,159] {manager.py:508} INFO - Created Permission View: can edit on DAG:example_trigger_target_dag
[2023-03-06 23:50:44,168] {logging_mixin.py:115} INFO - [2023-03-06 23:50:44,168] {manager.py:508} INFO - Created Permission View: can delete on DAG:example_trigger_target_dag
[2023-03-06 23:50:44,168] {logging_mixin.py:115} INFO - [2023-03-06 23:50:44,168] {dag.py:2379} INFO - Sync 1 DAGs
[2023-03-06 23:50:44,178] {logging_mixin.py:115} INFO - [2023-03-06 23:50:44,178] {dag.py:2398} INFO - Creating ORM DAG for example_trigger_target_dag
[2023-03-06 23:50:44,185] {logging_mixin.py:115} INFO - [2023-03-06 23:50:44,185] {dag.py:2927} INFO - Setting next_dagrun for example_trigger_target_dag to None, run_after=None
[2023-03-06 23:50:44,203] {processor.py:161} INFO - Processing /home/gabriel/Documents/projetos/apache-airflow/alura-apache-airflow-orquestrando-primeiro-pipeline-dados/airflow-alura/venv/lib/python3.9/site-packages/airflow/example_dags/example_trigger_target_dag.py took 0.217 seconds
[2023-03-06 23:51:21,995] {processor.py:153} INFO - Started process (PID=21830) to work on /home/gabriel/Documents/projetos/apache-airflow/alura-apache-airflow-orquestrando-primeiro-pipeline-dados/airflow-alura/venv/lib/python3.9/site-packages/airflow/example_dags/example_trigger_target_dag.py
[2023-03-06 23:51:21,997] {processor.py:641} INFO - Processing file /home/gabriel/Documents/projetos/apache-airflow/alura-apache-airflow-orquestrando-primeiro-pipeline-dados/airflow-alura/venv/lib/python3.9/site-packages/airflow/example_dags/example_trigger_target_dag.py for tasks to queue
[2023-03-06 23:51:21,999] {logging_mixin.py:115} INFO - [2023-03-06 23:51:21,999] {dagbag.py:507} INFO - Filling up the DagBag from /home/gabriel/Documents/projetos/apache-airflow/alura-apache-airflow-orquestrando-primeiro-pipeline-dados/airflow-alura/venv/lib/python3.9/site-packages/airflow/example_dags/example_trigger_target_dag.py
[2023-03-06 23:51:22,034] {processor.py:651} INFO - DAG(s) dict_keys(['example_trigger_target_dag']) retrieved from /home/gabriel/Documents/projetos/apache-airflow/alura-apache-airflow-orquestrando-primeiro-pipeline-dados/airflow-alura/venv/lib/python3.9/site-packages/airflow/example_dags/example_trigger_target_dag.py
[2023-03-06 23:51:22,049] {logging_mixin.py:115} INFO - [2023-03-06 23:51:22,048] {dag.py:2379} INFO - Sync 1 DAGs
[2023-03-06 23:51:22,061] {logging_mixin.py:115} INFO - [2023-03-06 23:51:22,061] {dag.py:2927} INFO - Setting next_dagrun for example_trigger_target_dag to None, run_after=None
[2023-03-06 23:51:22,072] {processor.py:161} INFO - Processing /home/gabriel/Documents/projetos/apache-airflow/alura-apache-airflow-orquestrando-primeiro-pipeline-dados/airflow-alura/venv/lib/python3.9/site-packages/airflow/example_dags/example_trigger_target_dag.py took 0.086 seconds
[2023-03-06 23:51:56,966] {processor.py:153} INFO - Started process (PID=22040) to work on /home/gabriel/Documents/projetos/apache-airflow/alura-apache-airflow-orquestrando-primeiro-pipeline-dados/airflow-alura/venv/lib/python3.9/site-packages/airflow/example_dags/example_trigger_target_dag.py
[2023-03-06 23:51:56,971] {processor.py:641} INFO - Processing file /home/gabriel/Documents/projetos/apache-airflow/alura-apache-airflow-orquestrando-primeiro-pipeline-dados/airflow-alura/venv/lib/python3.9/site-packages/airflow/example_dags/example_trigger_target_dag.py for tasks to queue
[2023-03-06 23:51:56,972] {logging_mixin.py:115} INFO - [2023-03-06 23:51:56,972] {dagbag.py:507} INFO - Filling up the DagBag from /home/gabriel/Documents/projetos/apache-airflow/alura-apache-airflow-orquestrando-primeiro-pipeline-dados/airflow-alura/venv/lib/python3.9/site-packages/airflow/example_dags/example_trigger_target_dag.py
[2023-03-06 23:51:56,998] {processor.py:651} INFO - DAG(s) dict_keys(['example_trigger_target_dag']) retrieved from /home/gabriel/Documents/projetos/apache-airflow/alura-apache-airflow-orquestrando-primeiro-pipeline-dados/airflow-alura/venv/lib/python3.9/site-packages/airflow/example_dags/example_trigger_target_dag.py
[2023-03-06 23:51:57,010] {logging_mixin.py:115} INFO - [2023-03-06 23:51:57,010] {dag.py:2379} INFO - Sync 1 DAGs
[2023-03-06 23:51:57,022] {logging_mixin.py:115} INFO - [2023-03-06 23:51:57,022] {dag.py:2927} INFO - Setting next_dagrun for example_trigger_target_dag to None, run_after=None
[2023-03-06 23:51:57,034] {processor.py:161} INFO - Processing /home/gabriel/Documents/projetos/apache-airflow/alura-apache-airflow-orquestrando-primeiro-pipeline-dados/airflow-alura/venv/lib/python3.9/site-packages/airflow/example_dags/example_trigger_target_dag.py took 0.079 seconds
[2023-03-06 23:52:31,046] {processor.py:153} INFO - Started process (PID=22187) to work on /home/gabriel/Documents/projetos/apache-airflow/alura-apache-airflow-orquestrando-primeiro-pipeline-dados/airflow-alura/venv/lib/python3.9/site-packages/airflow/example_dags/example_trigger_target_dag.py
[2023-03-06 23:52:31,048] {processor.py:641} INFO - Processing file /home/gabriel/Documents/projetos/apache-airflow/alura-apache-airflow-orquestrando-primeiro-pipeline-dados/airflow-alura/venv/lib/python3.9/site-packages/airflow/example_dags/example_trigger_target_dag.py for tasks to queue
[2023-03-06 23:52:31,051] {logging_mixin.py:115} INFO - [2023-03-06 23:52:31,050] {dagbag.py:507} INFO - Filling up the DagBag from /home/gabriel/Documents/projetos/apache-airflow/alura-apache-airflow-orquestrando-primeiro-pipeline-dados/airflow-alura/venv/lib/python3.9/site-packages/airflow/example_dags/example_trigger_target_dag.py
[2023-03-06 23:52:31,098] {processor.py:651} INFO - DAG(s) dict_keys(['example_trigger_target_dag']) retrieved from /home/gabriel/Documents/projetos/apache-airflow/alura-apache-airflow-orquestrando-primeiro-pipeline-dados/airflow-alura/venv/lib/python3.9/site-packages/airflow/example_dags/example_trigger_target_dag.py
[2023-03-06 23:52:31,117] {logging_mixin.py:115} INFO - [2023-03-06 23:52:31,117] {dag.py:2379} INFO - Sync 1 DAGs
[2023-03-06 23:52:31,134] {logging_mixin.py:115} INFO - [2023-03-06 23:52:31,134] {dag.py:2927} INFO - Setting next_dagrun for example_trigger_target_dag to None, run_after=None
[2023-03-06 23:52:31,147] {processor.py:161} INFO - Processing /home/gabriel/Documents/projetos/apache-airflow/alura-apache-airflow-orquestrando-primeiro-pipeline-dados/airflow-alura/venv/lib/python3.9/site-packages/airflow/example_dags/example_trigger_target_dag.py took 0.112 seconds
[2023-03-06 23:53:04,292] {processor.py:153} INFO - Started process (PID=22240) to work on /home/gabriel/Documents/projetos/apache-airflow/alura-apache-airflow-orquestrando-primeiro-pipeline-dados/airflow-alura/venv/lib/python3.9/site-packages/airflow/example_dags/example_trigger_target_dag.py
[2023-03-06 23:53:04,295] {processor.py:641} INFO - Processing file /home/gabriel/Documents/projetos/apache-airflow/alura-apache-airflow-orquestrando-primeiro-pipeline-dados/airflow-alura/venv/lib/python3.9/site-packages/airflow/example_dags/example_trigger_target_dag.py for tasks to queue
[2023-03-06 23:53:04,296] {logging_mixin.py:115} INFO - [2023-03-06 23:53:04,295] {dagbag.py:507} INFO - Filling up the DagBag from /home/gabriel/Documents/projetos/apache-airflow/alura-apache-airflow-orquestrando-primeiro-pipeline-dados/airflow-alura/venv/lib/python3.9/site-packages/airflow/example_dags/example_trigger_target_dag.py
[2023-03-06 23:53:04,314] {processor.py:651} INFO - DAG(s) dict_keys(['example_trigger_target_dag']) retrieved from /home/gabriel/Documents/projetos/apache-airflow/alura-apache-airflow-orquestrando-primeiro-pipeline-dados/airflow-alura/venv/lib/python3.9/site-packages/airflow/example_dags/example_trigger_target_dag.py
[2023-03-06 23:53:04,326] {logging_mixin.py:115} INFO - [2023-03-06 23:53:04,326] {dag.py:2379} INFO - Sync 1 DAGs
[2023-03-06 23:53:04,340] {logging_mixin.py:115} INFO - [2023-03-06 23:53:04,340] {dag.py:2927} INFO - Setting next_dagrun for example_trigger_target_dag to None, run_after=None
[2023-03-06 23:53:04,350] {processor.py:161} INFO - Processing /home/gabriel/Documents/projetos/apache-airflow/alura-apache-airflow-orquestrando-primeiro-pipeline-dados/airflow-alura/venv/lib/python3.9/site-packages/airflow/example_dags/example_trigger_target_dag.py took 0.065 seconds
[2023-03-06 23:53:38,571] {processor.py:153} INFO - Started process (PID=22284) to work on /home/gabriel/Documents/projetos/apache-airflow/alura-apache-airflow-orquestrando-primeiro-pipeline-dados/airflow-alura/venv/lib/python3.9/site-packages/airflow/example_dags/example_trigger_target_dag.py
[2023-03-06 23:53:38,576] {processor.py:641} INFO - Processing file /home/gabriel/Documents/projetos/apache-airflow/alura-apache-airflow-orquestrando-primeiro-pipeline-dados/airflow-alura/venv/lib/python3.9/site-packages/airflow/example_dags/example_trigger_target_dag.py for tasks to queue
[2023-03-06 23:53:38,577] {logging_mixin.py:115} INFO - [2023-03-06 23:53:38,577] {dagbag.py:507} INFO - Filling up the DagBag from /home/gabriel/Documents/projetos/apache-airflow/alura-apache-airflow-orquestrando-primeiro-pipeline-dados/airflow-alura/venv/lib/python3.9/site-packages/airflow/example_dags/example_trigger_target_dag.py
[2023-03-06 23:53:38,605] {processor.py:651} INFO - DAG(s) dict_keys(['example_trigger_target_dag']) retrieved from /home/gabriel/Documents/projetos/apache-airflow/alura-apache-airflow-orquestrando-primeiro-pipeline-dados/airflow-alura/venv/lib/python3.9/site-packages/airflow/example_dags/example_trigger_target_dag.py
[2023-03-06 23:53:38,617] {logging_mixin.py:115} INFO - [2023-03-06 23:53:38,617] {dag.py:2379} INFO - Sync 1 DAGs
[2023-03-06 23:53:38,629] {logging_mixin.py:115} INFO - [2023-03-06 23:53:38,629] {dag.py:2927} INFO - Setting next_dagrun for example_trigger_target_dag to None, run_after=None
[2023-03-06 23:53:38,640] {processor.py:161} INFO - Processing /home/gabriel/Documents/projetos/apache-airflow/alura-apache-airflow-orquestrando-primeiro-pipeline-dados/airflow-alura/venv/lib/python3.9/site-packages/airflow/example_dags/example_trigger_target_dag.py took 0.078 seconds
