[2023-03-06 23:51:16,746] {processor.py:153} INFO - Started process (PID=21824) to work on /home/gabriel/Documents/projetos/apache-airflow/alura-apache-airflow-orquestrando-primeiro-pipeline-dados/airflow-alura/venv/lib/python3.9/site-packages/airflow/example_dags/example_latest_only_with_trigger.py
[2023-03-06 23:51:16,748] {processor.py:641} INFO - Processing file /home/gabriel/Documents/projetos/apache-airflow/alura-apache-airflow-orquestrando-primeiro-pipeline-dados/airflow-alura/venv/lib/python3.9/site-packages/airflow/example_dags/example_latest_only_with_trigger.py for tasks to queue
[2023-03-06 23:51:16,750] {logging_mixin.py:115} INFO - [2023-03-06 23:51:16,749] {dagbag.py:507} INFO - Filling up the DagBag from /home/gabriel/Documents/projetos/apache-airflow/alura-apache-airflow-orquestrando-primeiro-pipeline-dados/airflow-alura/venv/lib/python3.9/site-packages/airflow/example_dags/example_latest_only_with_trigger.py
[2023-03-06 23:51:16,778] {processor.py:651} INFO - DAG(s) dict_keys(['latest_only_with_trigger']) retrieved from /home/gabriel/Documents/projetos/apache-airflow/alura-apache-airflow-orquestrando-primeiro-pipeline-dados/airflow-alura/venv/lib/python3.9/site-packages/airflow/example_dags/example_latest_only_with_trigger.py
[2023-03-06 23:51:16,863] {logging_mixin.py:115} INFO - [2023-03-06 23:51:16,863] {manager.py:508} INFO - Created Permission View: can read on DAG:latest_only_with_trigger
[2023-03-06 23:51:16,874] {logging_mixin.py:115} INFO - [2023-03-06 23:51:16,873] {manager.py:508} INFO - Created Permission View: can edit on DAG:latest_only_with_trigger
[2023-03-06 23:51:16,882] {logging_mixin.py:115} INFO - [2023-03-06 23:51:16,882] {manager.py:508} INFO - Created Permission View: can delete on DAG:latest_only_with_trigger
[2023-03-06 23:51:16,882] {logging_mixin.py:115} INFO - [2023-03-06 23:51:16,882] {dag.py:2379} INFO - Sync 1 DAGs
[2023-03-06 23:51:16,888] {logging_mixin.py:115} INFO - [2023-03-06 23:51:16,888] {dag.py:2398} INFO - Creating ORM DAG for latest_only_with_trigger
[2023-03-06 23:51:16,894] {logging_mixin.py:115} INFO - [2023-03-06 23:51:16,894] {dag.py:2927} INFO - Setting next_dagrun for latest_only_with_trigger to 2023-03-06T22:51:16.894569+00:00, run_after=2023-03-07T02:51:16.894569+00:00
[2023-03-06 23:51:16,911] {processor.py:161} INFO - Processing /home/gabriel/Documents/projetos/apache-airflow/alura-apache-airflow-orquestrando-primeiro-pipeline-dados/airflow-alura/venv/lib/python3.9/site-packages/airflow/example_dags/example_latest_only_with_trigger.py took 0.178 seconds
[2023-03-06 23:51:53,419] {processor.py:153} INFO - Started process (PID=21983) to work on /home/gabriel/Documents/projetos/apache-airflow/alura-apache-airflow-orquestrando-primeiro-pipeline-dados/airflow-alura/venv/lib/python3.9/site-packages/airflow/example_dags/example_latest_only_with_trigger.py
[2023-03-06 23:51:53,422] {processor.py:641} INFO - Processing file /home/gabriel/Documents/projetos/apache-airflow/alura-apache-airflow-orquestrando-primeiro-pipeline-dados/airflow-alura/venv/lib/python3.9/site-packages/airflow/example_dags/example_latest_only_with_trigger.py for tasks to queue
[2023-03-06 23:51:53,423] {logging_mixin.py:115} INFO - [2023-03-06 23:51:53,423] {dagbag.py:507} INFO - Filling up the DagBag from /home/gabriel/Documents/projetos/apache-airflow/alura-apache-airflow-orquestrando-primeiro-pipeline-dados/airflow-alura/venv/lib/python3.9/site-packages/airflow/example_dags/example_latest_only_with_trigger.py
[2023-03-06 23:51:53,447] {processor.py:651} INFO - DAG(s) dict_keys(['latest_only_with_trigger']) retrieved from /home/gabriel/Documents/projetos/apache-airflow/alura-apache-airflow-orquestrando-primeiro-pipeline-dados/airflow-alura/venv/lib/python3.9/site-packages/airflow/example_dags/example_latest_only_with_trigger.py
[2023-03-06 23:51:53,479] {logging_mixin.py:115} INFO - [2023-03-06 23:51:53,479] {dag.py:2379} INFO - Sync 1 DAGs
[2023-03-06 23:51:53,497] {logging_mixin.py:115} INFO - [2023-03-06 23:51:53,497] {dag.py:2927} INFO - Setting next_dagrun for latest_only_with_trigger to 2023-03-06T22:51:53.497448+00:00, run_after=2023-03-07T02:51:53.497448+00:00
[2023-03-06 23:51:53,512] {processor.py:161} INFO - Processing /home/gabriel/Documents/projetos/apache-airflow/alura-apache-airflow-orquestrando-primeiro-pipeline-dados/airflow-alura/venv/lib/python3.9/site-packages/airflow/example_dags/example_latest_only_with_trigger.py took 0.105 seconds
[2023-03-06 23:52:33,606] {processor.py:153} INFO - Started process (PID=22192) to work on /home/gabriel/Documents/projetos/apache-airflow/alura-apache-airflow-orquestrando-primeiro-pipeline-dados/airflow-alura/venv/lib/python3.9/site-packages/airflow/example_dags/example_latest_only_with_trigger.py
[2023-03-06 23:52:33,608] {processor.py:641} INFO - Processing file /home/gabriel/Documents/projetos/apache-airflow/alura-apache-airflow-orquestrando-primeiro-pipeline-dados/airflow-alura/venv/lib/python3.9/site-packages/airflow/example_dags/example_latest_only_with_trigger.py for tasks to queue
[2023-03-06 23:52:33,610] {logging_mixin.py:115} INFO - [2023-03-06 23:52:33,610] {dagbag.py:507} INFO - Filling up the DagBag from /home/gabriel/Documents/projetos/apache-airflow/alura-apache-airflow-orquestrando-primeiro-pipeline-dados/airflow-alura/venv/lib/python3.9/site-packages/airflow/example_dags/example_latest_only_with_trigger.py
[2023-03-06 23:52:33,627] {processor.py:651} INFO - DAG(s) dict_keys(['latest_only_with_trigger']) retrieved from /home/gabriel/Documents/projetos/apache-airflow/alura-apache-airflow-orquestrando-primeiro-pipeline-dados/airflow-alura/venv/lib/python3.9/site-packages/airflow/example_dags/example_latest_only_with_trigger.py
[2023-03-06 23:52:33,672] {logging_mixin.py:115} INFO - [2023-03-06 23:52:33,671] {dag.py:2379} INFO - Sync 1 DAGs
[2023-03-06 23:52:33,709] {logging_mixin.py:115} INFO - [2023-03-06 23:52:33,709] {dag.py:2927} INFO - Setting next_dagrun for latest_only_with_trigger to 2023-03-06T22:52:33.709003+00:00, run_after=2023-03-07T02:52:33.709003+00:00
[2023-03-06 23:52:33,736] {processor.py:161} INFO - Processing /home/gabriel/Documents/projetos/apache-airflow/alura-apache-airflow-orquestrando-primeiro-pipeline-dados/airflow-alura/venv/lib/python3.9/site-packages/airflow/example_dags/example_latest_only_with_trigger.py took 0.136 seconds
[2023-03-06 23:53:11,566] {processor.py:153} INFO - Started process (PID=22247) to work on /home/gabriel/Documents/projetos/apache-airflow/alura-apache-airflow-orquestrando-primeiro-pipeline-dados/airflow-alura/venv/lib/python3.9/site-packages/airflow/example_dags/example_latest_only_with_trigger.py
[2023-03-06 23:53:11,568] {processor.py:641} INFO - Processing file /home/gabriel/Documents/projetos/apache-airflow/alura-apache-airflow-orquestrando-primeiro-pipeline-dados/airflow-alura/venv/lib/python3.9/site-packages/airflow/example_dags/example_latest_only_with_trigger.py for tasks to queue
[2023-03-06 23:53:11,569] {logging_mixin.py:115} INFO - [2023-03-06 23:53:11,568] {dagbag.py:507} INFO - Filling up the DagBag from /home/gabriel/Documents/projetos/apache-airflow/alura-apache-airflow-orquestrando-primeiro-pipeline-dados/airflow-alura/venv/lib/python3.9/site-packages/airflow/example_dags/example_latest_only_with_trigger.py
[2023-03-06 23:53:11,574] {processor.py:651} INFO - DAG(s) dict_keys(['latest_only_with_trigger']) retrieved from /home/gabriel/Documents/projetos/apache-airflow/alura-apache-airflow-orquestrando-primeiro-pipeline-dados/airflow-alura/venv/lib/python3.9/site-packages/airflow/example_dags/example_latest_only_with_trigger.py
[2023-03-06 23:53:11,586] {logging_mixin.py:115} INFO - [2023-03-06 23:53:11,586] {dag.py:2379} INFO - Sync 1 DAGs
[2023-03-06 23:53:11,599] {logging_mixin.py:115} INFO - [2023-03-06 23:53:11,599] {dag.py:2927} INFO - Setting next_dagrun for latest_only_with_trigger to 2023-03-06T22:53:11.599635+00:00, run_after=2023-03-07T02:53:11.599635+00:00
[2023-03-06 23:53:11,620] {processor.py:161} INFO - Processing /home/gabriel/Documents/projetos/apache-airflow/alura-apache-airflow-orquestrando-primeiro-pipeline-dados/airflow-alura/venv/lib/python3.9/site-packages/airflow/example_dags/example_latest_only_with_trigger.py took 0.057 seconds
[2023-03-06 23:53:50,149] {processor.py:153} INFO - Started process (PID=22312) to work on /home/gabriel/Documents/projetos/apache-airflow/alura-apache-airflow-orquestrando-primeiro-pipeline-dados/airflow-alura/venv/lib/python3.9/site-packages/airflow/example_dags/example_latest_only_with_trigger.py
[2023-03-06 23:53:50,151] {processor.py:641} INFO - Processing file /home/gabriel/Documents/projetos/apache-airflow/alura-apache-airflow-orquestrando-primeiro-pipeline-dados/airflow-alura/venv/lib/python3.9/site-packages/airflow/example_dags/example_latest_only_with_trigger.py for tasks to queue
[2023-03-06 23:53:50,151] {logging_mixin.py:115} INFO - [2023-03-06 23:53:50,151] {dagbag.py:507} INFO - Filling up the DagBag from /home/gabriel/Documents/projetos/apache-airflow/alura-apache-airflow-orquestrando-primeiro-pipeline-dados/airflow-alura/venv/lib/python3.9/site-packages/airflow/example_dags/example_latest_only_with_trigger.py
[2023-03-06 23:53:50,159] {processor.py:651} INFO - DAG(s) dict_keys(['latest_only_with_trigger']) retrieved from /home/gabriel/Documents/projetos/apache-airflow/alura-apache-airflow-orquestrando-primeiro-pipeline-dados/airflow-alura/venv/lib/python3.9/site-packages/airflow/example_dags/example_latest_only_with_trigger.py
[2023-03-06 23:53:50,171] {logging_mixin.py:115} INFO - [2023-03-06 23:53:50,171] {dag.py:2379} INFO - Sync 1 DAGs
[2023-03-06 23:53:50,183] {logging_mixin.py:115} INFO - [2023-03-06 23:53:50,183] {dag.py:2927} INFO - Setting next_dagrun for latest_only_with_trigger to 2023-03-06T22:53:50.183443+00:00, run_after=2023-03-07T02:53:50.183443+00:00
[2023-03-06 23:53:50,195] {processor.py:161} INFO - Processing /home/gabriel/Documents/projetos/apache-airflow/alura-apache-airflow-orquestrando-primeiro-pipeline-dados/airflow-alura/venv/lib/python3.9/site-packages/airflow/example_dags/example_latest_only_with_trigger.py took 0.052 seconds
