[2023-03-06 23:50:40,313] {processor.py:153} INFO - Started process (PID=21630) to work on /home/gabriel/Documents/projetos/apache-airflow/alura-apache-airflow-orquestrando-primeiro-pipeline-dados/airflow-alura/venv/lib/python3.9/site-packages/airflow/example_dags/tutorial_etl_dag.py
[2023-03-06 23:50:40,313] {processor.py:641} INFO - Processing file /home/gabriel/Documents/projetos/apache-airflow/alura-apache-airflow-orquestrando-primeiro-pipeline-dados/airflow-alura/venv/lib/python3.9/site-packages/airflow/example_dags/tutorial_etl_dag.py for tasks to queue
[2023-03-06 23:50:40,313] {logging_mixin.py:115} INFO - [2023-03-06 23:50:40,313] {dagbag.py:507} INFO - Filling up the DagBag from /home/gabriel/Documents/projetos/apache-airflow/alura-apache-airflow-orquestrando-primeiro-pipeline-dados/airflow-alura/venv/lib/python3.9/site-packages/airflow/example_dags/tutorial_etl_dag.py
[2023-03-06 23:50:40,333] {processor.py:651} INFO - DAG(s) dict_keys(['tutorial_etl_dag']) retrieved from /home/gabriel/Documents/projetos/apache-airflow/alura-apache-airflow-orquestrando-primeiro-pipeline-dados/airflow-alura/venv/lib/python3.9/site-packages/airflow/example_dags/tutorial_etl_dag.py
[2023-03-06 23:50:40,485] {logging_mixin.py:115} INFO - [2023-03-06 23:50:40,485] {manager.py:508} INFO - Created Permission View: can read on DAG:tutorial_etl_dag
[2023-03-06 23:50:40,509] {logging_mixin.py:115} INFO - [2023-03-06 23:50:40,509] {manager.py:508} INFO - Created Permission View: can edit on DAG:tutorial_etl_dag
[2023-03-06 23:50:40,520] {logging_mixin.py:115} INFO - [2023-03-06 23:50:40,520] {manager.py:508} INFO - Created Permission View: can delete on DAG:tutorial_etl_dag
[2023-03-06 23:50:40,520] {logging_mixin.py:115} INFO - [2023-03-06 23:50:40,520] {dag.py:2379} INFO - Sync 1 DAGs
[2023-03-06 23:50:40,532] {logging_mixin.py:115} INFO - [2023-03-06 23:50:40,532] {dag.py:2398} INFO - Creating ORM DAG for tutorial_etl_dag
[2023-03-06 23:50:40,559] {logging_mixin.py:115} INFO - [2023-03-06 23:50:40,559] {dag.py:2927} INFO - Setting next_dagrun for tutorial_etl_dag to None, run_after=None
[2023-03-06 23:50:40,594] {processor.py:161} INFO - Processing /home/gabriel/Documents/projetos/apache-airflow/alura-apache-airflow-orquestrando-primeiro-pipeline-dados/airflow-alura/venv/lib/python3.9/site-packages/airflow/example_dags/tutorial_etl_dag.py took 0.284 seconds
[2023-03-06 23:51:19,134] {processor.py:153} INFO - Started process (PID=21827) to work on /home/gabriel/Documents/projetos/apache-airflow/alura-apache-airflow-orquestrando-primeiro-pipeline-dados/airflow-alura/venv/lib/python3.9/site-packages/airflow/example_dags/tutorial_etl_dag.py
[2023-03-06 23:51:19,135] {processor.py:641} INFO - Processing file /home/gabriel/Documents/projetos/apache-airflow/alura-apache-airflow-orquestrando-primeiro-pipeline-dados/airflow-alura/venv/lib/python3.9/site-packages/airflow/example_dags/tutorial_etl_dag.py for tasks to queue
[2023-03-06 23:51:19,135] {logging_mixin.py:115} INFO - [2023-03-06 23:51:19,135] {dagbag.py:507} INFO - Filling up the DagBag from /home/gabriel/Documents/projetos/apache-airflow/alura-apache-airflow-orquestrando-primeiro-pipeline-dados/airflow-alura/venv/lib/python3.9/site-packages/airflow/example_dags/tutorial_etl_dag.py
[2023-03-06 23:51:19,140] {processor.py:651} INFO - DAG(s) dict_keys(['tutorial_etl_dag']) retrieved from /home/gabriel/Documents/projetos/apache-airflow/alura-apache-airflow-orquestrando-primeiro-pipeline-dados/airflow-alura/venv/lib/python3.9/site-packages/airflow/example_dags/tutorial_etl_dag.py
[2023-03-06 23:51:19,151] {logging_mixin.py:115} INFO - [2023-03-06 23:51:19,151] {dag.py:2379} INFO - Sync 1 DAGs
[2023-03-06 23:51:19,163] {logging_mixin.py:115} INFO - [2023-03-06 23:51:19,163] {dag.py:2927} INFO - Setting next_dagrun for tutorial_etl_dag to None, run_after=None
[2023-03-06 23:51:19,174] {processor.py:161} INFO - Processing /home/gabriel/Documents/projetos/apache-airflow/alura-apache-airflow-orquestrando-primeiro-pipeline-dados/airflow-alura/venv/lib/python3.9/site-packages/airflow/example_dags/tutorial_etl_dag.py took 0.042 seconds
[2023-03-06 23:51:50,569] {processor.py:153} INFO - Started process (PID=21977) to work on /home/gabriel/Documents/projetos/apache-airflow/alura-apache-airflow-orquestrando-primeiro-pipeline-dados/airflow-alura/venv/lib/python3.9/site-packages/airflow/example_dags/tutorial_etl_dag.py
[2023-03-06 23:51:50,572] {processor.py:641} INFO - Processing file /home/gabriel/Documents/projetos/apache-airflow/alura-apache-airflow-orquestrando-primeiro-pipeline-dados/airflow-alura/venv/lib/python3.9/site-packages/airflow/example_dags/tutorial_etl_dag.py for tasks to queue
[2023-03-06 23:51:50,573] {logging_mixin.py:115} INFO - [2023-03-06 23:51:50,573] {dagbag.py:507} INFO - Filling up the DagBag from /home/gabriel/Documents/projetos/apache-airflow/alura-apache-airflow-orquestrando-primeiro-pipeline-dados/airflow-alura/venv/lib/python3.9/site-packages/airflow/example_dags/tutorial_etl_dag.py
[2023-03-06 23:51:50,588] {processor.py:651} INFO - DAG(s) dict_keys(['tutorial_etl_dag']) retrieved from /home/gabriel/Documents/projetos/apache-airflow/alura-apache-airflow-orquestrando-primeiro-pipeline-dados/airflow-alura/venv/lib/python3.9/site-packages/airflow/example_dags/tutorial_etl_dag.py
[2023-03-06 23:51:50,608] {logging_mixin.py:115} INFO - [2023-03-06 23:51:50,608] {dag.py:2379} INFO - Sync 1 DAGs
[2023-03-06 23:51:50,624] {logging_mixin.py:115} INFO - [2023-03-06 23:51:50,624] {dag.py:2927} INFO - Setting next_dagrun for tutorial_etl_dag to None, run_after=None
[2023-03-06 23:51:50,636] {processor.py:161} INFO - Processing /home/gabriel/Documents/projetos/apache-airflow/alura-apache-airflow-orquestrando-primeiro-pipeline-dados/airflow-alura/venv/lib/python3.9/site-packages/airflow/example_dags/tutorial_etl_dag.py took 0.079 seconds
[2023-03-06 23:52:24,383] {processor.py:153} INFO - Started process (PID=22126) to work on /home/gabriel/Documents/projetos/apache-airflow/alura-apache-airflow-orquestrando-primeiro-pipeline-dados/airflow-alura/venv/lib/python3.9/site-packages/airflow/example_dags/tutorial_etl_dag.py
[2023-03-06 23:52:24,388] {processor.py:641} INFO - Processing file /home/gabriel/Documents/projetos/apache-airflow/alura-apache-airflow-orquestrando-primeiro-pipeline-dados/airflow-alura/venv/lib/python3.9/site-packages/airflow/example_dags/tutorial_etl_dag.py for tasks to queue
[2023-03-06 23:52:24,388] {logging_mixin.py:115} INFO - [2023-03-06 23:52:24,388] {dagbag.py:507} INFO - Filling up the DagBag from /home/gabriel/Documents/projetos/apache-airflow/alura-apache-airflow-orquestrando-primeiro-pipeline-dados/airflow-alura/venv/lib/python3.9/site-packages/airflow/example_dags/tutorial_etl_dag.py
[2023-03-06 23:52:24,396] {processor.py:651} INFO - DAG(s) dict_keys(['tutorial_etl_dag']) retrieved from /home/gabriel/Documents/projetos/apache-airflow/alura-apache-airflow-orquestrando-primeiro-pipeline-dados/airflow-alura/venv/lib/python3.9/site-packages/airflow/example_dags/tutorial_etl_dag.py
[2023-03-06 23:52:24,409] {logging_mixin.py:115} INFO - [2023-03-06 23:52:24,409] {dag.py:2379} INFO - Sync 1 DAGs
[2023-03-06 23:52:24,421] {logging_mixin.py:115} INFO - [2023-03-06 23:52:24,421] {dag.py:2927} INFO - Setting next_dagrun for tutorial_etl_dag to None, run_after=None
[2023-03-06 23:52:24,433] {processor.py:161} INFO - Processing /home/gabriel/Documents/projetos/apache-airflow/alura-apache-airflow-orquestrando-primeiro-pipeline-dados/airflow-alura/venv/lib/python3.9/site-packages/airflow/example_dags/tutorial_etl_dag.py took 0.054 seconds
[2023-03-06 23:52:56,440] {processor.py:153} INFO - Started process (PID=22232) to work on /home/gabriel/Documents/projetos/apache-airflow/alura-apache-airflow-orquestrando-primeiro-pipeline-dados/airflow-alura/venv/lib/python3.9/site-packages/airflow/example_dags/tutorial_etl_dag.py
[2023-03-06 23:52:56,441] {processor.py:641} INFO - Processing file /home/gabriel/Documents/projetos/apache-airflow/alura-apache-airflow-orquestrando-primeiro-pipeline-dados/airflow-alura/venv/lib/python3.9/site-packages/airflow/example_dags/tutorial_etl_dag.py for tasks to queue
[2023-03-06 23:52:56,442] {logging_mixin.py:115} INFO - [2023-03-06 23:52:56,442] {dagbag.py:507} INFO - Filling up the DagBag from /home/gabriel/Documents/projetos/apache-airflow/alura-apache-airflow-orquestrando-primeiro-pipeline-dados/airflow-alura/venv/lib/python3.9/site-packages/airflow/example_dags/tutorial_etl_dag.py
[2023-03-06 23:52:56,451] {processor.py:651} INFO - DAG(s) dict_keys(['tutorial_etl_dag']) retrieved from /home/gabriel/Documents/projetos/apache-airflow/alura-apache-airflow-orquestrando-primeiro-pipeline-dados/airflow-alura/venv/lib/python3.9/site-packages/airflow/example_dags/tutorial_etl_dag.py
[2023-03-06 23:52:56,466] {logging_mixin.py:115} INFO - [2023-03-06 23:52:56,466] {dag.py:2379} INFO - Sync 1 DAGs
[2023-03-06 23:52:56,478] {logging_mixin.py:115} INFO - [2023-03-06 23:52:56,478] {dag.py:2927} INFO - Setting next_dagrun for tutorial_etl_dag to None, run_after=None
[2023-03-06 23:52:56,491] {processor.py:161} INFO - Processing /home/gabriel/Documents/projetos/apache-airflow/alura-apache-airflow-orquestrando-primeiro-pipeline-dados/airflow-alura/venv/lib/python3.9/site-packages/airflow/example_dags/tutorial_etl_dag.py took 0.054 seconds
[2023-03-06 23:53:29,382] {processor.py:153} INFO - Started process (PID=22272) to work on /home/gabriel/Documents/projetos/apache-airflow/alura-apache-airflow-orquestrando-primeiro-pipeline-dados/airflow-alura/venv/lib/python3.9/site-packages/airflow/example_dags/tutorial_etl_dag.py
[2023-03-06 23:53:29,384] {processor.py:641} INFO - Processing file /home/gabriel/Documents/projetos/apache-airflow/alura-apache-airflow-orquestrando-primeiro-pipeline-dados/airflow-alura/venv/lib/python3.9/site-packages/airflow/example_dags/tutorial_etl_dag.py for tasks to queue
[2023-03-06 23:53:29,385] {logging_mixin.py:115} INFO - [2023-03-06 23:53:29,385] {dagbag.py:507} INFO - Filling up the DagBag from /home/gabriel/Documents/projetos/apache-airflow/alura-apache-airflow-orquestrando-primeiro-pipeline-dados/airflow-alura/venv/lib/python3.9/site-packages/airflow/example_dags/tutorial_etl_dag.py
[2023-03-06 23:53:29,395] {processor.py:651} INFO - DAG(s) dict_keys(['tutorial_etl_dag']) retrieved from /home/gabriel/Documents/projetos/apache-airflow/alura-apache-airflow-orquestrando-primeiro-pipeline-dados/airflow-alura/venv/lib/python3.9/site-packages/airflow/example_dags/tutorial_etl_dag.py
[2023-03-06 23:53:29,410] {logging_mixin.py:115} INFO - [2023-03-06 23:53:29,409] {dag.py:2379} INFO - Sync 1 DAGs
[2023-03-06 23:53:29,424] {logging_mixin.py:115} INFO - [2023-03-06 23:53:29,424] {dag.py:2927} INFO - Setting next_dagrun for tutorial_etl_dag to None, run_after=None
[2023-03-06 23:53:29,437] {processor.py:161} INFO - Processing /home/gabriel/Documents/projetos/apache-airflow/alura-apache-airflow-orquestrando-primeiro-pipeline-dados/airflow-alura/venv/lib/python3.9/site-packages/airflow/example_dags/tutorial_etl_dag.py took 0.060 seconds
