[2023-03-06 23:50:47,713] {processor.py:153} INFO - Started process (PID=21738) to work on /home/gabriel/Documents/projetos/apache-airflow/alura-apache-airflow-orquestrando-primeiro-pipeline-dados/airflow-alura/venv/lib/python3.9/site-packages/airflow/example_dags/tutorial.py
[2023-03-06 23:50:47,715] {processor.py:641} INFO - Processing file /home/gabriel/Documents/projetos/apache-airflow/alura-apache-airflow-orquestrando-primeiro-pipeline-dados/airflow-alura/venv/lib/python3.9/site-packages/airflow/example_dags/tutorial.py for tasks to queue
[2023-03-06 23:50:47,717] {logging_mixin.py:115} INFO - [2023-03-06 23:50:47,717] {dagbag.py:507} INFO - Filling up the DagBag from /home/gabriel/Documents/projetos/apache-airflow/alura-apache-airflow-orquestrando-primeiro-pipeline-dados/airflow-alura/venv/lib/python3.9/site-packages/airflow/example_dags/tutorial.py
[2023-03-06 23:50:47,732] {processor.py:651} INFO - DAG(s) dict_keys(['tutorial']) retrieved from /home/gabriel/Documents/projetos/apache-airflow/alura-apache-airflow-orquestrando-primeiro-pipeline-dados/airflow-alura/venv/lib/python3.9/site-packages/airflow/example_dags/tutorial.py
[2023-03-06 23:50:47,797] {logging_mixin.py:115} INFO - [2023-03-06 23:50:47,797] {manager.py:508} INFO - Created Permission View: can read on DAG:tutorial
[2023-03-06 23:50:47,807] {logging_mixin.py:115} INFO - [2023-03-06 23:50:47,807] {manager.py:508} INFO - Created Permission View: can edit on DAG:tutorial
[2023-03-06 23:50:47,817] {logging_mixin.py:115} INFO - [2023-03-06 23:50:47,816] {manager.py:508} INFO - Created Permission View: can delete on DAG:tutorial
[2023-03-06 23:50:47,817] {logging_mixin.py:115} INFO - [2023-03-06 23:50:47,817] {dag.py:2379} INFO - Sync 1 DAGs
[2023-03-06 23:50:47,823] {logging_mixin.py:115} INFO - [2023-03-06 23:50:47,823] {dag.py:2398} INFO - Creating ORM DAG for tutorial
[2023-03-06 23:50:47,831] {logging_mixin.py:115} INFO - [2023-03-06 23:50:47,831] {dag.py:2927} INFO - Setting next_dagrun for tutorial to 2023-03-06T02:50:47.831342+00:00, run_after=2023-03-07T02:50:47.831342+00:00
[2023-03-06 23:50:47,847] {processor.py:161} INFO - Processing /home/gabriel/Documents/projetos/apache-airflow/alura-apache-airflow-orquestrando-primeiro-pipeline-dados/airflow-alura/venv/lib/python3.9/site-packages/airflow/example_dags/tutorial.py took 0.144 seconds
[2023-03-06 23:51:24,456] {processor.py:153} INFO - Started process (PID=21833) to work on /home/gabriel/Documents/projetos/apache-airflow/alura-apache-airflow-orquestrando-primeiro-pipeline-dados/airflow-alura/venv/lib/python3.9/site-packages/airflow/example_dags/tutorial.py
[2023-03-06 23:51:24,458] {processor.py:641} INFO - Processing file /home/gabriel/Documents/projetos/apache-airflow/alura-apache-airflow-orquestrando-primeiro-pipeline-dados/airflow-alura/venv/lib/python3.9/site-packages/airflow/example_dags/tutorial.py for tasks to queue
[2023-03-06 23:51:24,460] {logging_mixin.py:115} INFO - [2023-03-06 23:51:24,460] {dagbag.py:507} INFO - Filling up the DagBag from /home/gabriel/Documents/projetos/apache-airflow/alura-apache-airflow-orquestrando-primeiro-pipeline-dados/airflow-alura/venv/lib/python3.9/site-packages/airflow/example_dags/tutorial.py
[2023-03-06 23:51:24,476] {processor.py:651} INFO - DAG(s) dict_keys(['tutorial']) retrieved from /home/gabriel/Documents/projetos/apache-airflow/alura-apache-airflow-orquestrando-primeiro-pipeline-dados/airflow-alura/venv/lib/python3.9/site-packages/airflow/example_dags/tutorial.py
[2023-03-06 23:51:24,495] {logging_mixin.py:115} INFO - [2023-03-06 23:51:24,495] {dag.py:2379} INFO - Sync 1 DAGs
[2023-03-06 23:51:24,509] {logging_mixin.py:115} INFO - [2023-03-06 23:51:24,509] {dag.py:2927} INFO - Setting next_dagrun for tutorial to 2023-03-06T02:51:24.509250+00:00, run_after=2023-03-07T02:51:24.509250+00:00
[2023-03-06 23:51:24,521] {processor.py:161} INFO - Processing /home/gabriel/Documents/projetos/apache-airflow/alura-apache-airflow-orquestrando-primeiro-pipeline-dados/airflow-alura/venv/lib/python3.9/site-packages/airflow/example_dags/tutorial.py took 0.075 seconds
[2023-03-06 23:51:59,758] {processor.py:153} INFO - Started process (PID=22043) to work on /home/gabriel/Documents/projetos/apache-airflow/alura-apache-airflow-orquestrando-primeiro-pipeline-dados/airflow-alura/venv/lib/python3.9/site-packages/airflow/example_dags/tutorial.py
[2023-03-06 23:51:59,760] {processor.py:641} INFO - Processing file /home/gabriel/Documents/projetos/apache-airflow/alura-apache-airflow-orquestrando-primeiro-pipeline-dados/airflow-alura/venv/lib/python3.9/site-packages/airflow/example_dags/tutorial.py for tasks to queue
[2023-03-06 23:51:59,762] {logging_mixin.py:115} INFO - [2023-03-06 23:51:59,762] {dagbag.py:507} INFO - Filling up the DagBag from /home/gabriel/Documents/projetos/apache-airflow/alura-apache-airflow-orquestrando-primeiro-pipeline-dados/airflow-alura/venv/lib/python3.9/site-packages/airflow/example_dags/tutorial.py
[2023-03-06 23:51:59,782] {processor.py:651} INFO - DAG(s) dict_keys(['tutorial']) retrieved from /home/gabriel/Documents/projetos/apache-airflow/alura-apache-airflow-orquestrando-primeiro-pipeline-dados/airflow-alura/venv/lib/python3.9/site-packages/airflow/example_dags/tutorial.py
[2023-03-06 23:51:59,803] {logging_mixin.py:115} INFO - [2023-03-06 23:51:59,803] {dag.py:2379} INFO - Sync 1 DAGs
[2023-03-06 23:51:59,820] {logging_mixin.py:115} INFO - [2023-03-06 23:51:59,820] {dag.py:2927} INFO - Setting next_dagrun for tutorial to 2023-03-06T02:51:59.820479+00:00, run_after=2023-03-07T02:51:59.820479+00:00
[2023-03-06 23:51:59,846] {processor.py:161} INFO - Processing /home/gabriel/Documents/projetos/apache-airflow/alura-apache-airflow-orquestrando-primeiro-pipeline-dados/airflow-alura/venv/lib/python3.9/site-packages/airflow/example_dags/tutorial.py took 0.097 seconds
[2023-03-06 23:52:36,056] {processor.py:153} INFO - Started process (PID=22194) to work on /home/gabriel/Documents/projetos/apache-airflow/alura-apache-airflow-orquestrando-primeiro-pipeline-dados/airflow-alura/venv/lib/python3.9/site-packages/airflow/example_dags/tutorial.py
[2023-03-06 23:52:36,059] {processor.py:641} INFO - Processing file /home/gabriel/Documents/projetos/apache-airflow/alura-apache-airflow-orquestrando-primeiro-pipeline-dados/airflow-alura/venv/lib/python3.9/site-packages/airflow/example_dags/tutorial.py for tasks to queue
[2023-03-06 23:52:36,062] {logging_mixin.py:115} INFO - [2023-03-06 23:52:36,062] {dagbag.py:507} INFO - Filling up the DagBag from /home/gabriel/Documents/projetos/apache-airflow/alura-apache-airflow-orquestrando-primeiro-pipeline-dados/airflow-alura/venv/lib/python3.9/site-packages/airflow/example_dags/tutorial.py
[2023-03-06 23:52:36,084] {processor.py:651} INFO - DAG(s) dict_keys(['tutorial']) retrieved from /home/gabriel/Documents/projetos/apache-airflow/alura-apache-airflow-orquestrando-primeiro-pipeline-dados/airflow-alura/venv/lib/python3.9/site-packages/airflow/example_dags/tutorial.py
[2023-03-06 23:52:36,133] {logging_mixin.py:115} INFO - [2023-03-06 23:52:36,133] {dag.py:2379} INFO - Sync 1 DAGs
[2023-03-06 23:52:36,154] {logging_mixin.py:115} INFO - [2023-03-06 23:52:36,153] {dag.py:2927} INFO - Setting next_dagrun for tutorial to 2023-03-06T02:52:36.153756+00:00, run_after=2023-03-07T02:52:36.153756+00:00
[2023-03-06 23:52:36,176] {processor.py:161} INFO - Processing /home/gabriel/Documents/projetos/apache-airflow/alura-apache-airflow-orquestrando-primeiro-pipeline-dados/airflow-alura/venv/lib/python3.9/site-packages/airflow/example_dags/tutorial.py took 0.133 seconds
[2023-03-06 23:53:10,081] {processor.py:153} INFO - Started process (PID=22245) to work on /home/gabriel/Documents/projetos/apache-airflow/alura-apache-airflow-orquestrando-primeiro-pipeline-dados/airflow-alura/venv/lib/python3.9/site-packages/airflow/example_dags/tutorial.py
[2023-03-06 23:53:10,083] {processor.py:641} INFO - Processing file /home/gabriel/Documents/projetos/apache-airflow/alura-apache-airflow-orquestrando-primeiro-pipeline-dados/airflow-alura/venv/lib/python3.9/site-packages/airflow/example_dags/tutorial.py for tasks to queue
[2023-03-06 23:53:10,084] {logging_mixin.py:115} INFO - [2023-03-06 23:53:10,084] {dagbag.py:507} INFO - Filling up the DagBag from /home/gabriel/Documents/projetos/apache-airflow/alura-apache-airflow-orquestrando-primeiro-pipeline-dados/airflow-alura/venv/lib/python3.9/site-packages/airflow/example_dags/tutorial.py
[2023-03-06 23:53:10,093] {processor.py:651} INFO - DAG(s) dict_keys(['tutorial']) retrieved from /home/gabriel/Documents/projetos/apache-airflow/alura-apache-airflow-orquestrando-primeiro-pipeline-dados/airflow-alura/venv/lib/python3.9/site-packages/airflow/example_dags/tutorial.py
[2023-03-06 23:53:10,108] {logging_mixin.py:115} INFO - [2023-03-06 23:53:10,108] {dag.py:2379} INFO - Sync 1 DAGs
[2023-03-06 23:53:10,120] {logging_mixin.py:115} INFO - [2023-03-06 23:53:10,120] {dag.py:2927} INFO - Setting next_dagrun for tutorial to 2023-03-06T02:53:10.120500+00:00, run_after=2023-03-07T02:53:10.120500+00:00
[2023-03-06 23:53:10,133] {processor.py:161} INFO - Processing /home/gabriel/Documents/projetos/apache-airflow/alura-apache-airflow-orquestrando-primeiro-pipeline-dados/airflow-alura/venv/lib/python3.9/site-packages/airflow/example_dags/tutorial.py took 0.059 seconds
[2023-03-06 23:53:43,546] {processor.py:153} INFO - Started process (PID=22294) to work on /home/gabriel/Documents/projetos/apache-airflow/alura-apache-airflow-orquestrando-primeiro-pipeline-dados/airflow-alura/venv/lib/python3.9/site-packages/airflow/example_dags/tutorial.py
[2023-03-06 23:53:43,550] {processor.py:641} INFO - Processing file /home/gabriel/Documents/projetos/apache-airflow/alura-apache-airflow-orquestrando-primeiro-pipeline-dados/airflow-alura/venv/lib/python3.9/site-packages/airflow/example_dags/tutorial.py for tasks to queue
[2023-03-06 23:53:43,553] {logging_mixin.py:115} INFO - [2023-03-06 23:53:43,552] {dagbag.py:507} INFO - Filling up the DagBag from /home/gabriel/Documents/projetos/apache-airflow/alura-apache-airflow-orquestrando-primeiro-pipeline-dados/airflow-alura/venv/lib/python3.9/site-packages/airflow/example_dags/tutorial.py
[2023-03-06 23:53:43,571] {processor.py:651} INFO - DAG(s) dict_keys(['tutorial']) retrieved from /home/gabriel/Documents/projetos/apache-airflow/alura-apache-airflow-orquestrando-primeiro-pipeline-dados/airflow-alura/venv/lib/python3.9/site-packages/airflow/example_dags/tutorial.py
[2023-03-06 23:53:43,597] {logging_mixin.py:115} INFO - [2023-03-06 23:53:43,597] {dag.py:2379} INFO - Sync 1 DAGs
[2023-03-06 23:53:43,617] {logging_mixin.py:115} INFO - [2023-03-06 23:53:43,617] {dag.py:2927} INFO - Setting next_dagrun for tutorial to 2023-03-06T02:53:43.617362+00:00, run_after=2023-03-07T02:53:43.617362+00:00
[2023-03-06 23:53:43,633] {processor.py:161} INFO - Processing /home/gabriel/Documents/projetos/apache-airflow/alura-apache-airflow-orquestrando-primeiro-pipeline-dados/airflow-alura/venv/lib/python3.9/site-packages/airflow/example_dags/tutorial.py took 0.100 seconds
