[2023-03-10 08:51:51,682] {taskinstance.py:1159} INFO - Dependencies all met for <TaskInstance: meu_primeiro_dag.cria_pasta scheduled__2023-03-09T00:00:00+00:00 [queued]>
[2023-03-10 08:51:51,689] {taskinstance.py:1159} INFO - Dependencies all met for <TaskInstance: meu_primeiro_dag.cria_pasta scheduled__2023-03-09T00:00:00+00:00 [queued]>
[2023-03-10 08:51:51,689] {taskinstance.py:1356} INFO - 
--------------------------------------------------------------------------------
[2023-03-10 08:51:51,689] {taskinstance.py:1357} INFO - Starting attempt 1 of 1
[2023-03-10 08:51:51,689] {taskinstance.py:1358} INFO - 
--------------------------------------------------------------------------------
[2023-03-10 08:51:51,709] {taskinstance.py:1377} INFO - Executing <Task(BashOperator): cria_pasta> on 2023-03-09 00:00:00+00:00
[2023-03-10 08:51:51,712] {standard_task_runner.py:52} INFO - Started process 7227 to run task
[2023-03-10 08:51:51,716] {standard_task_runner.py:79} INFO - Running: ['airflow', 'tasks', 'run', 'meu_primeiro_dag', 'cria_pasta', 'scheduled__2023-03-09T00:00:00+00:00', '--job-id', '7', '--raw', '--subdir', 'DAGS_FOLDER/meu_primeiro_dag.py', '--cfg-path', '/tmp/tmpp64lnyq3', '--error-file', '/tmp/tmpk08g36qo']
[2023-03-10 08:51:51,717] {standard_task_runner.py:80} INFO - Job 7: Subtask cria_pasta
[2023-03-10 08:51:51,758] {task_command.py:370} INFO - Running <TaskInstance: meu_primeiro_dag.cria_pasta scheduled__2023-03-09T00:00:00+00:00 [running]> on host gabriel-yuto
[2023-03-10 08:51:51,807] {taskinstance.py:1569} INFO - Exporting the following env vars:
AIRFLOW_CTX_DAG_OWNER=airflow
AIRFLOW_CTX_DAG_ID=meu_primeiro_dag
AIRFLOW_CTX_TASK_ID=cria_pasta
AIRFLOW_CTX_EXECUTION_DATE=2023-03-09T00:00:00+00:00
AIRFLOW_CTX_TRY_NUMBER=1
AIRFLOW_CTX_DAG_RUN_ID=scheduled__2023-03-09T00:00:00+00:00
[2023-03-10 08:51:51,808] {subprocess.py:62} INFO - Tmp dir root location: 
 /tmp
[2023-03-10 08:51:51,808] {subprocess.py:74} INFO - Running command: ['bash', '-c', 'mkdir -p "/home/gabriel/Documents/projetos/apache-airflow/alura-apache-airflow-orquestrando-primeiro-pipeline-dados/pasta"']
[2023-03-10 08:51:51,816] {subprocess.py:85} INFO - Output:
[2023-03-10 08:51:51,818] {subprocess.py:96} INFO - Command exited with return code 0
[2023-03-10 08:51:51,847] {taskinstance.py:1395} INFO - Marking task as SUCCESS. dag_id=meu_primeiro_dag, task_id=cria_pasta, execution_date=20230309T000000, start_date=20230310T115151, end_date=20230310T115151
[2023-03-10 08:51:51,888] {local_task_job.py:156} INFO - Task exited with return code 0
[2023-03-10 08:51:51,910] {local_task_job.py:273} INFO - 0 downstream tasks scheduled from follow-on schedule check
[2023-03-10 09:02:34,716] {taskinstance.py:1159} INFO - Dependencies all met for <TaskInstance: meu_primeiro_dag.cria_pasta scheduled__2023-03-09T00:00:00+00:00 [queued]>
[2023-03-10 09:02:34,725] {taskinstance.py:1159} INFO - Dependencies all met for <TaskInstance: meu_primeiro_dag.cria_pasta scheduled__2023-03-09T00:00:00+00:00 [queued]>
[2023-03-10 09:02:34,725] {taskinstance.py:1356} INFO - 
--------------------------------------------------------------------------------
[2023-03-10 09:02:34,725] {taskinstance.py:1357} INFO - Starting attempt 1 of 1
[2023-03-10 09:02:34,725] {taskinstance.py:1358} INFO - 
--------------------------------------------------------------------------------
[2023-03-10 09:02:34,746] {taskinstance.py:1377} INFO - Executing <Task(BashOperator): cria_pasta> on 2023-03-09 00:00:00+00:00
[2023-03-10 09:02:34,748] {standard_task_runner.py:52} INFO - Started process 9702 to run task
[2023-03-10 09:02:34,751] {standard_task_runner.py:79} INFO - Running: ['airflow', 'tasks', 'run', 'meu_primeiro_dag', 'cria_pasta', 'scheduled__2023-03-09T00:00:00+00:00', '--job-id', '13', '--raw', '--subdir', 'DAGS_FOLDER/meu_primeiro_dag.py', '--cfg-path', '/tmp/tmpo16p3qxj', '--error-file', '/tmp/tmpiy_mfkb9']
[2023-03-10 09:02:34,752] {standard_task_runner.py:80} INFO - Job 13: Subtask cria_pasta
[2023-03-10 09:02:34,798] {task_command.py:370} INFO - Running <TaskInstance: meu_primeiro_dag.cria_pasta scheduled__2023-03-09T00:00:00+00:00 [running]> on host gabriel-yuto
[2023-03-10 09:02:34,856] {taskinstance.py:1569} INFO - Exporting the following env vars:
AIRFLOW_CTX_DAG_OWNER=airflow
AIRFLOW_CTX_DAG_ID=meu_primeiro_dag
AIRFLOW_CTX_TASK_ID=cria_pasta
AIRFLOW_CTX_EXECUTION_DATE=2023-03-09T00:00:00+00:00
AIRFLOW_CTX_TRY_NUMBER=1
AIRFLOW_CTX_DAG_RUN_ID=scheduled__2023-03-09T00:00:00+00:00
[2023-03-10 09:02:34,857] {subprocess.py:62} INFO - Tmp dir root location: 
 /tmp
[2023-03-10 09:02:34,857] {subprocess.py:74} INFO - Running command: ['bash', '-c', 'mkdir -p "/home/gabriel/Documents/projetos/apache-airflow/alura-apache-airflow-orquestrando-primeiro-pipeline-dados/pasta=2023-03-10T00:00:00+00:00"']
[2023-03-10 09:02:34,864] {subprocess.py:85} INFO - Output:
[2023-03-10 09:02:34,867] {subprocess.py:96} INFO - Command exited with return code 0
[2023-03-10 09:02:34,892] {taskinstance.py:1395} INFO - Marking task as SUCCESS. dag_id=meu_primeiro_dag, task_id=cria_pasta, execution_date=20230309T000000, start_date=20230310T120234, end_date=20230310T120234
[2023-03-10 09:02:34,923] {local_task_job.py:156} INFO - Task exited with return code 0
[2023-03-10 09:02:34,943] {local_task_job.py:273} INFO - 0 downstream tasks scheduled from follow-on schedule check
