[2023-03-10 09:02:32,854] {taskinstance.py:1159} INFO - Dependencies all met for <TaskInstance: meu_primeiro_dag.cria_pasta scheduled__2023-03-08T00:00:00+00:00 [queued]>
[2023-03-10 09:02:32,862] {taskinstance.py:1159} INFO - Dependencies all met for <TaskInstance: meu_primeiro_dag.cria_pasta scheduled__2023-03-08T00:00:00+00:00 [queued]>
[2023-03-10 09:02:32,862] {taskinstance.py:1356} INFO - 
--------------------------------------------------------------------------------
[2023-03-10 09:02:32,862] {taskinstance.py:1357} INFO - Starting attempt 1 of 1
[2023-03-10 09:02:32,862] {taskinstance.py:1358} INFO - 
--------------------------------------------------------------------------------
[2023-03-10 09:02:32,880] {taskinstance.py:1377} INFO - Executing <Task(BashOperator): cria_pasta> on 2023-03-08 00:00:00+00:00
[2023-03-10 09:02:32,883] {standard_task_runner.py:52} INFO - Started process 9696 to run task
[2023-03-10 09:02:32,886] {standard_task_runner.py:79} INFO - Running: ['airflow', 'tasks', 'run', 'meu_primeiro_dag', 'cria_pasta', 'scheduled__2023-03-08T00:00:00+00:00', '--job-id', '12', '--raw', '--subdir', 'DAGS_FOLDER/meu_primeiro_dag.py', '--cfg-path', '/tmp/tmpopb92h0_', '--error-file', '/tmp/tmpmrjoa_4v']
[2023-03-10 09:02:32,887] {standard_task_runner.py:80} INFO - Job 12: Subtask cria_pasta
[2023-03-10 09:02:32,930] {task_command.py:370} INFO - Running <TaskInstance: meu_primeiro_dag.cria_pasta scheduled__2023-03-08T00:00:00+00:00 [running]> on host gabriel-yuto
[2023-03-10 09:02:32,985] {taskinstance.py:1569} INFO - Exporting the following env vars:
AIRFLOW_CTX_DAG_OWNER=airflow
AIRFLOW_CTX_DAG_ID=meu_primeiro_dag
AIRFLOW_CTX_TASK_ID=cria_pasta
AIRFLOW_CTX_EXECUTION_DATE=2023-03-08T00:00:00+00:00
AIRFLOW_CTX_TRY_NUMBER=1
AIRFLOW_CTX_DAG_RUN_ID=scheduled__2023-03-08T00:00:00+00:00
[2023-03-10 09:02:32,986] {subprocess.py:62} INFO - Tmp dir root location: 
 /tmp
[2023-03-10 09:02:32,986] {subprocess.py:74} INFO - Running command: ['bash', '-c', 'mkdir -p "/home/gabriel/Documents/projetos/apache-airflow/alura-apache-airflow-orquestrando-primeiro-pipeline-dados/pasta=2023-03-09T00:00:00+00:00"']
[2023-03-10 09:02:32,993] {subprocess.py:85} INFO - Output:
[2023-03-10 09:02:32,995] {subprocess.py:96} INFO - Command exited with return code 0
[2023-03-10 09:02:33,017] {taskinstance.py:1395} INFO - Marking task as SUCCESS. dag_id=meu_primeiro_dag, task_id=cria_pasta, execution_date=20230308T000000, start_date=20230310T120232, end_date=20230310T120233
[2023-03-10 09:02:33,058] {local_task_job.py:156} INFO - Task exited with return code 0
[2023-03-10 09:02:33,080] {local_task_job.py:273} INFO - 0 downstream tasks scheduled from follow-on schedule check
